This is pdfTeX, Version 3.1415926-2.3-1.40.12 (MiKTeX 2.9) (preloaded format=pdflatex 2018.4.15)  2 AUG 2019 10:56
entering extended mode
**F:/mypapers/DRT/DRTPaper/DRT4WS(V22)/DRT4WS.tex
(F:/mypapers/DRT/DRTPaper/DRT4WS(V22)/DRT4WS.tex
LaTeX2e <2011/06/27>
Babel <v3.8m> and hyphenation patterns for loaded.
(F:\mypapers\DRT\DRTPaper\DRT4WS(V22)\IEEEtran.cls
Document Class: IEEEtran 2015/08/26 V1.8b by Michael Shell
-- See the "IEEEtran_HOWTO" manual for usage information.
-- http://www.michaelshell.org/tex/ieeetran/
\@IEEEtrantmpdimenA=\dimen102
\@IEEEtrantmpdimenB=\dimen103
\@IEEEtrantmpdimenC=\dimen104
\@IEEEtrantmpcountA=\count79
\@IEEEtrantmpcountB=\count80
\@IEEEtrantmpcountC=\count81
\@IEEEtrantmptoksA=\toks14
LaTeX Font Info:    Try loading font information for OT1+ppl on input line 503.

(G:\latex\CTEX\MiKTeX\tex\latex\psnfss\ot1ppl.fd
File: ot1ppl.fd 2001/06/04 font definitions for OT1/ppl.
)
-- Using IEEE Computer Society mode.
-- Using 8.5in x 11in (letter) paper.
-- Using PDF output.
\@IEEEnormalsizeunitybaselineskip=\dimen105
-- This is a 10 point document.
\CLASSINFOnormalsizebaselineskip=\dimen106
\CLASSINFOnormalsizeunitybaselineskip=\dimen107
\IEEEnormaljot=\dimen108
LaTeX Font Info:    Font shape `OT1/ppl/bx/n' in size <5.01874> not available
(Font)              Font shape `OT1/ppl/b/n' tried instead on input line 1090.
LaTeX Font Info:    Font shape `OT1/ppl/bx/it' in size <5.01874> not available
(Font)              Font shape `OT1/ppl/b/it' tried instead on input line 1090.

LaTeX Font Info:    Font shape `OT1/ppl/bx/n' in size <7.02625> not available
(Font)              Font shape `OT1/ppl/b/n' tried instead on input line 1090.
LaTeX Font Info:    Font shape `OT1/ppl/bx/it' in size <7.02625> not available
(Font)              Font shape `OT1/ppl/b/it' tried instead on input line 1090.

LaTeX Font Info:    Font shape `OT1/ppl/bx/n' in size <8.03> not available
(Font)              Font shape `OT1/ppl/b/n' tried instead on input line 1090.
LaTeX Font Info:    Font shape `OT1/ppl/bx/it' in size <8.03> not available
(Font)              Font shape `OT1/ppl/b/it' tried instead on input line 1090.

LaTeX Font Info:    Font shape `OT1/ppl/bx/n' in size <9.03374> not available
(Font)              Font shape `OT1/ppl/b/n' tried instead on input line 1090.
LaTeX Font Info:    Font shape `OT1/ppl/bx/it' in size <9.03374> not available
(Font)              Font shape `OT1/ppl/b/it' tried instead on input line 1090.

LaTeX Font Info:    Font shape `OT1/ppl/bx/n' in size <9.53561> not available
(Font)              Font shape `OT1/ppl/b/n' tried instead on input line 1090.
LaTeX Font Info:    Font shape `OT1/ppl/bx/it' in size <9.53561> not available
(Font)              Font shape `OT1/ppl/b/it' tried instead on input line 1090.

LaTeX Font Info:    Font shape `OT1/ppl/bx/n' in size <11.04124> not available
(Font)              Font shape `OT1/ppl/b/n' tried instead on input line 1090.
LaTeX Font Info:    Font shape `OT1/ppl/bx/it' in size <11.04124> not available

(Font)              Font shape `OT1/ppl/b/it' tried instead on input line 1090.

LaTeX Font Info:    Font shape `OT1/ppl/bx/n' in size <12.045> not available
(Font)              Font shape `OT1/ppl/b/n' tried instead on input line 1090.
LaTeX Font Info:    Font shape `OT1/ppl/bx/it' in size <12.045> not available
(Font)              Font shape `OT1/ppl/b/it' tried instead on input line 1090.

LaTeX Font Info:    Font shape `OT1/ppl/bx/n' in size <17.06374> not available
(Font)              Font shape `OT1/ppl/b/n' tried instead on input line 1090.
LaTeX Font Info:    Font shape `OT1/ppl/bx/it' in size <17.06374> not available

(Font)              Font shape `OT1/ppl/b/it' tried instead on input line 1090.

LaTeX Font Info:    Font shape `OT1/ppl/bx/n' in size <20.075> not available
(Font)              Font shape `OT1/ppl/b/n' tried instead on input line 1090.
LaTeX Font Info:    Font shape `OT1/ppl/bx/it' in size <20.075> not available
(Font)              Font shape `OT1/ppl/b/it' tried instead on input line 1090.

LaTeX Font Info:    Font shape `OT1/ppl/bx/n' in size <24.09> not available
(Font)              Font shape `OT1/ppl/b/n' tried instead on input line 1090.
LaTeX Font Info:    Font shape `OT1/ppl/bx/it' in size <24.09> not available
(Font)              Font shape `OT1/ppl/b/it' tried instead on input line 1090.

\IEEEquantizedlength=\dimen109
\IEEEquantizedlengthdiff=\dimen110
\IEEEquantizedtextheightdiff=\dimen111
\IEEEilabelindentA=\dimen112
\IEEEilabelindentB=\dimen113
\IEEEilabelindent=\dimen114
\IEEEelabelindent=\dimen115
\IEEEdlabelindent=\dimen116
\IEEElabelindent=\dimen117
\IEEEiednormlabelsep=\dimen118
\IEEEiedmathlabelsep=\dimen119
\IEEEiedtopsep=\skip41
\c@section=\count82
\c@subsection=\count83
\c@subsubsection=\count84
\c@paragraph=\count85
\c@IEEEsubequation=\count86
\abovecaptionskip=\skip42
\belowcaptionskip=\skip43
\c@figure=\count87
\c@table=\count88
\@IEEEeqnnumcols=\count89
\@IEEEeqncolcnt=\count90
\@IEEEsubeqnnumrollback=\count91
\@IEEEquantizeheightA=\dimen120
\@IEEEquantizeheightB=\dimen121
\@IEEEquantizeheightC=\dimen122
\@IEEEquantizeprevdepth=\dimen123
\@IEEEquantizemultiple=\count92
\@IEEEquantizeboxA=\box26
\@IEEEtmpitemindent=\dimen124
\IEEEPARstartletwidth=\dimen125
\c@IEEEbiography=\count93
\@IEEEtranrubishbin=\box27
) (G:\latex\CTEX\MiKTeX\tex\latex\tools\enumerate.sty
Package: enumerate 1999/03/05 v3.00 enumerate extensions (DPC)
\@enLab=\toks15
)
(G:\latex\CTEX\MiKTeX\tex\latex\cite\cite.sty
LaTeX Info: Redefining \cite on input line 302.
LaTeX Info: Redefining \nocite on input line 373.
Package: cite 2010/09/10  v 5.3
)
(G:\latex\CTEX\MiKTeX\tex\latex\ams\math\amsmath.sty
Package: amsmath 2000/07/18 v2.13 AMS math features
\@mathmargin=\skip44

For additional information on amsmath, use the `?' option.
(G:\latex\CTEX\MiKTeX\tex\latex\ams\math\amstext.sty
Package: amstext 2000/06/29 v2.01

(G:\latex\CTEX\MiKTeX\tex\latex\ams\math\amsgen.sty
File: amsgen.sty 1999/11/30 v2.0
\@emptytoks=\toks16
\ex@=\dimen126
))
(G:\latex\CTEX\MiKTeX\tex\latex\ams\math\amsbsy.sty
Package: amsbsy 1999/11/29 v1.2d
\pmbraise@=\dimen127
)
(G:\latex\CTEX\MiKTeX\tex\latex\ams\math\amsopn.sty
Package: amsopn 1999/12/14 v2.01 operator names
)
\inf@bad=\count94
LaTeX Info: Redefining \frac on input line 211.
\uproot@=\count95
\leftroot@=\count96
LaTeX Info: Redefining \overline on input line 307.
\classnum@=\count97
\DOTSCASE@=\count98
LaTeX Info: Redefining \ldots on input line 379.
LaTeX Info: Redefining \dots on input line 382.
LaTeX Info: Redefining \cdots on input line 467.
\Mathstrutbox@=\box28
\strutbox@=\box29
\big@size=\dimen128
LaTeX Font Info:    Redeclaring font encoding OML on input line 567.
LaTeX Font Info:    Redeclaring font encoding OMS on input line 568.
\macc@depth=\count99
\c@MaxMatrixCols=\count100
\dotsspace@=\muskip10
\c@parentequation=\count101
\dspbrk@lvl=\count102
\tag@help=\toks17
\row@=\count103
\column@=\count104
\maxfields@=\count105
\andhelp@=\toks18
\eqnshift@=\dimen129
\alignsep@=\dimen130
\tagshift@=\dimen131
\tagwidth@=\dimen132
\totwidth@=\dimen133
\lineht@=\dimen134
\@envbody=\toks19
\multlinegap=\skip45
\multlinetaggap=\skip46
\mathdisplay@stack=\toks20
LaTeX Info: Redefining \[ on input line 2666.
LaTeX Info: Redefining \] on input line 2667.
)
(G:\latex\CTEX\MiKTeX\tex\latex\algorithms\algorithm.sty
Package: algorithm 2009/08/24 v0.1 Document Style `algorithm' - floating enviro
nment

(G:\latex\CTEX\MiKTeX\tex\latex\float\float.sty
Package: float 2001/11/08 v1.3d Float enhancements (AL)
\c@float@type=\count106
\float@exts=\toks21
\float@box=\box30
\@float@everytoks=\toks22
\@floatcapt=\box31
)
(G:\latex\CTEX\MiKTeX\tex\latex\base\ifthen.sty
Package: ifthen 2001/05/26 v1.1c Standard LaTeX ifthen package (DPC)
)
\@float@every@algorithm=\toks23
\c@algorithm=\count107
)
(G:\latex\CTEX\MiKTeX\tex\latex\algorithms\algorithmic.sty
Package: algorithmic 2009/08/24 v0.1 Document Style `algorithmic'

(G:\latex\CTEX\MiKTeX\tex\latex\graphics\keyval.sty
Package: keyval 1999/03/16 v1.13 key=value parser (DPC)
\KV@toks@=\toks24
)
\c@ALC@unique=\count108
\c@ALC@line=\count109
\c@ALC@rem=\count110
\c@ALC@depth=\count111
\ALC@tlm=\skip47
\algorithmicindent=\skip48
)
(G:\latex\CTEX\MiKTeX\tex\latex\graphics\graphicx.sty
Package: graphicx 1999/02/16 v1.0f Enhanced LaTeX Graphics (DPC,SPQR)

(G:\latex\CTEX\MiKTeX\tex\latex\graphics\graphics.sty
Package: graphics 2009/02/05 v1.0o Standard LaTeX Graphics (DPC,SPQR)

(G:\latex\CTEX\MiKTeX\tex\latex\graphics\trig.sty
Package: trig 1999/03/16 v1.09 sin cos tan (DPC)
)
(G:\latex\CTEX\MiKTeX\tex\latex\00miktex\graphics.cfg
File: graphics.cfg 2007/01/18 v1.5 graphics configuration of teTeX/TeXLive
)
Package graphics Info: Driver file: pdftex.def on input line 91.

(G:\latex\CTEX\MiKTeX\tex\latex\pdftex-def\pdftex.def
File: pdftex.def 2011/05/27 v0.06d Graphics/color for pdfTeX

(G:\latex\CTEX\MiKTeX\tex\generic\oberdiek\infwarerr.sty
Package: infwarerr 2010/04/08 v1.3 Providing info/warning/message (HO)
)
(G:\latex\CTEX\MiKTeX\tex\generic\oberdiek\ltxcmds.sty
Package: ltxcmds 2011/04/18 v1.20 LaTeX kernel commands for general use (HO)
)
\Gread@gobject=\count112
))
\Gin@req@height=\dimen135
\Gin@req@width=\dimen136
)
(G:\latex\CTEX\MiKTeX\tex\latex\multirow\multirow.sty
\bigstrutjot=\dimen137
)
(G:\latex\CTEX\MiKTeX\tex\latex\subfigure\subfigure.sty
Package: subfigure 2002/07/30 v2.1.4 subfigure package
\subfigtopskip=\skip49
\subfigcapskip=\skip50
\subfigcaptopadj=\dimen138
\subfigbottomskip=\skip51
\subfigcapmargin=\dimen139
\subfiglabelskip=\skip52
\c@subfigure=\count113
\c@lofdepth=\count114
\c@subtable=\count115
\c@lotdepth=\count116

****************************************
* Local config file subfigure.cfg used *
****************************************
(G:\latex\CTEX\MiKTeX\tex\latex\subfigure\subfigure.cfg)
\subfig@top=\skip53
\subfig@bottom=\skip54
)
(G:\latex\CTEX\MiKTeX\tex\latex\amsfonts\amssymb.sty
Package: amssymb 2009/06/22 v3.00

(G:\latex\CTEX\MiKTeX\tex\latex\amsfonts\amsfonts.sty
Package: amsfonts 2009/06/22 v3.00 Basic AMSFonts support
\symAMSa=\mathgroup4
\symAMSb=\mathgroup5
LaTeX Font Info:    Overwriting math alphabet `\mathfrak' in version `bold'
(Font)                  U/euf/m/n --> U/euf/b/n on input line 96.
))
(G:\latex\CTEX\MiKTeX\tex\latex\ulem\ulem.sty
\UL@box=\box32
\UL@hyphenbox=\box33
\UL@skip=\skip55
\UL@hook=\toks25
\UL@height=\dimen140
\UL@pe=\count117
\UL@pixel=\dimen141
\ULC@box=\box34
Package: ulem 2011/03/18
\ULdepth=\dimen142
)
(G:\latex\CTEX\MiKTeX\tex\latex\graphics\color.sty
Package: color 2005/11/14 v1.0j Standard LaTeX Color (DPC)

(G:\latex\CTEX\MiKTeX\tex\latex\00miktex\color.cfg
File: color.cfg 2007/01/18 v1.5 color configuration of teTeX/TeXLive
)
Package color Info: Driver file: pdftex.def on input line 130.
)
(G:\latex\CTEX\MiKTeX\tex\latex\booktabs\booktabs.sty
Package: booktabs 2005/04/14 v1.61803 publication quality tables
\heavyrulewidth=\dimen143
\lightrulewidth=\dimen144
\cmidrulewidth=\dimen145
\belowrulesep=\dimen146
\belowbottomsep=\dimen147
\aboverulesep=\dimen148
\abovetopsep=\dimen149
\cmidrulesep=\dimen150
\cmidrulekern=\dimen151
\defaultaddspace=\dimen152
\@cmidla=\count118
\@cmidlb=\count119
\@aboverulesep=\dimen153
\@belowrulesep=\dimen154
\@thisruleclass=\count120
\@lastruleclass=\count121
\@thisrulewidth=\dimen155
)
(F:\mypapers\DRT\DRTPaper\DRT4WS(V22)\DRT4WS.aux

LaTeX Warning: Label `sec:conclusion' multiply defined.

)
LaTeX Font Info:    Checking defaults for OML/cmm/m/it on input line 19.
LaTeX Font Info:    ... okay on input line 19.
LaTeX Font Info:    Checking defaults for T1/cmr/m/n on input line 19.
LaTeX Font Info:    ... okay on input line 19.
LaTeX Font Info:    Checking defaults for OT1/cmr/m/n on input line 19.
LaTeX Font Info:    ... okay on input line 19.
LaTeX Font Info:    Checking defaults for OMS/cmsy/m/n on input line 19.
LaTeX Font Info:    ... okay on input line 19.
LaTeX Font Info:    Checking defaults for OMX/cmex/m/n on input line 19.
LaTeX Font Info:    ... okay on input line 19.
LaTeX Font Info:    Checking defaults for U/cmr/m/n on input line 19.
LaTeX Font Info:    ... okay on input line 19.

-- Lines per column: 61 (exact).
(G:\latex\CTEX\MiKTeX\tex\context\base\supp-pdf.mkii
[Loading MPS to PDF converter (version 2006.09.02).]
\scratchcounter=\count122
\scratchdimen=\dimen156
\scratchbox=\box35
\nofMPsegments=\count123
\nofMParguments=\count124
\everyMPshowfont=\toks26
\MPscratchCnt=\count125
\MPscratchDim=\dimen157
\MPnumerator=\count126
\makeMPintoPDFobject=\count127
\everyMPtoPDFconversion=\toks27
)
LaTeX Font Info:    Try loading font information for OT1+phv on input line 51.
 (G:\latex\CTEX\MiKTeX\tex\latex\psnfss\ot1phv.fd
File: ot1phv.fd 2001/06/04 scalable font definitions for OT1/phv.
)
LaTeX Font Info:    Font shape `OT1/phv/m/it' in size <11.04124> not available
(Font)              Font shape `OT1/phv/m/sl' tried instead on input line 51.
LaTeX Font Info:    Font shape `OT1/phv/bx/n' in size <8.03> not available
(Font)              Font shape `OT1/phv/b/n' tried instead on input line 51.
LaTeX Font Info:    Calculating math sizes for size <11.04124> on input line 51
.
LaTeX Font Info:    Try loading font information for U+msa on input line 51.

(G:\latex\CTEX\MiKTeX\tex\latex\amsfonts\umsa.fd
File: umsa.fd 2009/06/22 v3.00 AMS symbols A
)
LaTeX Font Info:    Try loading font information for U+msb on input line 51.

(G:\latex\CTEX\MiKTeX\tex\latex\amsfonts\umsb.fd
File: umsb.fd 2009/06/22 v3.00 AMS symbols B
)
LaTeX Font Info:    Try loading font information for U+pzd on input line 51.

(G:\latex\CTEX\MiKTeX\tex\latex\psnfss\upzd.fd
File: upzd.fd 2001/06/04 font definitions for U/pzd.
)
Underfull \hbox (badness 5862) in paragraph at lines 51--51
[][]\OT1/ppl/m/it/8.03 D. Towey is with the School of Com-put-er Sci-ence, U-ni
-ver-si-ty
 []


Underfull \hbox (badness 2057) in paragraph at lines 51--51
\OT1/ppl/m/it/8.03 of Not-ting-ham N-ing-bo Chi-na, N-ing-bo 315100, Chi-na. E-
mail: dav-
 []

LaTeX Font Info:    Font shape `OT1/phv/bx/n' in size <11.04124> not available
(Font)              Font shape `OT1/phv/b/n' tried instead on input line 59.
LaTeX Font Info:    Font shape `OT1/phv/bx/sc' in size <11.04124> not available

(Font)              Font shape `OT1/phv/b/sc' tried instead on input line 59.
[1{G:/latex/CTEX/UserData/pdftex/config/pdftex.map{Unicode.sfd}{UGBK.sfd}}


]
LaTeX Font Info:    Calculating math sizes for size <9.53561> on input line 105
.
LaTeX Font Info:    Font shape `OT1/phv/bx/n' in size <9.53561> not available
(Font)              Font shape `OT1/phv/b/n' tried instead on input line 126.

[2]

LaTeX Warning: No positions in optional float specifier.
               Default added (so using `tbp') on input line 254.

<fig//framework.pdf, id=21, 425.59pt x 190.7125pt>
File: fig//framework.pdf Graphic file (type pdf)
 <use fig//framework.pdf>
Package pdftex.def Info: fig//framework.pdf used on input line 256.
(pdftex.def)             Requested size: 258.9675pt x 116.05217pt.

Overfull \hbox (6.0225pt too wide) in paragraph at lines 256--257
 [][] 
 []

[3 <F:/mypapers/DRT/DRTPaper/DRT4WS(V22)/fig//framework.pdf>]
Underfull \vbox (badness 10000) has occurred while \output is active []


Underfull \hbox (badness 10000) in paragraph at lines 337--345
[]\OT1/ppl/m/n/9.53561 Initially, the test pro-file is
 []


Underfull \hbox (badness 10000) in paragraph at lines 337--345
$\OMS/cmsy/m/n/10 f[] \OML/cmm/m/it/10 ; [] ; [] ; []\OMS/cmsy/m/n/10 g$\OT1/pp
l/m/n/9.53561 , which, af-ter $\OML/cmm/m/it/10 n$
 []


Underfull \hbox (badness 3078) in paragraph at lines 337--345
\OT1/ppl/m/n/9.53561 test cas-es have been ex-e-cut-ed, is then up-dat-ed to
 []


Underfull \hbox (badness 10000) in paragraph at lines 337--345
$\OMS/cmsy/m/n/10 f[] \OML/cmm/m/it/10 ; [] ; [] ; []\OMS/cmsy/m/n/10 g$\OT1/pp
l/m/n/9.53561 . Dur-ing the test-ing
 []

[4]
\c@lem=\count128
\c@theo=\count129
 <fig/parameter.pdf, id=75, 211.992pt x 184.0476pt>
File: fig/parameter.pdf Graphic file (type pdf)
 <use fig/parameter.pdf>
Package pdftex.def Info: fig/parameter.pdf used on input line 472.
(pdftex.def)             Requested size: 253.79715pt x 227.62129pt.

<fig/partition.pdf, id=76, 297.12526pt x 333.26213pt>
File: fig/partition.pdf Graphic file (type pdf)
 <use fig/partition.pdf>
Package pdftex.def Info: fig/partition.pdf used on input line 473.
(pdftex.def)             Requested size: 253.79991pt x 256.07867pt.

Overfull \hbox (0.85216pt too wide) in paragraph at lines 472--474
 [][] 
 []


Overfull \hbox (0.85492pt too wide) in paragraph at lines 472--474
 [] 
 []

[5]
LaTeX Font Info:    Try loading font information for OT1+pcr on input line 517.

 (G:\latex\CTEX\MiKTeX\tex\latex\psnfss\ot1pcr.fd
File: ot1pcr.fd 2001/06/04 font definitions for OT1/pcr.
)
Underfull \hbox (badness 7344) in paragraph at lines 514--522
\OT1/pcr/m/n/9.53561 Service (ACMS)\OT1/ppl/m/n/9.53561 ; \OT1/pcr/m/n/9.53561 
China Unicom billing service
 []

LaTeX Font Info:    Calculating math sizes for size <8.03> on input line 527.
LaTeX Font Info:    Font shape `OT1/phv/m/it' in size <9.53561> not available
(Font)              Font shape `OT1/phv/m/sl' tried instead on input line 536.
[6 <F:/mypapers/DRT/DRTPaper/DRT4WS(V22)/fig/parameter.pdf> <F:/mypapers/DRT/DR
TPaper/DRT4WS(V22)/fig/partition.pdf>]
Overfull \hbox (13.3525pt too wide) in paragraph at lines 624--634
 [][] 
 []

[7]
Underfull \vbox (badness 10000) has occurred while \output is active []


Underfull \hbox (badness 10000) in paragraph at lines 849--855
$\OT1/cmr/m/n/10 04\OML/cmm/m/it/10 ; \OT1/cmr/m/n/10 1\OML/cmm/m/it/10 :\OT1/c
mr/m/n/10 0\OML/cmm/m/it/10 E$\OT1/ppl/m/n/9.53561 -$\OT1/cmr/m/n/10 03\OML/cmm
/m/it/10 ; \OT1/cmr/m/n/10 5\OML/cmm/m/it/10 :\OT1/cmr/m/n/10 0\OML/cmm/m/it/10
 E$\OT1/ppl/m/n/9.53561 -$\OT1/cmr/m/n/10 03\OML/cmm/m/it/10 ; \OT1/cmr/m/n/10 
1\OML/cmm/m/it/10 :\OT1/cmr/m/n/10 0\OML/cmm/m/it/10 E$\OT1/ppl/m/n/9.53561 -$\
OT1/cmr/m/n/10 02\OML/cmm/m/it/10 ; \OT1/cmr/m/n/10 5\OML/cmm/m/it/10 :\OT1/cmr
/m/n/10 0\OML/cmm/m/it/10 E$\OT1/ppl/m/n/9.53561 -$\OT1/cmr/m/n/10 02\OML/cmm/m
/it/10 ; \OT1/cmr/m/n/10 1\OML/cmm/m/it/10 :\OT1/cmr/m/n/10 0\OML/cmm/m/it/10 E
$\OT1/ppl/m/n/9.53561 -$\OT1/cmr/m/n/10 01\OML/cmm/m/it/10 ; \OT1/cmr/m/n/10 2\
OML/cmm/m/it/10 E$\OT1/ppl/m/n/9.53561 -$\OT1/cmr/m/n/10 01\OML/cmm/m/it/10 ; \
OT1/cmr/m/n/10 3\OML/cmm/m/it/10 E$\OT1/ppl/m/n/9.53561 -
 []

[8] [9] <fig/drtresultbox/acmsFbySun.pdf, id=117, 585.18625pt x 498.86375pt>
File: fig/drtresultbox/acmsFbySun.pdf Graphic file (type pdf)

<use fig/drtresultbox/acmsFbySun.pdf>
Package pdftex.def Info: fig/drtresultbox/acmsFbySun.pdf used on input line 908
.
(pdftex.def)             Requested size: 248.6071pt x 199.16898pt.

<fig/drtresultbox/cubsFbySun.pdf, id=118, 588.1975pt x 498.86375pt>
File: fig/drtresultbox/cubsFbySun.pdf Graphic file (type pdf)

<use fig/drtresultbox/cubsFbySun.pdf>
Package pdftex.def Info: fig/drtresultbox/cubsFbySun.pdf used on input line 909
.
(pdftex.def)             Requested size: 248.60294pt x 199.16898pt.

<fig/drtresultbox/pbsFbySun.pdf, id=119, 588.1975pt x 486.81876pt>
File: fig/drtresultbox/pbsFbySun.pdf Graphic file (type pdf)

<use fig/drtresultbox/pbsFbySun.pdf>
Package pdftex.def Info: fig/drtresultbox/pbsFbySun.pdf used on input line 910.

(pdftex.def)             Requested size: 248.60294pt x 199.16614pt.
 [10]
<fig/drtresultbox/acmsF2bySun.pdf, id=123, 585.18625pt x 486.81876pt>
File: fig/drtresultbox/acmsF2bySun.pdf Graphic file (type pdf)

<use fig/drtresultbox/acmsF2bySun.pdf>
Package pdftex.def Info: fig/drtresultbox/acmsF2bySun.pdf used on input line 91
7.
(pdftex.def)             Requested size: 248.6071pt x 199.16614pt.

<fig/drtresultbox/cubsF2bySun.pdf, id=124, 596.2275pt x 486.81876pt>
File: fig/drtresultbox/cubsF2bySun.pdf Graphic file (type pdf)

<use fig/drtresultbox/cubsF2bySun.pdf>
Package pdftex.def Info: fig/drtresultbox/cubsF2bySun.pdf used on input line 91
8.
(pdftex.def)             Requested size: 248.6034pt x 199.16614pt.

<fig/drtresultbox/pbsF2bySun.pdf, id=125, 588.1975pt x 486.81876pt>
File: fig/drtresultbox/pbsF2bySun.pdf Graphic file (type pdf)

<use fig/drtresultbox/pbsF2bySun.pdf>
Package pdftex.def Info: fig/drtresultbox/pbsF2bySun.pdf used on input line 919
.
(pdftex.def)             Requested size: 248.60294pt x 199.16614pt.

<fig/drtresultbox/acmsTbySun.pdf, id=126, 600.2425pt x 486.81876pt>
File: fig/drtresultbox/acmsTbySun.pdf Graphic file (type pdf)

<use fig/drtresultbox/acmsTbySun.pdf>
Package pdftex.def Info: fig/drtresultbox/acmsTbySun.pdf used on input line 926
.
(pdftex.def)             Requested size: 248.60141pt x 199.16614pt.

<fig/drtresultbox/cubsTbySun.pdf, id=127, 622.325pt x 486.81876pt>
File: fig/drtresultbox/cubsTbySun.pdf Graphic file (type pdf)

<use fig/drtresultbox/cubsTbySun.pdf>
Package pdftex.def Info: fig/drtresultbox/cubsTbySun.pdf used on input line 927
.
(pdftex.def)             Requested size: 248.60272pt x 199.16614pt.

<fig/drtresultbox/pbsTbySun.pdf, id=128, 600.2425pt x 486.81876pt>
File: fig/drtresultbox/pbsTbySun.pdf Graphic file (type pdf)

<use fig/drtresultbox/pbsTbySun.pdf>
Package pdftex.def Info: fig/drtresultbox/pbsTbySun.pdf used on input line 928.

(pdftex.def)             Requested size: 248.60141pt x 199.16614pt.

<fig/drtparemeter/avias1.pdf, id=129, 699.61375pt x 499.8675pt>
File: fig/drtparemeter/avias1.pdf Graphic file (type pdf)

<use fig/drtparemeter/avias1.pdf>
Package pdftex.def Info: fig/drtparemeter/avias1.pdf used on input line 973.
(pdftex.def)             Requested size: 253.7823pt x 142.2654pt.

<fig/drtparemeter/avias2.pdf, id=130, 699.61375pt x 499.8675pt>
File: fig/drtparemeter/avias2.pdf Graphic file (type pdf)

<use fig/drtparemeter/avias2.pdf>
Package pdftex.def Info: fig/drtparemeter/avias2.pdf used on input line 974.
(pdftex.def)             Requested size: 253.7823pt x 142.2654pt.

<fig/drtparemeter/cubss1.pdf, id=131, 722.7pt x 509.905pt>
File: fig/drtparemeter/cubss1.pdf Graphic file (type pdf)

<use fig/drtparemeter/cubss1.pdf>
Package pdftex.def Info: fig/drtparemeter/cubss1.pdf used on input line 975.
(pdftex.def)             Requested size: 253.78687pt x 142.2667pt.

<fig/drtparemeter/cubss2.pdf, id=132, 712.6625pt x 509.905pt>
File: fig/drtparemeter/cubss2.pdf Graphic file (type pdf)

<use fig/drtparemeter/cubss2.pdf>
Package pdftex.def Info: fig/drtparemeter/cubss2.pdf used on input line 976.
(pdftex.def)             Requested size: 253.78534pt x 142.2667pt.

<fig/drtparemeter/pbss1.pdf, id=133, 708.6475pt x 499.8675pt>
File: fig/drtparemeter/pbss1.pdf Graphic file (type pdf)

<use fig/drtparemeter/pbss1.pdf>
Package pdftex.def Info: fig/drtparemeter/pbss1.pdf used on input line 977.
(pdftex.def)             Requested size: 253.7829pt x 142.2654pt.

<fig/drtparemeter/pbss2.pdf, id=134, 708.6475pt x 499.8675pt>
File: fig/drtparemeter/pbss2.pdf Graphic file (type pdf)

<use fig/drtparemeter/pbss2.pdf>
Package pdftex.def Info: fig/drtparemeter/pbss2.pdf used on input line 978.
(pdftex.def)             Requested size: 253.7829pt x 142.2654pt.
 [11 <F:/mypapers/DRT/DRTPaper/DRT4WS(V22)/fig/drtresultbox/acmsFbySun.pdf> <F:
/mypapers/DRT/DRTPaper/DRT4WS(V22)/fig/drtresultbox/cubsFbySun.pdf> <F:/mypaper
s/DRT/DRTPaper/DRT4WS(V22)/fig/drtresultbox/pbsFbySun.pdf>]
Underfull \vbox (badness 6016) has occurred while \output is active []

 [12 <F:/mypapers/DRT/DRTPaper/DRT4WS(V22)/fig/drtparemeter/avias1.pdf> <F:/myp
apers/DRT/DRTPaper/DRT4WS(V22)/fig/drtparemeter/avias2.pdf> <F:/mypapers/DRT/DR
TPaper/DRT4WS(V22)/fig/drtparemeter/cubss1.pdf> <F:/mypapers/DRT/DRTPaper/DRT4W
S(V22)/fig/drtparemeter/cubss2.pdf> <F:/mypapers/DRT/DRTPaper/DRT4WS(V22)/fig/d
rtparemeter/pbss1.pdf> <F:/mypapers/DRT/DRTPaper/DRT4WS(V22)/fig/drtparemeter/p
bss2.pdf>]
[13 <F:/mypapers/DRT/DRTPaper/DRT4WS(V22)/fig/drtresultbox/acmsF2bySun.pdf> <F:
/mypapers/DRT/DRTPaper/DRT4WS(V22)/fig/drtresultbox/cubsF2bySun.pdf> <F:/mypape
rs/DRT/DRTPaper/DRT4WS(V22)/fig/drtresultbox/pbsF2bySun.pdf> <F:/mypapers/DRT/D
RTPaper/DRT4WS(V22)/fig/drtresultbox/acmsTbySun.pdf> <F:/mypapers/DRT/DRTPaper/
DRT4WS(V22)/fig/drtresultbox/cubsTbySun.pdf> <F:/mypapers/DRT/DRTPaper/DRT4WS(V
22)/fig/drtresultbox/pbsTbySun.pdf>] [14]
(F:\mypapers\DRT\DRTPaper\DRT4WS(V22)\DRT4WS.bbl [15]
Missing character: There is no ¡ in font pplr7t!
Missing character: There is no ¡ in font pplri7t!
Missing character: There is no ¯ in font pplri7t!
 [16])

pdfTeX warning: pdflatex.EXE (file F:/mypapers/DRT/DRTPaper/DRT4WS(V22)/fig/aut
hors/CASun.pdf): PDF inclusion: found PDF version <1.6>, but at most version <1
.5> allowed
<fig/authors/CASun.pdf, id=409, 74.43811pt x 99.4917pt>
File: fig/authors/CASun.pdf Graphic file (type pdf)

<use fig/authors/CASun.pdf>
Package pdftex.def Info: fig/authors/CASun.pdf used on input line 1137.
(pdftex.def)             Requested size: 67.59338pt x 90.34325pt.
File: fig/authors/CASun.pdf Graphic file (type pdf)
 <use fig/authors/CASun.pdf>
Package pdftex.def Info: fig/authors/CASun.pdf used on input line 1137.
(pdftex.def)             Requested size: 67.59338pt x 90.34325pt.

<fig/authors/HPDai.jpg, id=412, 296.10625pt x 414.54875pt>
File: fig/authors/HPDai.jpg Graphic file (type jpg)

<use fig/authors/HPDai.jpg>
Package pdftex.def Info: fig/authors/HPDai.jpg used on input line 1142.
(pdftex.def)             Requested size: 64.52457pt x 90.33441pt.
File: fig/authors/HPDai.jpg Graphic file (type jpg)
 <use fig/authors/HPDai.jpg>
Package pdftex.def Info: fig/authors/HPDai.jpg used on input line 1142.
(pdftex.def)             Requested size: 64.52457pt x 90.33441pt.

<fig/authors/GWang.jpg, id=415, 215.30438pt x 263.48438pt>
File: fig/authors/GWang.jpg Graphic file (type jpg)

<use fig/authors/GWang.jpg>
Package pdftex.def Info: fig/authors/GWang.jpg used on input line 1145.
(pdftex.def)             Requested size: 72.2695pt x 88.44168pt.
File: fig/authors/GWang.jpg Graphic file (type jpg)
 <use fig/authors/GWang.jpg>
Package pdftex.def Info: fig/authors/GWang.jpg used on input line 1145.
(pdftex.def)             Requested size: 72.2695pt x 88.44168pt.

<fig/authors/DaveTowey.png, id=418, 876.27374pt x 1044.90375pt>
File: fig/authors/DaveTowey.png Graphic file (type png)

<use fig/authors/DaveTowey.png>
Package pdftex.def Info: fig/authors/DaveTowey.png used on input line 1148.
(pdftex.def)             Requested size: 72.2694pt x 86.17691pt.
File: fig/authors/DaveTowey.png Graphic file (type png)
 <use fig/authors/DaveTowey.png>
Package pdftex.def Info: fig/authors/DaveTowey.png used on input line 1148.
(pdftex.def)             Requested size: 72.2694pt x 86.17691pt.


pdfTeX warning: pdflatex.EXE (file F:/mypapers/DRT/DRTPaper/DRT4WS(V22)/fig/aut
hors/TYChen.pdf): PDF inclusion: found PDF version <1.6>, but at most version <
1.5> allowed
<fig/authors/TYChen.pdf, id=421, 310.15875pt x 371.3875pt>
File: fig/authors/TYChen.pdf Graphic file (type pdf)

<use fig/authors/TYChen.pdf>
Package pdftex.def Info: fig/authors/TYChen.pdf used on input line 1151.
(pdftex.def)             Requested size: 72.26733pt x 86.5337pt.
File: fig/authors/TYChen.pdf Graphic file (type pdf)
 <use fig/authors/TYChen.pdf>
Package pdftex.def Info: fig/authors/TYChen.pdf used on input line 1151.
(pdftex.def)             Requested size: 72.26733pt x 86.5337pt.


pdfTeX warning: pdflatex.EXE (file F:/mypapers/DRT/DRTPaper/DRT4WS(V22)/fig/aut
hors/KYCai.pdf): PDF inclusion: found PDF version <1.6>, but at most version <1
.5> allowed
<fig/authors/KYCai.pdf, id=424, 72.27pt x 101.17801pt>
File: fig/authors/KYCai.pdf Graphic file (type pdf)

<use fig/authors/KYCai.pdf>
Package pdftex.def Info: fig/authors/KYCai.pdf used on input line 1154.
(pdftex.def)             Requested size: 64.5296pt x 90.34146pt.
File: fig/authors/KYCai.pdf Graphic file (type pdf)
 <use fig/authors/KYCai.pdf>
Package pdftex.def Info: fig/authors/KYCai.pdf used on input line 1154.
(pdftex.def)             Requested size: 64.5296pt x 90.34146pt.
 [17 <F:/mypapers/DRT/DRTPaper/DRT4WS(V22)/fig/authors/CASun.pdf> <F:/mypapers/
DRT/DRTPaper/DRT4WS(V22)/fig/authors/HPDai.jpg> <F:/mypapers/DRT/DRTPaper/DRT4W
S(V22)/fig/authors/GWang.jpg> <F:/mypapers/DRT/DRTPaper/DRT4WS(V22)/fig/authors
/DaveTowey.png> <F:/mypapers/DRT/DRTPaper/DRT4WS(V22)/fig/authors/TYChen.pdf> <
F:/mypapers/DRT/DRTPaper/DRT4WS(V22)/fig/authors/KYCai.pdf>]
(F:\mypapers\DRT\DRTPaper\DRT4WS(V22)\DRT4WS.aux)

LaTeX Warning: There were multiply-defined labels.

 ) 
Here is how much of TeX's memory you used:
 4038 strings out of 495354
 58897 string characters out of 3183523
 162228 words of memory out of 3000000
 7094 multiletter control sequences out of 15000+200000
 57078 words of font info for 133 fonts, out of 3000000 for 9000
 17 hyphenation exceptions out of 8191
 29i,15n,34p,2385b,484s stack positions out of 5000i,500n,10000p,200000b,50000s
{G:/latex/CTEX/MiKTeX/fonts/enc/dvips/fontname/8r.enc}<G:/latex/CTEX/MiKTeX/f
onts/type1/public/amsfonts/cm/cmex10.pfb><G:/latex/CTEX/MiKTeX/fonts/type1/publ
ic/amsfonts/cm/cmmi10.pfb><G:/latex/CTEX/MiKTeX/fonts/type1/public/amsfonts/cm/
cmmi5.pfb><G:/latex/CTEX/MiKTeX/fonts/type1/public/amsfonts/cm/cmmi6.pfb><G:/la
tex/CTEX/MiKTeX/fonts/type1/public/amsfonts/cm/cmmi7.pfb><G:/latex/CTEX/MiKTeX/
fonts/type1/public/amsfonts/cm/cmmi8.pfb><G:/latex/CTEX/MiKTeX/fonts/type1/publ
ic/amsfonts/cm/cmr10.pfb><G:/latex/CTEX/MiKTeX/fonts/type1/public/amsfonts/cm/c
mr6.pfb><G:/latex/CTEX/MiKTeX/fonts/type1/public/amsfonts/cm/cmr7.pfb><G:/latex
/CTEX/MiKTeX/fonts/type1/public/amsfonts/cm/cmr8.pfb><G:/latex/CTEX/MiKTeX/font
s/type1/public/amsfonts/cm/cmsy10.pfb><G:/latex/CTEX/MiKTeX/fonts/type1/public/
amsfonts/cm/cmsy5.pfb><G:/latex/CTEX/MiKTeX/fonts/type1/public/amsfonts/cm/cmsy
6.pfb><G:/latex/CTEX/MiKTeX/fonts/type1/public/amsfonts/cm/cmsy7.pfb><G:/latex/
CTEX/MiKTeX/fonts/type1/public/amsfonts/cm/cmsy8.pfb><G:/latex/CTEX/MiKTeX/font
s/type1/public/amsfonts/symbols/msam10.pfb><G:/latex/CTEX/MiKTeX/fonts/type1/ur
w/courier/ucrr8a.pfb><G:/latex/CTEX/MiKTeX/fonts/type1/urw/helvetic/uhvb8a.pfb>
<G:/latex/CTEX/MiKTeX/fonts/type1/urw/helvetic/uhvr8a.pfb><G:/latex/CTEX/MiKTeX
/fonts/type1/urw/helvetic/uhvro8a.pfb><G:/latex/CTEX/MiKTeX/fonts/type1/urw/pal
atino/uplb8a.pfb><G:/latex/CTEX/MiKTeX/fonts/type1/urw/palatino/uplbi8a.pfb><G:
/latex/CTEX/MiKTeX/fonts/type1/urw/palatino/uplr8a.pfb><G:/latex/CTEX/MiKTeX/fo
nts/type1/urw/palatino/uplri8a.pfb><G:/latex/CTEX/MiKTeX/fonts/type1/urw/zapfdi
ng/uzdr.pfb>
Output written on DRT4WS.pdf (17 pages, 2237242 bytes).
PDF statistics:
 530 PDF objects out of 1000 (max. 8388607)
 0 named destinations out of 1000 (max. 500000)
 193 words of extra memory for PDF output out of 10000 (max. 10000000)

