This is pdfTeX, Version 3.1415926-2.3-1.40.12 (MiKTeX 2.9) (preloaded format=pdflatex 2018.4.15)  11 APR 2019 16:49
entering extended mode
**F:/mypapers/APT/APT（7月17）/v7(CA,20180715)/APT2018.tex
(F:/mypapers/APT/APT（7月17）/v7(CA,20180715)/APT2018.tex
LaTeX2e <2011/06/27>
Babel <v3.8m> and hyphenation patterns for loaded.
(F:\mypapers\APT\APT（7月17）\v7(CA,20180715)\IEEEtran.cls
Document Class: IEEEtran 2015/08/26 V1.8b by Michael Shell
-- See the "IEEEtran_HOWTO" manual for usage information.
-- http://www.michaelshell.org/tex/ieeetran/
\@IEEEtrantmpdimenA=\dimen102
\@IEEEtrantmpdimenB=\dimen103
\@IEEEtrantmpdimenC=\dimen104
\@IEEEtrantmpcountA=\count79
\@IEEEtrantmpcountB=\count80
\@IEEEtrantmpcountC=\count81
\@IEEEtrantmptoksA=\toks14
LaTeX Font Info:    Try loading font information for OT1+ppl on input line 503.

(G:\latex\CTEX\MiKTeX\tex\latex\psnfss\ot1ppl.fd
File: ot1ppl.fd 2001/06/04 font definitions for OT1/ppl.
)
-- Using IEEE Computer Society mode.
-- Using 8.5in x 11in (letter) paper.
-- Using PDF output.
\@IEEEnormalsizeunitybaselineskip=\dimen105
-- This is a 10 point document.
\CLASSINFOnormalsizebaselineskip=\dimen106
\CLASSINFOnormalsizeunitybaselineskip=\dimen107
\IEEEnormaljot=\dimen108
LaTeX Font Info:    Font shape `OT1/ppl/bx/n' in size <5.01874> not available
(Font)              Font shape `OT1/ppl/b/n' tried instead on input line 1090.
LaTeX Font Info:    Font shape `OT1/ppl/bx/it' in size <5.01874> not available
(Font)              Font shape `OT1/ppl/b/it' tried instead on input line 1090.

LaTeX Font Info:    Font shape `OT1/ppl/bx/n' in size <7.02625> not available
(Font)              Font shape `OT1/ppl/b/n' tried instead on input line 1090.
LaTeX Font Info:    Font shape `OT1/ppl/bx/it' in size <7.02625> not available
(Font)              Font shape `OT1/ppl/b/it' tried instead on input line 1090.

LaTeX Font Info:    Font shape `OT1/ppl/bx/n' in size <8.03> not available
(Font)              Font shape `OT1/ppl/b/n' tried instead on input line 1090.
LaTeX Font Info:    Font shape `OT1/ppl/bx/it' in size <8.03> not available
(Font)              Font shape `OT1/ppl/b/it' tried instead on input line 1090.

LaTeX Font Info:    Font shape `OT1/ppl/bx/n' in size <9.03374> not available
(Font)              Font shape `OT1/ppl/b/n' tried instead on input line 1090.
LaTeX Font Info:    Font shape `OT1/ppl/bx/it' in size <9.03374> not available
(Font)              Font shape `OT1/ppl/b/it' tried instead on input line 1090.

LaTeX Font Info:    Font shape `OT1/ppl/bx/n' in size <9.53561> not available
(Font)              Font shape `OT1/ppl/b/n' tried instead on input line 1090.
LaTeX Font Info:    Font shape `OT1/ppl/bx/it' in size <9.53561> not available
(Font)              Font shape `OT1/ppl/b/it' tried instead on input line 1090.

LaTeX Font Info:    Font shape `OT1/ppl/bx/n' in size <11.04124> not available
(Font)              Font shape `OT1/ppl/b/n' tried instead on input line 1090.
LaTeX Font Info:    Font shape `OT1/ppl/bx/it' in size <11.04124> not available

(Font)              Font shape `OT1/ppl/b/it' tried instead on input line 1090.

LaTeX Font Info:    Font shape `OT1/ppl/bx/n' in size <12.045> not available
(Font)              Font shape `OT1/ppl/b/n' tried instead on input line 1090.
LaTeX Font Info:    Font shape `OT1/ppl/bx/it' in size <12.045> not available
(Font)              Font shape `OT1/ppl/b/it' tried instead on input line 1090.

LaTeX Font Info:    Font shape `OT1/ppl/bx/n' in size <17.06374> not available
(Font)              Font shape `OT1/ppl/b/n' tried instead on input line 1090.
LaTeX Font Info:    Font shape `OT1/ppl/bx/it' in size <17.06374> not available

(Font)              Font shape `OT1/ppl/b/it' tried instead on input line 1090.

LaTeX Font Info:    Font shape `OT1/ppl/bx/n' in size <20.075> not available
(Font)              Font shape `OT1/ppl/b/n' tried instead on input line 1090.
LaTeX Font Info:    Font shape `OT1/ppl/bx/it' in size <20.075> not available
(Font)              Font shape `OT1/ppl/b/it' tried instead on input line 1090.

LaTeX Font Info:    Font shape `OT1/ppl/bx/n' in size <24.09> not available
(Font)              Font shape `OT1/ppl/b/n' tried instead on input line 1090.
LaTeX Font Info:    Font shape `OT1/ppl/bx/it' in size <24.09> not available
(Font)              Font shape `OT1/ppl/b/it' tried instead on input line 1090.

\IEEEquantizedlength=\dimen109
\IEEEquantizedlengthdiff=\dimen110
\IEEEquantizedtextheightdiff=\dimen111
\IEEEilabelindentA=\dimen112
\IEEEilabelindentB=\dimen113
\IEEEilabelindent=\dimen114
\IEEEelabelindent=\dimen115
\IEEEdlabelindent=\dimen116
\IEEElabelindent=\dimen117
\IEEEiednormlabelsep=\dimen118
\IEEEiedmathlabelsep=\dimen119
\IEEEiedtopsep=\skip41
\c@section=\count82
\c@subsection=\count83
\c@subsubsection=\count84
\c@paragraph=\count85
\c@IEEEsubequation=\count86
\abovecaptionskip=\skip42
\belowcaptionskip=\skip43
\c@figure=\count87
\c@table=\count88
\@IEEEeqnnumcols=\count89
\@IEEEeqncolcnt=\count90
\@IEEEsubeqnnumrollback=\count91
\@IEEEquantizeheightA=\dimen120
\@IEEEquantizeheightB=\dimen121
\@IEEEquantizeheightC=\dimen122
\@IEEEquantizeprevdepth=\dimen123
\@IEEEquantizemultiple=\count92
\@IEEEquantizeboxA=\box26
\@IEEEtmpitemindent=\dimen124
\IEEEPARstartletwidth=\dimen125
\c@IEEEbiography=\count93
\@IEEEtranrubishbin=\box27
) (G:\latex\CTEX\MiKTeX\tex\latex\algorithms\algorithm.sty
Package: algorithm 2009/08/24 v0.1 Document Style `algorithm' - floating enviro
nment

(G:\latex\CTEX\MiKTeX\tex\latex\float\float.sty
Package: float 2001/11/08 v1.3d Float enhancements (AL)
\c@float@type=\count94
\float@exts=\toks15
\float@box=\box28
\@float@everytoks=\toks16
\@floatcapt=\box29
)
(G:\latex\CTEX\MiKTeX\tex\latex\base\ifthen.sty
Package: ifthen 2001/05/26 v1.1c Standard LaTeX ifthen package (DPC)
)
\@float@every@algorithm=\toks17
\c@algorithm=\count95
)
(G:\latex\CTEX\MiKTeX\tex\latex\algorithms\algorithmic.sty
Package: algorithmic 2009/08/24 v0.1 Document Style `algorithmic'

(G:\latex\CTEX\MiKTeX\tex\latex\graphics\keyval.sty
Package: keyval 1999/03/16 v1.13 key=value parser (DPC)
\KV@toks@=\toks18
)
\c@ALC@unique=\count96
\c@ALC@line=\count97
\c@ALC@rem=\count98
\c@ALC@depth=\count99
\ALC@tlm=\skip44
\algorithmicindent=\skip45
)
(G:\latex\CTEX\MiKTeX\tex\latex\amsfonts\amssymb.sty
Package: amssymb 2009/06/22 v3.00

(G:\latex\CTEX\MiKTeX\tex\latex\amsfonts\amsfonts.sty
Package: amsfonts 2009/06/22 v3.00 Basic AMSFonts support
\@emptytoks=\toks19
\symAMSa=\mathgroup4
\symAMSb=\mathgroup5
LaTeX Font Info:    Overwriting math alphabet `\mathfrak' in version `bold'
(Font)                  U/euf/m/n --> U/euf/b/n on input line 96.
))
(G:\latex\CTEX\MiKTeX\tex\latex\ams\math\amsmath.sty
Package: amsmath 2000/07/18 v2.13 AMS math features
\@mathmargin=\skip46

For additional information on amsmath, use the `?' option.
(G:\latex\CTEX\MiKTeX\tex\latex\ams\math\amstext.sty
Package: amstext 2000/06/29 v2.01

(G:\latex\CTEX\MiKTeX\tex\latex\ams\math\amsgen.sty
File: amsgen.sty 1999/11/30 v2.0
\@emptytoks=\toks20
\ex@=\dimen126
))
(G:\latex\CTEX\MiKTeX\tex\latex\ams\math\amsbsy.sty
Package: amsbsy 1999/11/29 v1.2d
\pmbraise@=\dimen127
)
(G:\latex\CTEX\MiKTeX\tex\latex\ams\math\amsopn.sty
Package: amsopn 1999/12/14 v2.01 operator names
)
\inf@bad=\count100
LaTeX Info: Redefining \frac on input line 211.
\uproot@=\count101
\leftroot@=\count102
LaTeX Info: Redefining \overline on input line 307.
\classnum@=\count103
\DOTSCASE@=\count104
LaTeX Info: Redefining \ldots on input line 379.
LaTeX Info: Redefining \dots on input line 382.
LaTeX Info: Redefining \cdots on input line 467.
\Mathstrutbox@=\box30
\strutbox@=\box31
\big@size=\dimen128
LaTeX Font Info:    Redeclaring font encoding OML on input line 567.
LaTeX Font Info:    Redeclaring font encoding OMS on input line 568.
\macc@depth=\count105
\c@MaxMatrixCols=\count106
\dotsspace@=\muskip10
\c@parentequation=\count107
\dspbrk@lvl=\count108
\tag@help=\toks21
\row@=\count109
\column@=\count110
\maxfields@=\count111
\andhelp@=\toks22
\eqnshift@=\dimen129
\alignsep@=\dimen130
\tagshift@=\dimen131
\tagwidth@=\dimen132
\totwidth@=\dimen133
\lineht@=\dimen134
\@envbody=\toks23
\multlinegap=\skip47
\multlinetaggap=\skip48
\mathdisplay@stack=\toks24
LaTeX Info: Redefining \[ on input line 2666.
LaTeX Info: Redefining \] on input line 2667.
)
(G:\latex\CTEX\MiKTeX\tex\latex\graphics\color.sty
Package: color 2005/11/14 v1.0j Standard LaTeX Color (DPC)

(G:\latex\CTEX\MiKTeX\tex\latex\00miktex\color.cfg
File: color.cfg 2007/01/18 v1.5 color configuration of teTeX/TeXLive
)
Package color Info: Driver file: pdftex.def on input line 130.

(G:\latex\CTEX\MiKTeX\tex\latex\pdftex-def\pdftex.def
File: pdftex.def 2011/05/27 v0.06d Graphics/color for pdfTeX

(G:\latex\CTEX\MiKTeX\tex\generic\oberdiek\infwarerr.sty
Package: infwarerr 2010/04/08 v1.3 Providing info/warning/message (HO)
)
(G:\latex\CTEX\MiKTeX\tex\generic\oberdiek\ltxcmds.sty
Package: ltxcmds 2011/04/18 v1.20 LaTeX kernel commands for general use (HO)
)
\Gread@gobject=\count112
))
(G:\latex\CTEX\MiKTeX\tex\latex\graphics\graphicx.sty
Package: graphicx 1999/02/16 v1.0f Enhanced LaTeX Graphics (DPC,SPQR)

(G:\latex\CTEX\MiKTeX\tex\latex\graphics\graphics.sty
Package: graphics 2009/02/05 v1.0o Standard LaTeX Graphics (DPC,SPQR)

(G:\latex\CTEX\MiKTeX\tex\latex\graphics\trig.sty
Package: trig 1999/03/16 v1.09 sin cos tan (DPC)
)
(G:\latex\CTEX\MiKTeX\tex\latex\00miktex\graphics.cfg
File: graphics.cfg 2007/01/18 v1.5 graphics configuration of teTeX/TeXLive
)
Package graphics Info: Driver file: pdftex.def on input line 91.
)
\Gin@req@height=\dimen135
\Gin@req@width=\dimen136
)
(G:\latex\CTEX\MiKTeX\tex\latex\subfigure\subfigure.sty
Package: subfigure 2002/07/30 v2.1.4 subfigure package
\subfigtopskip=\skip49
\subfigcapskip=\skip50
\subfigcaptopadj=\dimen137
\subfigbottomskip=\skip51
\subfigcapmargin=\dimen138
\subfiglabelskip=\skip52
\c@subfigure=\count113
\c@lofdepth=\count114
\c@subtable=\count115
\c@lotdepth=\count116

****************************************
* Local config file subfigure.cfg used *
****************************************
(G:\latex\CTEX\MiKTeX\tex\latex\subfigure\subfigure.cfg)
\subfig@top=\skip53
\subfig@bottom=\skip54
)
(G:\latex\CTEX\MiKTeX\tex\latex\booktabs\booktabs.sty
Package: booktabs 2005/04/14 v1.61803 publication quality tables
\heavyrulewidth=\dimen139
\lightrulewidth=\dimen140
\cmidrulewidth=\dimen141
\belowrulesep=\dimen142
\belowbottomsep=\dimen143
\aboverulesep=\dimen144
\abovetopsep=\dimen145
\cmidrulesep=\dimen146
\cmidrulekern=\dimen147
\defaultaddspace=\dimen148
\@cmidla=\count117
\@cmidlb=\count118
\@aboverulesep=\dimen149
\@belowrulesep=\dimen150
\@thisruleclass=\count119
\@lastruleclass=\count120
\@thisrulewidth=\dimen151
)
(F:\mypapers\APT\APT（7月17）\v7(CA,20180715)\APT2018.aux)
LaTeX Font Info:    Checking defaults for OML/cmm/m/it on input line 17.
LaTeX Font Info:    ... okay on input line 17.
LaTeX Font Info:    Checking defaults for T1/cmr/m/n on input line 17.
LaTeX Font Info:    ... okay on input line 17.
LaTeX Font Info:    Checking defaults for OT1/cmr/m/n on input line 17.
LaTeX Font Info:    ... okay on input line 17.
LaTeX Font Info:    Checking defaults for OMS/cmsy/m/n on input line 17.
LaTeX Font Info:    ... okay on input line 17.
LaTeX Font Info:    Checking defaults for OMX/cmex/m/n on input line 17.
LaTeX Font Info:    ... okay on input line 17.
LaTeX Font Info:    Checking defaults for U/cmr/m/n on input line 17.
LaTeX Font Info:    ... okay on input line 17.

-- Lines per column: 61 (exact).
(G:\latex\CTEX\MiKTeX\tex\context\base\supp-pdf.mkii
[Loading MPS to PDF converter (version 2006.09.02).]
\scratchcounter=\count121
\scratchdimen=\dimen152
\scratchbox=\box32
\nofMPsegments=\count122
\nofMParguments=\count123
\everyMPshowfont=\toks25
\MPscratchCnt=\count124
\MPscratchDim=\dimen153
\MPnumerator=\count125
\makeMPintoPDFobject=\count126
\everyMPtoPDFconversion=\toks26
)
LaTeX Font Info:    Try loading font information for OT1+phv on input line 62.
 (G:\latex\CTEX\MiKTeX\tex\latex\psnfss\ot1phv.fd
File: ot1phv.fd 2001/06/04 scalable font definitions for OT1/phv.
)
LaTeX Font Info:    Font shape `OT1/phv/m/it' in size <11.04124> not available
(Font)              Font shape `OT1/phv/m/sl' tried instead on input line 62.
LaTeX Font Info:    Font shape `OT1/phv/bx/n' in size <8.03> not available
(Font)              Font shape `OT1/phv/b/n' tried instead on input line 62.
LaTeX Font Info:    Calculating math sizes for size <11.04124> on input line 62
.
LaTeX Font Info:    Try loading font information for U+msa on input line 62.

(G:\latex\CTEX\MiKTeX\tex\latex\amsfonts\umsa.fd
File: umsa.fd 2009/06/22 v3.00 AMS symbols A
)
LaTeX Font Info:    Try loading font information for U+msb on input line 62.

(G:\latex\CTEX\MiKTeX\tex\latex\amsfonts\umsb.fd
File: umsb.fd 2009/06/22 v3.00 AMS symbols B
)
LaTeX Font Info:    Try loading font information for U+pzd on input line 62.

(G:\latex\CTEX\MiKTeX\tex\latex\psnfss\upzd.fd
File: upzd.fd 2001/06/04 font definitions for U/pzd.
)
LaTeX Font Info:    Font shape `OT1/phv/bx/n' in size <11.04124> not available
(Font)              Font shape `OT1/phv/b/n' tried instead on input line 90.
LaTeX Font Info:    Font shape `OT1/phv/bx/sc' in size <11.04124> not available

(Font)              Font shape `OT1/phv/b/sc' tried instead on input line 90.
LaTeX Font Info:    Calculating math sizes for size <9.53561> on input line 100
.
 [1{G:/latex/CTEX/UserData/pdftex/config/pdftex.map{Unicode.sfd}{UGBK.sfd}}


]
Underfull \hbox (badness 2941) in paragraph at lines 110--111
[]\OT1/ppl/m/n/9.53561 We de-vel-op t-wo al-go-rithm-s for AP-T, name-ly
 []


Underfull \hbox (badness 1577) in paragraph at lines 110--111
\OT1/ppl/m/n/9.53561 Markov-chain based AP-T (MAP-T) and reward-
 []

LaTeX Font Info:    Font shape `OT1/phv/bx/n' in size <9.53561> not available
(Font)              Font shape `OT1/phv/b/n' tried instead on input line 119.
[2]
Underfull \hbox (badness 10000) in paragraph at lines 248--249
[] []\OT1/ppl/m/n/9.53561 Select a par-ti-tion $\OML/cmm/m/it/10 c[]$ \OT1/ppl/
m/n/9.53561 ac-cord-ing to pro-file
 []


Underfull \hbox (badness 4266) in paragraph at lines 334--335
[] []\OT1/ppl/m/n/9.53561 Select a par-ti-tion $\OML/cmm/m/it/10 c[]$ \OT1/ppl/
m/n/9.53561 ac-cord-ing to the pro-file
 []

[3]
LaTeX Font Info:    Calculating math sizes for size <8.03> on input line 369.
LaTeX Font Info:    Try loading font information for OMS+ppl on input line 386.

 (G:\latex\CTEX\MiKTeX\tex\latex\psnfss\omsppl.fd
File: omsppl.fd 
)
LaTeX Font Info:    Font shape `OMS/ppl/m/n' in size <8.03> not available
(Font)              Font shape `OMS/cmsy/m/n' tried instead on input line 386.

Overfull \hbox (1.55182pt too wide) detected at line 409
\OML/cmm/m/it/10 P \OT1/cmr/m/n/10 = []
 []


Overfull \hbox (1.55182pt too wide) detected at line 423
\OML/cmm/m/it/10 P \OT1/cmr/m/n/10 = []
 []

[4]
LaTeX Font Info:    Try loading font information for OT1+pcr on input line 451.

 (G:\latex\CTEX\MiKTeX\tex\latex\psnfss\ot1pcr.fd
File: ot1pcr.fd 2001/06/04 font definitions for OT1/pcr.
)
LaTeX Font Info:    Font shape `OT1/phv/m/it' in size <9.53561> not available
(Font)              Font shape `OT1/phv/m/sl' tried instead on input line 481.
 [5] [6]
<grepF.pdf, id=39, 845.1575pt x 597.23125pt>
File: grepF.pdf Graphic file (type pdf)
 <use grepF.pdf>
Package pdftex.def Info: grepF.pdf used on input line 657.
(pdftex.def)             Requested size: 165.74298pt x 117.12032pt.

<gzipF.pdf, id=40, 845.1575pt x 597.23125pt>
File: gzipF.pdf Graphic file (type pdf)
 <use gzipF.pdf>
Package pdftex.def Info: gzipF.pdf used on input line 658.
(pdftex.def)             Requested size: 165.74298pt x 117.12032pt.

<makeF.pdf, id=41, 845.1575pt x 597.23125pt>
File: makeF.pdf Graphic file (type pdf)
 <use makeF.pdf>
Package pdftex.def Info: makeF.pdf used on input line 659.
(pdftex.def)             Requested size: 165.74298pt x 117.12032pt.

<grepF2.pdf, id=42, 845.1575pt x 597.23125pt>
File: grepF2.pdf Graphic file (type pdf)
 <use grepF2.pdf>
Package pdftex.def Info: grepF2.pdf used on input line 666.
(pdftex.def)             Requested size: 165.74298pt x 117.12032pt.

<gzipF2.pdf, id=43, 845.1575pt x 597.23125pt>
File: gzipF2.pdf Graphic file (type pdf)
 <use gzipF2.pdf>
Package pdftex.def Info: gzipF2.pdf used on input line 667.
(pdftex.def)             Requested size: 165.74298pt x 117.12032pt.

<makeF2.pdf, id=44, 845.1575pt x 597.23125pt>
File: makeF2.pdf Graphic file (type pdf)
 <use makeF2.pdf>
Package pdftex.def Info: makeF2.pdf used on input line 668.
(pdftex.def)             Requested size: 165.74298pt x 117.12032pt.
 [7]
<grepT.pdf, id=49, 845.1575pt x 597.23125pt>
File: grepT.pdf Graphic file (type pdf)
 <use grepT.pdf>
Package pdftex.def Info: grepT.pdf used on input line 830.
(pdftex.def)             Requested size: 165.74298pt x 117.12032pt.

<gzipT.pdf, id=50, 845.1575pt x 597.23125pt>
File: gzipT.pdf Graphic file (type pdf)
 <use gzipT.pdf>
Package pdftex.def Info: gzipT.pdf used on input line 831.
(pdftex.def)             Requested size: 165.74298pt x 117.12032pt.

<makeT.pdf, id=51, 845.1575pt x 597.23125pt>
File: makeT.pdf Graphic file (type pdf)
 <use makeT.pdf>
Package pdftex.def Info: makeT.pdf used on input line 832.
(pdftex.def)             Requested size: 165.74298pt x 117.12032pt.

<grepT2.pdf, id=52, 845.1575pt x 597.23125pt>
File: grepT2.pdf Graphic file (type pdf)
 <use grepT2.pdf>
Package pdftex.def Info: grepT2.pdf used on input line 839.
(pdftex.def)             Requested size: 165.74298pt x 117.12032pt.

<gzipT2.pdf, id=53, 845.1575pt x 597.23125pt>
File: gzipT2.pdf Graphic file (type pdf)
 <use gzipT2.pdf>
Package pdftex.def Info: gzipT2.pdf used on input line 840.
(pdftex.def)             Requested size: 165.74298pt x 117.12032pt.

<makeT2.pdf, id=54, 845.1575pt x 597.23125pt>
File: makeT2.pdf Graphic file (type pdf)
 <use makeT2.pdf>
Package pdftex.def Info: makeT2.pdf used on input line 841.
(pdftex.def)             Requested size: 165.74298pt x 117.12032pt.
 [8 <F:/mypapers/APT/APT（7月17）/v7(CA,20180715)/grepF.pdf, page is rotated
 90 degrees> <F:/mypapers/APT/APT（7月17）/v7(CA,20180715)/gzipF.pdf, page i
s rotated 90 degrees> <F:/mypapers/APT/APT（7月17）/v7(CA,20180715)/makeF.pd
f, page is rotated 90 degrees> <F:/mypapers/APT/APT（7月17）/v7(CA,20180715)
/grepF2.pdf, page is rotated 90 degrees> <F:/mypapers/APT/APT（7月17）/v7(CA
,20180715)/gzipF2.pdf, page is rotated 90 degrees> <F:/mypapers/APT/APT（7月1
7）/v7(CA,20180715)/makeF2.pdf, page is rotated 90 degrees>] [9 <F:/mypapers/A
PT/APT（7月17）/v7(CA,20180715)/grepT.pdf, page is rotated 90 degrees> <F:/m
ypapers/APT/APT（7月17）/v7(CA,20180715)/gzipT.pdf, page is rotated 90 degre
es> <F:/mypapers/APT/APT（7月17）/v7(CA,20180715)/makeT.pdf, page is rotated
 90 degrees> <F:/mypapers/APT/APT（7月17）/v7(CA,20180715)/grepT2.pdf, page 
is rotated 90 degrees> <F:/mypapers/APT/APT（7月17）/v7(CA,20180715)/gzipT2.
pdf, page is rotated 90 degrees> <F:/mypapers/APT/APT（7月17）/v7(CA,2018071
5)/makeT2.pdf, page is rotated 90 degrees>] [10] [11]
(F:\mypapers\APT\APT（7月17）\v7(CA,20180715)\APT2018.bbl
Overfull \hbox (36.00963pt too wide) in paragraph at lines 115--119
\OT1/ppl/m/n/8.03 http://kaner.com/pdfs/kanerPadmanabhanVISTACONDomainTesting.p
df 
 []

)

pdfTeX warning: pdflatex.exe (file F:/mypapers/APT/APT（7月17）/v7(CA,201807
15)/CASun.pdf): PDF inclusion: found PDF version <1.6>, but at most version <1.
5> allowed
<CASun.pdf, id=188, 74.43811pt x 99.4917pt>
File: CASun.pdf Graphic file (type pdf)
 <use CASun.pdf>
Package pdftex.def Info: CASun.pdf used on input line 1104.
(pdftex.def)             Requested size: 67.59338pt x 90.34325pt.
File: CASun.pdf Graphic file (type pdf)
 <use CASun.pdf>
Package pdftex.def Info: CASun.pdf used on input line 1104.
(pdftex.def)             Requested size: 67.59338pt x 90.34325pt.

[12 <F:/mypapers/APT/APT（7月17）/v7(CA,20180715)/CASun.pdf>]

pdfTeX warning: pdflatex.exe (file F:/mypapers/APT/APT（7月17）/v7(CA,201807
15)/HPDai.pdf): PDF inclusion: found PDF version <1.6>, but at most version <1.
5> allowed
<HPDai.pdf, id=200, 360.34625pt x 480.79625pt>
File: HPDai.pdf Graphic file (type pdf)
 <use HPDai.pdf>
Package pdftex.def Info: HPDai.pdf used on input line 1108.
(pdftex.def)             Requested size: 67.70221pt x 90.33247pt.
File: HPDai.pdf Graphic file (type pdf)
 <use HPDai.pdf>
Package pdftex.def Info: HPDai.pdf used on input line 1108.
(pdftex.def)             Requested size: 67.70221pt x 90.33247pt.


pdfTeX warning: pdflatex.exe (file F:/mypapers/APT/APT（7月17）/v7(CA,201807
15)/HLiu.pdf): PDF inclusion: found PDF version <1.6>, but at most version <1.5
> allowed
<HLiu.pdf, id=203, 2177.13374pt x 2902.845pt>
File: HLiu.pdf Graphic file (type pdf)
 <use HLiu.pdf>
Package pdftex.def Info: HLiu.pdf used on input line 1112.
(pdftex.def)             Requested size: 67.73627pt x 90.31503pt.
File: HLiu.pdf Graphic file (type pdf)
 <use HLiu.pdf>
Package pdftex.def Info: HLiu.pdf used on input line 1112.
(pdftex.def)             Requested size: 67.73627pt x 90.31503pt.


pdfTeX warning: pdflatex.exe (file F:/mypapers/APT/APT（7月17）/v7(CA,201807
15)/TYChen.pdf): PDF inclusion: found PDF version <1.6>, but at most version <1
.5> allowed
<TYChen.pdf, id=206, 310.15875pt x 371.3875pt>
File: TYChen.pdf Graphic file (type pdf)
 <use TYChen.pdf>
Package pdftex.def Info: TYChen.pdf used on input line 1115.
(pdftex.def)             Requested size: 72.26733pt x 86.5337pt.
File: TYChen.pdf Graphic file (type pdf)

<use TYChen.pdf>
Package pdftex.def Info: TYChen.pdf used on input line 1115.
(pdftex.def)             Requested size: 72.26733pt x 86.5337pt.


pdfTeX warning: pdflatex.exe (file F:/mypapers/APT/APT（7月17）/v7(CA,201807
15)/KYCai.pdf): PDF inclusion: found PDF version <1.6>, but at most version <1.
5> allowed
<KYCai.pdf, id=209, 72.27pt x 101.17801pt>
File: KYCai.pdf Graphic file (type pdf)
 <use KYCai.pdf>
Package pdftex.def Info: KYCai.pdf used on input line 1120.
(pdftex.def)             Requested size: 64.5296pt x 90.34146pt.
File: KYCai.pdf Graphic file (type pdf)
 <use KYCai.pdf>
Package pdftex.def Info: KYCai.pdf used on input line 1120.
(pdftex.def)             Requested size: 64.5296pt x 90.34146pt.

[13

 <F:/mypapers/APT/APT（7月17）/v7(CA,20180715)/HPDai.pdf> <F:/mypapers/APT/A
PT（7月17）/v7(CA,20180715)/HLiu.pdf> <F:/mypapers/APT/APT（7月17）/v7(CA
,20180715)/TYChen.pdf> <F:/mypapers/APT/APT（7月17）/v7(CA,20180715)/KYCai.p
df>] (F:\mypapers\APT\APT（7月17）\v7(CA,20180715)\APT2018.aux) ) 
Here is how much of TeX's memory you used:
 3748 strings out of 495354
 53530 string characters out of 3183523
 122856 words of memory out of 3000000
 6829 multiletter control sequences out of 15000+200000
 58185 words of font info for 133 fonts, out of 3000000 for 9000
 17 hyphenation exceptions out of 8191
 29i,23n,35p,2889b,488s stack positions out of 5000i,500n,10000p,200000b,50000s
{G:/latex/C
TEX/MiKTeX/fonts/enc/dvips/fontname/8r.enc}<G:/latex/CTEX/MiKTeX/fonts/type1/pu
blic/amsfonts/cm/cmex10.pfb><G:/latex/CTEX/MiKTeX/fonts/type1/public/amsfonts/c
m/cmmi10.pfb><G:/latex/CTEX/MiKTeX/fonts/type1/public/amsfonts/cm/cmmi7.pfb><G:
/latex/CTEX/MiKTeX/fonts/type1/public/amsfonts/cm/cmmi8.pfb><G:/latex/CTEX/MiKT
eX/fonts/type1/public/amsfonts/cm/cmr10.pfb><G:/latex/CTEX/MiKTeX/fonts/type1/p
ublic/amsfonts/cm/cmr5.pfb><G:/latex/CTEX/MiKTeX/fonts/type1/public/amsfonts/cm
/cmr6.pfb><G:/latex/CTEX/MiKTeX/fonts/type1/public/amsfonts/cm/cmr7.pfb><G:/lat
ex/CTEX/MiKTeX/fonts/type1/public/amsfonts/cm/cmsy10.pfb><G:/latex/CTEX/MiKTeX/
fonts/type1/public/amsfonts/cm/cmsy6.pfb><G:/latex/CTEX/MiKTeX/fonts/type1/publ
ic/amsfonts/cm/cmsy7.pfb><G:/latex/CTEX/MiKTeX/fonts/type1/public/amsfonts/cm/c
msy8.pfb><G:/latex/CTEX/MiKTeX/fonts/type1/urw/courier/ucrr8a.pfb><G:/latex/CTE
X/MiKTeX/fonts/type1/urw/helvetic/uhvb8a.pfb><G:/latex/CTEX/MiKTeX/fonts/type1/
urw/helvetic/uhvr8a.pfb><G:/latex/CTEX/MiKTeX/fonts/type1/urw/helvetic/uhvro8a.
pfb><G:/latex/CTEX/MiKTeX/fonts/type1/urw/palatino/uplb8a.pfb><G:/latex/CTEX/Mi
KTeX/fonts/type1/urw/palatino/uplr8a.pfb><G:/latex/CTEX/MiKTeX/fonts/type1/urw/
palatino/uplri8a.pfb><G:/latex/CTEX/MiKTeX/fonts/type1/urw/zapfding/uzdr.pfb>
Output written on APT2018.pdf (13 pages, 2012862 bytes).
PDF statistics:
 298 PDF objects out of 1000 (max. 8388607)
 0 named destinations out of 1000 (max. 500000)
 146 words of extra memory for PDF output out of 10000 (max. 10000000)

