This is pdfTeX, Version 3.14159265-2.6-1.40.20 (MiKTeX 2.9.7140 64-bit) (preloaded format=pdflatex 2019.8.28)  23 OCT 2019 22:56
entering extended mode
**./DRT4WS.tex
(DRT4WS.tex
LaTeX2e <2018-12-01>
(IEEEtran.cls
Document Class: IEEEtran 2015/08/26 V1.8b by Michael Shell
-- See the "IEEEtran_HOWTO" manual for usage information.
-- http://www.michaelshell.org/tex/ieeetran/
\@IEEEtrantmpdimenA=\dimen102
\@IEEEtrantmpdimenB=\dimen103
\@IEEEtrantmpdimenC=\dimen104
\@IEEEtrantmpcountA=\count80
\@IEEEtrantmpcountB=\count81
\@IEEEtrantmpcountC=\count82
\@IEEEtrantmptoksA=\toks14
LaTeX Font Info:    Try loading font information for OT1+ppl on input line 503.

(C:\software\CTEX\MikTex\tex/latex/psnfss\ot1ppl.fd
File: ot1ppl.fd 2001/06/04 font definitions for OT1/ppl.
)
-- Using IEEE Computer Society mode.
-- Using 8.5in x 11in (letter) paper.
-- Using PDF output.
\@IEEEnormalsizeunitybaselineskip=\dimen105
-- This is a 10 point document.
\CLASSINFOnormalsizebaselineskip=\dimen106
\CLASSINFOnormalsizeunitybaselineskip=\dimen107
\IEEEnormaljot=\dimen108
LaTeX Font Info:    Font shape `OT1/ppl/bx/n' in size <5.01874> not available
(Font)              Font shape `OT1/ppl/b/n' tried instead on input line 1090.
LaTeX Font Info:    Font shape `OT1/ppl/bx/it' in size <5.01874> not available
(Font)              Font shape `OT1/ppl/b/it' tried instead on input line 1090.

LaTeX Font Info:    Font shape `OT1/ppl/bx/n' in size <7.02625> not available
(Font)              Font shape `OT1/ppl/b/n' tried instead on input line 1090.
LaTeX Font Info:    Font shape `OT1/ppl/bx/it' in size <7.02625> not available
(Font)              Font shape `OT1/ppl/b/it' tried instead on input line 1090.

LaTeX Font Info:    Font shape `OT1/ppl/bx/n' in size <8.03> not available
(Font)              Font shape `OT1/ppl/b/n' tried instead on input line 1090.
LaTeX Font Info:    Font shape `OT1/ppl/bx/it' in size <8.03> not available
(Font)              Font shape `OT1/ppl/b/it' tried instead on input line 1090.

LaTeX Font Info:    Font shape `OT1/ppl/bx/n' in size <9.03374> not available
(Font)              Font shape `OT1/ppl/b/n' tried instead on input line 1090.
LaTeX Font Info:    Font shape `OT1/ppl/bx/it' in size <9.03374> not available
(Font)              Font shape `OT1/ppl/b/it' tried instead on input line 1090.

LaTeX Font Info:    Font shape `OT1/ppl/bx/n' in size <9.53561> not available
(Font)              Font shape `OT1/ppl/b/n' tried instead on input line 1090.
LaTeX Font Info:    Font shape `OT1/ppl/bx/it' in size <9.53561> not available
(Font)              Font shape `OT1/ppl/b/it' tried instead on input line 1090.

LaTeX Font Info:    Font shape `OT1/ppl/bx/n' in size <11.04124> not available
(Font)              Font shape `OT1/ppl/b/n' tried instead on input line 1090.
LaTeX Font Info:    Font shape `OT1/ppl/bx/it' in size <11.04124> not available

(Font)              Font shape `OT1/ppl/b/it' tried instead on input line 1090.

LaTeX Font Info:    Font shape `OT1/ppl/bx/n' in size <12.045> not available
(Font)              Font shape `OT1/ppl/b/n' tried instead on input line 1090.
LaTeX Font Info:    Font shape `OT1/ppl/bx/it' in size <12.045> not available
(Font)              Font shape `OT1/ppl/b/it' tried instead on input line 1090.

LaTeX Font Info:    Font shape `OT1/ppl/bx/n' in size <17.06374> not available
(Font)              Font shape `OT1/ppl/b/n' tried instead on input line 1090.
LaTeX Font Info:    Font shape `OT1/ppl/bx/it' in size <17.06374> not available

(Font)              Font shape `OT1/ppl/b/it' tried instead on input line 1090.

LaTeX Font Info:    Font shape `OT1/ppl/bx/n' in size <20.075> not available
(Font)              Font shape `OT1/ppl/b/n' tried instead on input line 1090.
LaTeX Font Info:    Font shape `OT1/ppl/bx/it' in size <20.075> not available
(Font)              Font shape `OT1/ppl/b/it' tried instead on input line 1090.

LaTeX Font Info:    Font shape `OT1/ppl/bx/n' in size <24.09> not available
(Font)              Font shape `OT1/ppl/b/n' tried instead on input line 1090.
LaTeX Font Info:    Font shape `OT1/ppl/bx/it' in size <24.09> not available
(Font)              Font shape `OT1/ppl/b/it' tried instead on input line 1090.

\IEEEquantizedlength=\dimen109
\IEEEquantizedlengthdiff=\dimen110
\IEEEquantizedtextheightdiff=\dimen111
\IEEEilabelindentA=\dimen112
\IEEEilabelindentB=\dimen113
\IEEEilabelindent=\dimen114
\IEEEelabelindent=\dimen115
\IEEEdlabelindent=\dimen116
\IEEElabelindent=\dimen117
\IEEEiednormlabelsep=\dimen118
\IEEEiedmathlabelsep=\dimen119
\IEEEiedtopsep=\skip41
\c@section=\count83
\c@subsection=\count84
\c@subsubsection=\count85
\c@paragraph=\count86
\c@IEEEsubequation=\count87
\abovecaptionskip=\skip42
\belowcaptionskip=\skip43
\c@figure=\count88
\c@table=\count89
\@IEEEeqnnumcols=\count90
\@IEEEeqncolcnt=\count91
\@IEEEsubeqnnumrollback=\count92
\@IEEEquantizeheightA=\dimen120
\@IEEEquantizeheightB=\dimen121
\@IEEEquantizeheightC=\dimen122
\@IEEEquantizeprevdepth=\dimen123
\@IEEEquantizemultiple=\count93
\@IEEEquantizeboxA=\box27
\@IEEEtmpitemindent=\dimen124
\IEEEPARstartletwidth=\dimen125
\c@IEEEbiography=\count94
\@IEEEtranrubishbin=\box28
) (C:\software\CTEX\MikTex\tex/latex/tools\enumerate.sty
Package: enumerate 2015/07/23 v3.00 enumerate extensions (DPC)
\@enLab=\toks15
)
(C:\Users\phant\AppData\Roaming\MiKTeX\2.9\tex/latex/cite\cite.sty
LaTeX Info: Redefining \cite on input line 302.
LaTeX Info: Redefining \nocite on input line 332.
Package: cite 2015/02/27  v 5.5
)
(C:\software\CTEX\MikTex\tex/latex/amsmath\amsmath.sty
Package: amsmath 2018/12/01 v2.17b AMS math features
\@mathmargin=\skip44

For additional information on amsmath, use the `?' option.
(C:\software\CTEX\MikTex\tex/latex/amsmath\amstext.sty
Package: amstext 2000/06/29 v2.01 AMS text

(C:\software\CTEX\MikTex\tex/latex/amsmath\amsgen.sty
File: amsgen.sty 1999/11/30 v2.0 generic functions
\@emptytoks=\toks16
\ex@=\dimen126
))
(C:\software\CTEX\MikTex\tex/latex/amsmath\amsbsy.sty
Package: amsbsy 1999/11/29 v1.2d Bold Symbols
\pmbraise@=\dimen127
)
(C:\software\CTEX\MikTex\tex/latex/amsmath\amsopn.sty
Package: amsopn 2016/03/08 v2.02 operator names
)
\inf@bad=\count95
LaTeX Info: Redefining \frac on input line 223.
\uproot@=\count96
\leftroot@=\count97
LaTeX Info: Redefining \overline on input line 385.
\classnum@=\count98
\DOTSCASE@=\count99
LaTeX Info: Redefining \ldots on input line 482.
LaTeX Info: Redefining \dots on input line 485.
LaTeX Info: Redefining \cdots on input line 606.
\Mathstrutbox@=\box29
\strutbox@=\box30
\big@size=\dimen128
LaTeX Font Info:    Redeclaring font encoding OML on input line 729.
LaTeX Font Info:    Redeclaring font encoding OMS on input line 730.
\macc@depth=\count100
\c@MaxMatrixCols=\count101
\dotsspace@=\muskip10
\c@parentequation=\count102
\dspbrk@lvl=\count103
\tag@help=\toks17
\row@=\count104
\column@=\count105
\maxfields@=\count106
\andhelp@=\toks18
\eqnshift@=\dimen129
\alignsep@=\dimen130
\tagshift@=\dimen131
\tagwidth@=\dimen132
\totwidth@=\dimen133
\lineht@=\dimen134
\@envbody=\toks19
\multlinegap=\skip45
\multlinetaggap=\skip46
\mathdisplay@stack=\toks20
LaTeX Info: Redefining \[ on input line 2844.
LaTeX Info: Redefining \] on input line 2845.
)
(C:\software\CTEX\MikTex\tex/latex/algorithms\algorithm.sty
Package: algorithm 2009/08/24 v0.1 Document Style `algorithm' - floating enviro
nment

(C:\software\CTEX\MikTex\tex/latex/float\float.sty
Package: float 2001/11/08 v1.3d Float enhancements (AL)
\c@float@type=\count107
\float@exts=\toks21
\float@box=\box31
\@float@everytoks=\toks22
\@floatcapt=\box32
)
(C:\software\CTEX\MikTex\tex/latex/base\ifthen.sty
Package: ifthen 2014/09/29 v1.1c Standard LaTeX ifthen package (DPC)
)
\@float@every@algorithm=\toks23
\c@algorithm=\count108
)
(C:\software\CTEX\MikTex\tex/latex/algorithms\algorithmic.sty
Package: algorithmic 2009/08/24 v0.1 Document Style `algorithmic'

(C:\software\CTEX\MikTex\tex/latex/graphics\keyval.sty
Package: keyval 2014/10/28 v1.15 key=value parser (DPC)
\KV@toks@=\toks24
)
\c@ALC@unique=\count109
\c@ALC@line=\count110
\c@ALC@rem=\count111
\c@ALC@depth=\count112
\ALC@tlm=\skip47
\algorithmicindent=\skip48
)
(C:\software\CTEX\MikTex\tex/latex/graphics\graphicx.sty
Package: graphicx 2017/06/01 v1.1a Enhanced LaTeX Graphics (DPC,SPQR)

(C:\software\CTEX\MikTex\tex/latex/graphics\graphics.sty
Package: graphics 2017/06/25 v1.2c Standard LaTeX Graphics (DPC,SPQR)

(C:\software\CTEX\MikTex\tex/latex/graphics\trig.sty
Package: trig 2016/01/03 v1.10 sin cos tan (DPC)
)
(C:\software\CTEX\MikTex\tex/latex/graphics-cfg\graphics.cfg
File: graphics.cfg 2016/06/04 v1.11 sample graphics configuration
)
Package graphics Info: Driver file: pdftex.def on input line 99.

(C:\software\CTEX\MikTex\tex/latex/graphics-def\pdftex.def
File: pdftex.def 2018/01/08 v1.0l Graphics/color driver for pdftex
))
\Gin@req@height=\dimen135
\Gin@req@width=\dimen136
)
(C:\software\CTEX\MikTex\tex/latex/multirow\multirow.sty
Package: multirow 2019/05/31 v2.5 Span multiple rows of a table
\multirow@colwidth=\skip49
\multirow@cntb=\count113
\multirow@dima=\skip50
\bigstrutjot=\dimen137
)
(C:\Users\phant\AppData\Roaming\MiKTeX\2.9\tex/latex/subfigure\subfigure.sty
Package: subfigure 2002/07/30 v2.1.4 subfigure package
\subfigtopskip=\skip51
\subfigcapskip=\skip52
\subfigcaptopadj=\dimen138
\subfigbottomskip=\skip53
\subfigcapmargin=\dimen139
\subfiglabelskip=\skip54
\c@subfigure=\count114
\c@lofdepth=\count115
\c@subtable=\count116
\c@lotdepth=\count117

****************************************
* Local config file subfigure.cfg used *
****************************************
(C:\Users\phant\AppData\Roaming\MiKTeX\2.9\tex/latex/subfigure\subfigure.cfg)
\subfig@top=\skip55
\subfig@bottom=\skip56
)
(C:\software\CTEX\MikTex\tex/latex/amsfonts\amssymb.sty
Package: amssymb 2013/01/14 v3.01 AMS font symbols

(C:\software\CTEX\MikTex\tex/latex/amsfonts\amsfonts.sty
Package: amsfonts 2013/01/14 v3.01 Basic AMSFonts support
\symAMSa=\mathgroup4
\symAMSb=\mathgroup5
LaTeX Font Info:    Overwriting math alphabet `\mathfrak' in version `bold'
(Font)                  U/euf/m/n --> U/euf/b/n on input line 106.
))
(C:\Users\phant\AppData\Roaming\MiKTeX\2.9\tex/latex/ulem\ulem.sty
\UL@box=\box33
\UL@hyphenbox=\box34
\UL@skip=\skip57
\UL@hook=\toks25
\UL@height=\dimen140
\UL@pe=\count118
\UL@pixel=\dimen141
\ULC@box=\box35
Package: ulem 2012/05/18
\ULdepth=\dimen142
)
(C:\software\CTEX\MikTex\tex/latex/graphics\color.sty
Package: color 2016/07/10 v1.1e Standard LaTeX Color (DPC)

(C:\software\CTEX\MikTex\tex/latex/graphics-cfg\color.cfg
File: color.cfg 2016/01/02 v1.6 sample color configuration
)
Package color Info: Driver file: pdftex.def on input line 147.
)
(C:\Users\phant\AppData\Roaming\MiKTeX\2.9\tex/latex/booktabs\booktabs.sty
Package: booktabs 2005/04/14 v1.61803 publication quality tables
\heavyrulewidth=\dimen143
\lightrulewidth=\dimen144
\cmidrulewidth=\dimen145
\belowrulesep=\dimen146
\belowbottomsep=\dimen147
\aboverulesep=\dimen148
\abovetopsep=\dimen149
\cmidrulesep=\dimen150
\cmidrulekern=\dimen151
\defaultaddspace=\dimen152
\@cmidla=\count119
\@cmidlb=\count120
\@aboverulesep=\dimen153
\@belowrulesep=\dimen154
\@thisruleclass=\count121
\@lastruleclass=\count122
\@thisrulewidth=\dimen155
)
(C:\Users\phant\AppData\Roaming\MiKTeX\2.9\tex/latex/url\url.sty
\Urlmuskip=\muskip11
Package: url 2013/09/16  ver 3.4  Verb mode for urls, etc.
) (DRT4WS.aux

LaTeX Warning: Label `sec:conclusion' multiply defined.

)
\openout1 = `DRT4WS.aux'.

LaTeX Font Info:    Checking defaults for OML/cmm/m/it on input line 22.
LaTeX Font Info:    ... okay on input line 22.
LaTeX Font Info:    Checking defaults for T1/cmr/m/n on input line 22.
LaTeX Font Info:    ... okay on input line 22.
LaTeX Font Info:    Checking defaults for OT1/cmr/m/n on input line 22.
LaTeX Font Info:    ... okay on input line 22.
LaTeX Font Info:    Checking defaults for OMS/cmsy/m/n on input line 22.
LaTeX Font Info:    ... okay on input line 22.
LaTeX Font Info:    Checking defaults for OMX/cmex/m/n on input line 22.
LaTeX Font Info:    ... okay on input line 22.
LaTeX Font Info:    Checking defaults for U/cmr/m/n on input line 22.
LaTeX Font Info:    ... okay on input line 22.

-- Lines per column: 61 (exact).
(C:\Users\phant\AppData\Roaming\MiKTeX\2.9\tex/context/base/mkii\supp-pdf.mkii
[Loading MPS to PDF converter (version 2006.09.02).]
\scratchcounter=\count123
\scratchdimen=\dimen156
\scratchbox=\box36
\nofMPsegments=\count124
\nofMParguments=\count125
\everyMPshowfont=\toks26
\MPscratchCnt=\count126
\MPscratchDim=\dimen157
\MPnumerator=\count127
\makeMPintoPDFobject=\count128
\everyMPtoPDFconversion=\toks27
) (C:\software\CTEX\MikTex\tex/latex/oberdiek\epstopdf-base.sty
Package: epstopdf-base 2016/05/15 v2.6 Base part for package epstopdf

(C:\software\CTEX\MikTex\tex/generic/oberdiek\infwarerr.sty
Package: infwarerr 2016/05/16 v1.4 Providing info/warning/error messages (HO)
)
(C:\software\CTEX\MikTex\tex/latex/oberdiek\grfext.sty
Package: grfext 2016/05/16 v1.2 Manage graphics extensions (HO)

(C:\software\CTEX\MikTex\tex/generic/oberdiek\kvdefinekeys.sty
Package: kvdefinekeys 2016/05/16 v1.4 Define keys (HO)

(C:\software\CTEX\MikTex\tex/generic/oberdiek\ltxcmds.sty
Package: ltxcmds 2016/05/16 v1.23 LaTeX kernel commands for general use (HO)
)))
(C:\software\CTEX\MikTex\tex/latex/oberdiek\kvoptions.sty
Package: kvoptions 2016/05/16 v3.12 Key value format for package options (HO)

(C:\software\CTEX\MikTex\tex/generic/oberdiek\kvsetkeys.sty
Package: kvsetkeys 2016/05/16 v1.17 Key value parser (HO)

(C:\software\CTEX\MikTex\tex/generic/oberdiek\etexcmds.sty
Package: etexcmds 2016/05/16 v1.6 Avoid name clashes with e-TeX commands (HO)

(C:\software\CTEX\MikTex\tex/generic/oberdiek\ifluatex.sty
Package: ifluatex 2016/05/16 v1.4 Provides the ifluatex switch (HO)
Package ifluatex Info: LuaTeX not detected.
))))
(C:\software\CTEX\MikTex\tex/generic/oberdiek\pdftexcmds.sty
Package: pdftexcmds 2019/07/25 v0.30 Utility functions of pdfTeX for LuaTeX (HO
)

(C:\software\CTEX\MikTex\tex/generic/oberdiek\ifpdf.sty
Package: ifpdf 2018/09/07 v3.3 Provides the ifpdf switch
)
Package pdftexcmds Info: LuaTeX not detected.
Package pdftexcmds Info: \pdf@primitive is available.
Package pdftexcmds Info: \pdf@ifprimitive is available.
Package pdftexcmds Info: \pdfdraftmode found.
)
Package epstopdf-base Info: Redefining graphics rule for `.eps' on input line 4
38.
Package grfext Info: Graphics extension search list:
(grfext)             [.pdf,.png,.jpg,.mps,.jpeg,.jbig2,.jb2,.PDF,.PNG,.JPG,.JPE
G,.JBIG2,.JB2,.eps]
(grfext)             \AppendGraphicsExtensions on input line 456.
)
LaTeX Font Info:    Try loading font information for OT1+phv on input line 54.

(C:\software\CTEX\MikTex\tex/latex/psnfss\ot1phv.fd
File: ot1phv.fd 2001/06/04 scalable font definitions for OT1/phv.
)
LaTeX Font Info:    Font shape `OT1/phv/m/it' in size <11.04124> not available
(Font)              Font shape `OT1/phv/m/sl' tried instead on input line 54.
LaTeX Font Info:    Font shape `OT1/phv/bx/n' in size <8.03> not available
(Font)              Font shape `OT1/phv/b/n' tried instead on input line 54.
LaTeX Font Info:    Calculating math sizes for size <11.04124> on input line 54
.
LaTeX Font Info:    Try loading font information for U+msa on input line 54.

(C:\software\CTEX\MikTex\tex/latex/amsfonts\umsa.fd
File: umsa.fd 2013/01/14 v3.01 AMS symbols A
)
LaTeX Font Info:    Try loading font information for U+msb on input line 54.

(C:\software\CTEX\MikTex\tex/latex/amsfonts\umsb.fd
File: umsb.fd 2013/01/14 v3.01 AMS symbols B
)
LaTeX Font Info:    Try loading font information for U+pzd on input line 54.

(C:\software\CTEX\MikTex\tex/latex/psnfss\upzd.fd
File: upzd.fd 2001/06/04 font definitions for U/pzd.
)
Underfull \hbox (badness 5862) in paragraph at lines 54--54
[][]\OT1/ppl/m/it/8.03 D. Towey is with the School of Com-puter Sci-ence, Uni-v
er-sity
 []


Underfull \hbox (badness 10000) in paragraph at lines 54--54
\OT1/ppl/m/it/8.03 of Not-ting-ham Ningbo China, Ningbo 315100, China. E-mail:
 []

LaTeX Font Info:    Font shape `OT1/phv/bx/n' in size <11.04124> not available
(Font)              Font shape `OT1/phv/b/n' tried instead on input line 62.
LaTeX Font Info:    Font shape `OT1/phv/bx/sc' in size <11.04124> not available

(Font)              Font shape `OT1/phv/b/sc' tried instead on input line 62.
[1{C:/Users/phant/AppData/Local/MiKTeX/2.9/pdftex/config/pdftex.map}


]
LaTeX Font Info:    Calculating math sizes for size <9.53561> on input line 108
.
LaTeX Font Info:    Font shape `OT1/phv/bx/n' in size <9.53561> not available
(Font)              Font shape `OT1/phv/b/n' tried instead on input line 129.
 [2]

LaTeX Warning: No positions in optional float specifier.
               Default added (so using `tbp') on input line 255.

<fig//framework.pdf, id=21, 425.59pt x 190.7125pt>
File: fig//framework.pdf Graphic file (type pdf)
<use fig//framework.pdf>
Package pdftex.def Info: fig//framework.pdf  used on input line 257.
(pdftex.def)             Requested size: 258.9675pt x 116.05217pt.

Overfull \hbox (6.0225pt too wide) in paragraph at lines 257--258
 [][] 
 []

[3 <./fig//framework.pdf>]
Underfull \hbox (badness 10000) in paragraph at lines 339--347
[]\OT1/ppl/m/n/9.53561 Initially, the test pro-file is
 []


Underfull \hbox (badness 10000) in paragraph at lines 339--347
\OMS/cmsy/m/n/10 f[] \OML/cmm/m/it/10 ; [] ; [] ; []\OMS/cmsy/m/n/10 g$\OT1/ppl
/m/n/9.53561 , which, af-ter $\OML/cmm/m/it/10 n$
 []


Underfull \hbox (badness 3078) in paragraph at lines 339--347
\OT1/ppl/m/n/9.53561 test cases have been ex-e-cuted, is then up-dated to
 []


Underfull \hbox (badness 10000) in paragraph at lines 339--347
\OMS/cmsy/m/n/10 f[] \OML/cmm/m/it/10 ; [] ; [] ; []\OMS/cmsy/m/n/10 g$\OT1/ppl
/m/n/9.53561 . Dur-ing the test-ing
 []

[4]
\c@lem=\count129
\c@theo=\count130

Underfull \hbox (badness 10000) in paragraph at lines 449--449
[][][]\OT1/ppl/m/n/8.03 The pro-to-type tool, to-gether with a num-ber of
 []


Underfull \hbox (badness 10000) in paragraph at lines 449--449
\OT1/ppl/m/n/8.03 ac-com-pa-ny-ing re-sources, has been made avail-able at:
 []

<fig/parameter.pdf, id=75, 211.992pt x 184.0476pt>
File: fig/parameter.pdf Graphic file (type pdf)
<use fig/parameter.pdf>
Package pdftex.def Info: fig/parameter.pdf  used on input line 477.
(pdftex.def)             Requested size: 253.79715pt x 227.62129pt.
<fig/partition.pdf, id=76, 297.12526pt x 333.26213pt>
File: fig/partition.pdf Graphic file (type pdf)
<use fig/partition.pdf>
Package pdftex.def Info: fig/partition.pdf  used on input line 478.
(pdftex.def)             Requested size: 253.79991pt x 256.07867pt.

Overfull \hbox (0.85216pt too wide) in paragraph at lines 477--479
 [][] 
 []


Overfull \hbox (0.85492pt too wide) in paragraph at lines 477--479
 [] 
 []

[5]
Underfull \vbox (badness 4779) has occurred while \output is active []


Underfull \hbox (badness 10000) in paragraph at lines 519--519
[][][]\OT1/ppl/m/n/8.03 The im-ple-men-ta-tions have been made avail-able at:
 []

LaTeX Font Info:    Try loading font information for OT1+pcr on input line 520.

(C:\software\CTEX\MikTex\tex/latex/psnfss\ot1pcr.fd
File: ot1pcr.fd 2001/06/04 font definitions for OT1/pcr.
)
Underfull \hbox (badness 7344) in paragraph at lines 519--526
\OT1/pcr/m/n/9.53561 Consignment Management Service (ACMS)\OT1/ppl/m/n/9.53561 
; \OT1/pcr/m/n/9.53561 China
 []


Underfull \hbox (badness 10000) in paragraph at lines 519--526
\OT1/pcr/m/n/9.53561 Unicom billing service (CUBS)\OT1/ppl/m/n/9.53561 ; and \O
T1/pcr/m/n/9.53561 Parking
 []

LaTeX Font Info:    Calculating math sizes for size <8.03> on input line 531.
LaTeX Font Info:    Font shape `OT1/phv/m/it' in size <9.53561> not available
(Font)              Font shape `OT1/phv/m/sl' tried instead on input line 540.
[6 <./fig/parameter.pdf> <./fig/partition.pdf

pdfTeX warning: pdflatex.EXE (file ./fig/partition.pdf): PDF inclusion: multipl
e pdfs with page group included in a single page
>]
Overfull \hbox (1.63066pt too wide) in paragraph at lines 588--598
 [][] 
 []

[7] [8] [9]
Underfull \hbox (badness 10000) in paragraph at lines 848--854
\OT1/cmr/m/n/10 04\OML/cmm/m/it/10 ; \OT1/cmr/m/n/10 1\OML/cmm/m/it/10 :\OT1/cm
r/m/n/10 0\OML/cmm/m/it/10 E$\OT1/ppl/m/n/9.53561 -$\OT1/cmr/m/n/10 03\OML/cmm/
m/it/10 ; \OT1/cmr/m/n/10 5\OML/cmm/m/it/10 :\OT1/cmr/m/n/10 0\OML/cmm/m/it/10 
E$\OT1/ppl/m/n/9.53561 -$\OT1/cmr/m/n/10 03\OML/cmm/m/it/10 ; \OT1/cmr/m/n/10 1
\OML/cmm/m/it/10 :\OT1/cmr/m/n/10 0\OML/cmm/m/it/10 E$\OT1/ppl/m/n/9.53561 -$\O
T1/cmr/m/n/10 02\OML/cmm/m/it/10 ; \OT1/cmr/m/n/10 5\OML/cmm/m/it/10 :\OT1/cmr/
m/n/10 0\OML/cmm/m/it/10 E$\OT1/ppl/m/n/9.53561 -$\OT1/cmr/m/n/10 02\OML/cmm/m/
it/10 ; \OT1/cmr/m/n/10 1\OML/cmm/m/it/10 :\OT1/cmr/m/n/10 0\OML/cmm/m/it/10 E$
\OT1/ppl/m/n/9.53561 -$\OT1/cmr/m/n/10 01\OML/cmm/m/it/10 ; \OT1/cmr/m/n/10 2\O
ML/cmm/m/it/10 E$\OT1/ppl/m/n/9.53561 -$\OT1/cmr/m/n/10 01\OML/cmm/m/it/10 ; \O
T1/cmr/m/n/10 3\OML/cmm/m/it/10 E$\OT1/ppl/m/n/9.53561 -
 []

<fig/drtresultbox/acmsFbySun.pdf, id=116, 585.18625pt x 498.86375pt>
File: fig/drtresultbox/acmsFbySun.pdf Graphic file (type pdf)
<use fig/drtresultbox/acmsFbySun.pdf>
Package pdftex.def Info: fig/drtresultbox/acmsFbySun.pdf  used on input line 90
5.
(pdftex.def)             Requested size: 248.6071pt x 199.16898pt.
<fig/drtresultbox/cubsFbySun.pdf, id=117, 588.1975pt x 498.86375pt>
File: fig/drtresultbox/cubsFbySun.pdf Graphic file (type pdf)
<use fig/drtresultbox/cubsFbySun.pdf>
Package pdftex.def Info: fig/drtresultbox/cubsFbySun.pdf  used on input line 90
6.
(pdftex.def)             Requested size: 248.60294pt x 199.16898pt.
<fig/drtresultbox/pbsFbySun.pdf, id=118, 588.1975pt x 486.81876pt>
File: fig/drtresultbox/pbsFbySun.pdf Graphic file (type pdf)
<use fig/drtresultbox/pbsFbySun.pdf>
Package pdftex.def Info: fig/drtresultbox/pbsFbySun.pdf  used on input line 907
.
(pdftex.def)             Requested size: 248.60294pt x 199.16614pt.
<fig/drtresultbox/acmsF2bySun.pdf, id=119, 585.18625pt x 486.81876pt>
File: fig/drtresultbox/acmsF2bySun.pdf Graphic file (type pdf)
<use fig/drtresultbox/acmsF2bySun.pdf>
Package pdftex.def Info: fig/drtresultbox/acmsF2bySun.pdf  used on input line 9
14.
(pdftex.def)             Requested size: 248.6071pt x 199.16614pt.
<fig/drtresultbox/cubsF2bySun.pdf, id=120, 596.2275pt x 486.81876pt>
File: fig/drtresultbox/cubsF2bySun.pdf Graphic file (type pdf)
<use fig/drtresultbox/cubsF2bySun.pdf>
Package pdftex.def Info: fig/drtresultbox/cubsF2bySun.pdf  used on input line 9
15.
(pdftex.def)             Requested size: 248.6034pt x 199.16614pt.
<fig/drtresultbox/pbsF2bySun.pdf, id=121, 588.1975pt x 486.81876pt>
File: fig/drtresultbox/pbsF2bySun.pdf Graphic file (type pdf)
<use fig/drtresultbox/pbsF2bySun.pdf>
Package pdftex.def Info: fig/drtresultbox/pbsF2bySun.pdf  used on input line 91
6.
(pdftex.def)             Requested size: 248.60294pt x 199.16614pt.
<fig/drtresultbox/acmsTbySun.pdf, id=122, 600.2425pt x 486.81876pt>
File: fig/drtresultbox/acmsTbySun.pdf Graphic file (type pdf)
<use fig/drtresultbox/acmsTbySun.pdf>
Package pdftex.def Info: fig/drtresultbox/acmsTbySun.pdf  used on input line 92
3.
(pdftex.def)             Requested size: 248.60141pt x 199.16614pt.
<fig/drtresultbox/cubsTbySun.pdf, id=123, 622.325pt x 486.81876pt>
File: fig/drtresultbox/cubsTbySun.pdf Graphic file (type pdf)
<use fig/drtresultbox/cubsTbySun.pdf>
Package pdftex.def Info: fig/drtresultbox/cubsTbySun.pdf  used on input line 92
4.
(pdftex.def)             Requested size: 248.60272pt x 199.16614pt.
<fig/drtresultbox/pbsTbySun.pdf, id=124, 600.2425pt x 486.81876pt>
File: fig/drtresultbox/pbsTbySun.pdf Graphic file (type pdf)
<use fig/drtresultbox/pbsTbySun.pdf>
Package pdftex.def Info: fig/drtresultbox/pbsTbySun.pdf  used on input line 925
.
(pdftex.def)             Requested size: 248.60141pt x 199.16614pt.
[10]
<fig/drtparemeter/avias1.pdf, id=128, 699.61375pt x 499.8675pt>
File: fig/drtparemeter/avias1.pdf Graphic file (type pdf)
<use fig/drtparemeter/avias1.pdf>
Package pdftex.def Info: fig/drtparemeter/avias1.pdf  used on input line 955.
(pdftex.def)             Requested size: 253.7823pt x 142.2654pt.
<fig/drtparemeter/avias2.pdf, id=129, 699.61375pt x 499.8675pt>
File: fig/drtparemeter/avias2.pdf Graphic file (type pdf)
<use fig/drtparemeter/avias2.pdf>
Package pdftex.def Info: fig/drtparemeter/avias2.pdf  used on input line 956.
(pdftex.def)             Requested size: 253.7823pt x 142.2654pt.
<fig/drtparemeter/cubss1.pdf, id=130, 722.7pt x 509.905pt>
File: fig/drtparemeter/cubss1.pdf Graphic file (type pdf)
<use fig/drtparemeter/cubss1.pdf>
Package pdftex.def Info: fig/drtparemeter/cubss1.pdf  used on input line 957.
(pdftex.def)             Requested size: 253.78687pt x 142.2667pt.
<fig/drtparemeter/cubss2.pdf, id=131, 712.6625pt x 509.905pt>
File: fig/drtparemeter/cubss2.pdf Graphic file (type pdf)
<use fig/drtparemeter/cubss2.pdf>
Package pdftex.def Info: fig/drtparemeter/cubss2.pdf  used on input line 958.
(pdftex.def)             Requested size: 253.78534pt x 142.2667pt.
<fig/drtparemeter/pbss1.pdf, id=132, 708.6475pt x 499.8675pt>
File: fig/drtparemeter/pbss1.pdf Graphic file (type pdf)
<use fig/drtparemeter/pbss1.pdf>
Package pdftex.def Info: fig/drtparemeter/pbss1.pdf  used on input line 959.
(pdftex.def)             Requested size: 253.7829pt x 142.2654pt.
<fig/drtparemeter/pbss2.pdf, id=133, 708.6475pt x 499.8675pt>
File: fig/drtparemeter/pbss2.pdf Graphic file (type pdf)
<use fig/drtparemeter/pbss2.pdf>
Package pdftex.def Info: fig/drtparemeter/pbss2.pdf  used on input line 960.
(pdftex.def)             Requested size: 253.7829pt x 142.2654pt.
 [11] [12] [13 <./fig/drtresultbox/acmsFbySun.pdf> <./fig/drtresultbox/cubsFbyS
un.pdf

pdfTeX warning: pdflatex.EXE (file ./fig/drtresultbox/cubsFbySun.pdf): PDF incl
usion: multiple pdfs with page group included in a single page
> <./fig/drtresultbox/pbsFbySun.pdf

pdfTeX warning: pdflatex.EXE (file ./fig/drtresultbox/pbsFbySun.pdf): PDF inclu
sion: multiple pdfs with page group included in a single page
> <./fig/drtresultbox/acmsF2bySun.pdf

pdfTeX warning: pdflatex.EXE (file ./fig/drtresultbox/acmsF2bySun.pdf): PDF inc
lusion: multiple pdfs with page group included in a single page
> <./fig/drtresultbox/cubsF2bySun.pdf

pdfTeX warning: pdflatex.EXE (file ./fig/drtresultbox/cubsF2bySun.pdf): PDF inc
lusion: multiple pdfs with page group included in a single page
> <./fig/drtresultbox/pbsF2bySun.pdf

pdfTeX warning: pdflatex.EXE (file ./fig/drtresultbox/pbsF2bySun.pdf): PDF incl
usion: multiple pdfs with page group included in a single page
>] (DRT4WS.bbl [14 <./fig/drtresultbox/acmsTbySun.pdf> <./fig/drtresultbox/cubs
TbySun.pdf

pdfTeX warning: pdflatex.EXE (file ./fig/drtresultbox/cubsTbySun.pdf): PDF incl
usion: multiple pdfs with page group included in a single page
> <./fig/drtresultbox/pbsTbySun.pdf

pdfTeX warning: pdflatex.EXE (file ./fig/drtresultbox/pbsTbySun.pdf): PDF inclu
sion: multiple pdfs with page group included in a single page
>]
Underfull \vbox (badness 1072) has occurred while \output is active []

 [15 <./fig/drtparemeter/avias1.pdf> <./fig/drtparemeter/avias2.pdf

pdfTeX warning: pdflatex.EXE (file ./fig/drtparemeter/avias2.pdf): PDF inclusio
n: multiple pdfs with page group included in a single page
> <./fig/drtparemeter/cubss1.pdf

pdfTeX warning: pdflatex.EXE (file ./fig/drtparemeter/cubss1.pdf): PDF inclusio
n: multiple pdfs with page group included in a single page
> <./fig/drtparemeter/cubss2.pdf

pdfTeX warning: pdflatex.EXE (file ./fig/drtparemeter/cubss2.pdf): PDF inclusio
n: multiple pdfs with page group included in a single page
> <./fig/drtparemeter/pbss1.pdf

pdfTeX warning: pdflatex.EXE (file ./fig/drtparemeter/pbss1.pdf): PDF inclusion
: multiple pdfs with page group included in a single page
> <./fig/drtparemeter/pbss2.pdf

pdfTeX warning: pdflatex.EXE (file ./fig/drtparemeter/pbss2.pdf): PDF inclusion
: multiple pdfs with page group included in a single page
>]
Missing character: There is no ¡ in font pplri7t!
Missing character: There is no ¯ in font pplri7t!
 [16])

pdfTeX warning: pdflatex.EXE (file ./fig/authors/CASun.pdf): PDF inclusion: fou
nd PDF version <1.6>, but at most version <1.5> allowed
<fig/authors/CASun.pdf, id=410, 74.43811pt x 99.4917pt>
File: fig/authors/CASun.pdf Graphic file (type pdf)
<use fig/authors/CASun.pdf>
Package pdftex.def Info: fig/authors/CASun.pdf  used on input line 1134.
(pdftex.def)             Requested size: 67.59338pt x 90.34325pt.
File: fig/authors/CASun.pdf Graphic file (type pdf)
<use fig/authors/CASun.pdf>
Package pdftex.def Info: fig/authors/CASun.pdf  used on input line 1134.
(pdftex.def)             Requested size: 67.59338pt x 90.34325pt.
<fig/authors/HPDai.jpg, id=413, 71.0655pt x 99.4917pt>
File: fig/authors/HPDai.jpg Graphic file (type jpg)
<use fig/authors/HPDai.jpg>
Package pdftex.def Info: fig/authors/HPDai.jpg  used on input line 1139.
(pdftex.def)             Requested size: 64.53088pt x 90.34325pt.
File: fig/authors/HPDai.jpg Graphic file (type jpg)
<use fig/authors/HPDai.jpg>
Package pdftex.def Info: fig/authors/HPDai.jpg  used on input line 1139.
(pdftex.def)             Requested size: 64.53088pt x 90.34325pt.
<fig/authors/GWang.jpg, id=416, 215.30438pt x 263.48438pt>
File: fig/authors/GWang.jpg Graphic file (type jpg)
<use fig/authors/GWang.jpg>
Package pdftex.def Info: fig/authors/GWang.jpg  used on input line 1142.
(pdftex.def)             Requested size: 72.2695pt x 88.44168pt.
File: fig/authors/GWang.jpg Graphic file (type jpg)
<use fig/authors/GWang.jpg>
Package pdftex.def Info: fig/authors/GWang.jpg  used on input line 1142.
(pdftex.def)             Requested size: 72.2695pt x 88.44168pt.
<fig/authors/DaveTowey.png, id=419, 876.27374pt x 1044.90375pt>
File: fig/authors/DaveTowey.png Graphic file (type png)
<use fig/authors/DaveTowey.png>
Package pdftex.def Info: fig/authors/DaveTowey.png  used on input line 1145.
(pdftex.def)             Requested size: 72.2694pt x 86.17691pt.
File: fig/authors/DaveTowey.png Graphic file (type png)
<use fig/authors/DaveTowey.png>
Package pdftex.def Info: fig/authors/DaveTowey.png  used on input line 1145.
(pdftex.def)             Requested size: 72.2694pt x 86.17691pt.


pdfTeX warning: pdflatex.EXE (file ./fig/authors/TYChen.pdf): PDF inclusion: fo
und PDF version <1.6>, but at most version <1.5> allowed
<fig/authors/TYChen.pdf, id=422, 310.15875pt x 371.3875pt>
File: fig/authors/TYChen.pdf Graphic file (type pdf)
<use fig/authors/TYChen.pdf>
Package pdftex.def Info: fig/authors/TYChen.pdf  used on input line 1148.
(pdftex.def)             Requested size: 72.26733pt x 86.5337pt.
File: fig/authors/TYChen.pdf Graphic file (type pdf)
<use fig/authors/TYChen.pdf>
Package pdftex.def Info: fig/authors/TYChen.pdf  used on input line 1148.
(pdftex.def)             Requested size: 72.26733pt x 86.5337pt.


pdfTeX warning: pdflatex.EXE (file ./fig/authors/KYCai.pdf): PDF inclusion: fou
nd PDF version <1.6>, but at most version <1.5> allowed
<fig/authors/KYCai.pdf, id=425, 72.27pt x 101.17801pt>
File: fig/authors/KYCai.pdf Graphic file (type pdf)
<use fig/authors/KYCai.pdf>
Package pdftex.def Info: fig/authors/KYCai.pdf  used on input line 1151.
(pdftex.def)             Requested size: 64.5296pt x 90.34146pt.
File: fig/authors/KYCai.pdf Graphic file (type pdf)
<use fig/authors/KYCai.pdf>
Package pdftex.def Info: fig/authors/KYCai.pdf  used on input line 1151.
(pdftex.def)             Requested size: 64.5296pt x 90.34146pt.
[17 <./fig/authors/CASun.pdf> <./fig/authors/HPDai.jpg> <./fig/authors/GWang.jp
g> <./fig/authors/DaveTowey.png> <./fig/authors/TYChen.pdf> <./fig/authors/KYCa
i.pdf>] (DRT4WS.aux)

LaTeX Warning: There were multiply-defined labels.

 ) 
Here is how much of TeX's memory you used:
 4462 strings out of 492895
 67330 string characters out of 3135367
 172830 words of memory out of 3000000
 8232 multiletter control sequences out of 15000+200000
 57144 words of font info for 133 fonts, out of 3000000 for 9000
 1144 hyphenation exceptions out of 8191
 41i,15n,37p,2283b,484s stack positions out of 5000i,500n,10000p,200000b,50000s
{C:/software/CTEX/MikTex/fonts/enc/dvips/base/8r.enc}<C:/software/CTEX/MikTex
/fonts/type1/public/amsfonts/cm/cmex10.pfb><C:/software/CTEX/MikTex/fonts/type1
/public/amsfonts/cmextra/cmex8.pfb><C:/software/CTEX/MikTex/fonts/type1/public/
amsfonts/cm/cmmi10.pfb><C:/software/CTEX/MikTex/fonts/type1/public/amsfonts/cm/
cmmi5.pfb><C:/software/CTEX/MikTex/fonts/type1/public/amsfonts/cm/cmmi6.pfb><C:
/software/CTEX/MikTex/fonts/type1/public/amsfonts/cm/cmmi7.pfb><C:/software/CTE
X/MikTex/fonts/type1/public/amsfonts/cm/cmmi8.pfb><C:/software/CTEX/MikTex/font
s/type1/public/amsfonts/cm/cmr10.pfb><C:/software/CTEX/MikTex/fonts/type1/publi
c/amsfonts/cm/cmr6.pfb><C:/software/CTEX/MikTex/fonts/type1/public/amsfonts/cm/
cmr7.pfb><C:/software/CTEX/MikTex/fonts/type1/public/amsfonts/cm/cmr8.pfb><C:/s
oftware/CTEX/MikTex/fonts/type1/public/amsfonts/cm/cmsy10.pfb><C:/software/CTEX
/MikTex/fonts/type1/public/amsfonts/cm/cmsy5.pfb><C:/software/CTEX/MikTex/fonts
/type1/public/amsfonts/cm/cmsy6.pfb><C:/software/CTEX/MikTex/fonts/type1/public
/amsfonts/cm/cmsy7.pfb><C:/software/CTEX/MikTex/fonts/type1/public/amsfonts/cm/
cmsy8.pfb><C:/software/CTEX/MikTex/fonts/type1/public/amsfonts/symbols/msam10.p
fb><C:/software/CTEX/MikTex/fonts/type1/urw/courier/ucrr8a.pfb><C:/software/CTE
X/MikTex/fonts/type1/urw/helvetic/uhvb8a.pfb><C:/software/CTEX/MikTex/fonts/typ
e1/urw/helvetic/uhvr8a.pfb><C:/software/CTEX/MikTex/fonts/type1/urw/helvetic/uh
vro8a.pfb><C:/software/CTEX/MikTex/fonts/type1/urw/palatino/uplb8a.pfb><C:/soft
ware/CTEX/MikTex/fonts/type1/urw/palatino/uplbi8a.pfb><C:/software/CTEX/MikTex/
fonts/type1/urw/palatino/uplr8a.pfb><C:/software/CTEX/MikTex/fonts/type1/urw/pa
latino/uplri8a.pfb><C:/software/CTEX/MikTex/fonts/type1/urw/zapfding/uzdr.pfb>
Output written on DRT4WS.pdf (17 pages, 2245099 bytes).
PDF statistics:
 531 PDF objects out of 1000 (max. 8388607)
 0 named destinations out of 1000 (max. 500000)
 193 words of extra memory for PDF output out of 10000 (max. 10000000)

