This is pdfTeX, Version 3.1415926-2.3-1.40.12 (MiKTeX 2.9) (preloaded format=pdflatex 2018.4.15)  26 JUL 2019 19:54
entering extended mode
**F:/mypapers/AMT/AMT/AMT.tex
(F:/mypapers/AMT/AMT/AMT.tex
LaTeX2e <2011/06/27>
Babel <v3.8m> and hyphenation patterns for loaded.
(F:\mypapers\AMT\AMT\IEEEtran.cls
Document Class: IEEEtran 2015/08/26 V1.8b by Michael Shell
-- See the "IEEEtran_HOWTO" manual for usage information.
-- http://www.michaelshell.org/tex/ieeetran/
\@IEEEtrantmpdimenA=\dimen102
\@IEEEtrantmpdimenB=\dimen103
\@IEEEtrantmpdimenC=\dimen104
\@IEEEtrantmpcountA=\count79
\@IEEEtrantmpcountB=\count80
\@IEEEtrantmpcountC=\count81
\@IEEEtrantmptoksA=\toks14
LaTeX Font Info:    Try loading font information for OT1+ppl on input line 503.

(G:\latex\CTEX\MiKTeX\tex\latex\psnfss\ot1ppl.fd
File: ot1ppl.fd 2001/06/04 font definitions for OT1/ppl.
)
-- Using IEEE Computer Society mode.
-- Using 8.5in x 11in (letter) paper.
-- Using PDF output.
\@IEEEnormalsizeunitybaselineskip=\dimen105
-- This is a 10 point document.
\CLASSINFOnormalsizebaselineskip=\dimen106
\CLASSINFOnormalsizeunitybaselineskip=\dimen107
\IEEEnormaljot=\dimen108
LaTeX Font Info:    Font shape `OT1/ppl/bx/n' in size <5.01874> not available
(Font)              Font shape `OT1/ppl/b/n' tried instead on input line 1090.
LaTeX Font Info:    Font shape `OT1/ppl/bx/it' in size <5.01874> not available
(Font)              Font shape `OT1/ppl/b/it' tried instead on input line 1090.

LaTeX Font Info:    Font shape `OT1/ppl/bx/n' in size <7.02625> not available
(Font)              Font shape `OT1/ppl/b/n' tried instead on input line 1090.
LaTeX Font Info:    Font shape `OT1/ppl/bx/it' in size <7.02625> not available
(Font)              Font shape `OT1/ppl/b/it' tried instead on input line 1090.

LaTeX Font Info:    Font shape `OT1/ppl/bx/n' in size <8.03> not available
(Font)              Font shape `OT1/ppl/b/n' tried instead on input line 1090.
LaTeX Font Info:    Font shape `OT1/ppl/bx/it' in size <8.03> not available
(Font)              Font shape `OT1/ppl/b/it' tried instead on input line 1090.

LaTeX Font Info:    Font shape `OT1/ppl/bx/n' in size <9.03374> not available
(Font)              Font shape `OT1/ppl/b/n' tried instead on input line 1090.
LaTeX Font Info:    Font shape `OT1/ppl/bx/it' in size <9.03374> not available
(Font)              Font shape `OT1/ppl/b/it' tried instead on input line 1090.

LaTeX Font Info:    Font shape `OT1/ppl/bx/n' in size <9.53561> not available
(Font)              Font shape `OT1/ppl/b/n' tried instead on input line 1090.
LaTeX Font Info:    Font shape `OT1/ppl/bx/it' in size <9.53561> not available
(Font)              Font shape `OT1/ppl/b/it' tried instead on input line 1090.

LaTeX Font Info:    Font shape `OT1/ppl/bx/n' in size <11.04124> not available
(Font)              Font shape `OT1/ppl/b/n' tried instead on input line 1090.
LaTeX Font Info:    Font shape `OT1/ppl/bx/it' in size <11.04124> not available

(Font)              Font shape `OT1/ppl/b/it' tried instead on input line 1090.

LaTeX Font Info:    Font shape `OT1/ppl/bx/n' in size <12.045> not available
(Font)              Font shape `OT1/ppl/b/n' tried instead on input line 1090.
LaTeX Font Info:    Font shape `OT1/ppl/bx/it' in size <12.045> not available
(Font)              Font shape `OT1/ppl/b/it' tried instead on input line 1090.

LaTeX Font Info:    Font shape `OT1/ppl/bx/n' in size <17.06374> not available
(Font)              Font shape `OT1/ppl/b/n' tried instead on input line 1090.
LaTeX Font Info:    Font shape `OT1/ppl/bx/it' in size <17.06374> not available

(Font)              Font shape `OT1/ppl/b/it' tried instead on input line 1090.

LaTeX Font Info:    Font shape `OT1/ppl/bx/n' in size <20.075> not available
(Font)              Font shape `OT1/ppl/b/n' tried instead on input line 1090.
LaTeX Font Info:    Font shape `OT1/ppl/bx/it' in size <20.075> not available
(Font)              Font shape `OT1/ppl/b/it' tried instead on input line 1090.

LaTeX Font Info:    Font shape `OT1/ppl/bx/n' in size <24.09> not available
(Font)              Font shape `OT1/ppl/b/n' tried instead on input line 1090.
LaTeX Font Info:    Font shape `OT1/ppl/bx/it' in size <24.09> not available
(Font)              Font shape `OT1/ppl/b/it' tried instead on input line 1090.

\IEEEquantizedlength=\dimen109
\IEEEquantizedlengthdiff=\dimen110
\IEEEquantizedtextheightdiff=\dimen111
\IEEEilabelindentA=\dimen112
\IEEEilabelindentB=\dimen113
\IEEEilabelindent=\dimen114
\IEEEelabelindent=\dimen115
\IEEEdlabelindent=\dimen116
\IEEElabelindent=\dimen117
\IEEEiednormlabelsep=\dimen118
\IEEEiedmathlabelsep=\dimen119
\IEEEiedtopsep=\skip41
\c@section=\count82
\c@subsection=\count83
\c@subsubsection=\count84
\c@paragraph=\count85
\c@IEEEsubequation=\count86
\abovecaptionskip=\skip42
\belowcaptionskip=\skip43
\c@figure=\count87
\c@table=\count88
\@IEEEeqnnumcols=\count89
\@IEEEeqncolcnt=\count90
\@IEEEsubeqnnumrollback=\count91
\@IEEEquantizeheightA=\dimen120
\@IEEEquantizeheightB=\dimen121
\@IEEEquantizeheightC=\dimen122
\@IEEEquantizeprevdepth=\dimen123
\@IEEEquantizemultiple=\count92
\@IEEEquantizeboxA=\box26
\@IEEEtmpitemindent=\dimen124
\IEEEPARstartletwidth=\dimen125
\c@IEEEbiography=\count93
\@IEEEtranrubishbin=\box27
) (G:\latex\CTEX\MiKTeX\tex\latex\tools\enumerate.sty
Package: enumerate 1999/03/05 v3.00 enumerate extensions (DPC)
\@enLab=\toks15
)
(G:\latex\CTEX\MiKTeX\tex\latex\cite\cite.sty
LaTeX Info: Redefining \cite on input line 302.
LaTeX Info: Redefining \nocite on input line 373.
Package: cite 2010/09/10  v 5.3
)
(G:\latex\CTEX\MiKTeX\tex\latex\ams\math\amsmath.sty
Package: amsmath 2000/07/18 v2.13 AMS math features
\@mathmargin=\skip44

For additional information on amsmath, use the `?' option.
(G:\latex\CTEX\MiKTeX\tex\latex\ams\math\amstext.sty
Package: amstext 2000/06/29 v2.01

(G:\latex\CTEX\MiKTeX\tex\latex\ams\math\amsgen.sty
File: amsgen.sty 1999/11/30 v2.0
\@emptytoks=\toks16
\ex@=\dimen126
))
(G:\latex\CTEX\MiKTeX\tex\latex\ams\math\amsbsy.sty
Package: amsbsy 1999/11/29 v1.2d
\pmbraise@=\dimen127
)
(G:\latex\CTEX\MiKTeX\tex\latex\ams\math\amsopn.sty
Package: amsopn 1999/12/14 v2.01 operator names
)
\inf@bad=\count94
LaTeX Info: Redefining \frac on input line 211.
\uproot@=\count95
\leftroot@=\count96
LaTeX Info: Redefining \overline on input line 307.
\classnum@=\count97
\DOTSCASE@=\count98
LaTeX Info: Redefining \ldots on input line 379.
LaTeX Info: Redefining \dots on input line 382.
LaTeX Info: Redefining \cdots on input line 467.
\Mathstrutbox@=\box28
\strutbox@=\box29
\big@size=\dimen128
LaTeX Font Info:    Redeclaring font encoding OML on input line 567.
LaTeX Font Info:    Redeclaring font encoding OMS on input line 568.
\macc@depth=\count99
\c@MaxMatrixCols=\count100
\dotsspace@=\muskip10
\c@parentequation=\count101
\dspbrk@lvl=\count102
\tag@help=\toks17
\row@=\count103
\column@=\count104
\maxfields@=\count105
\andhelp@=\toks18
\eqnshift@=\dimen129
\alignsep@=\dimen130
\tagshift@=\dimen131
\tagwidth@=\dimen132
\totwidth@=\dimen133
\lineht@=\dimen134
\@envbody=\toks19
\multlinegap=\skip45
\multlinetaggap=\skip46
\mathdisplay@stack=\toks20
LaTeX Info: Redefining \[ on input line 2666.
LaTeX Info: Redefining \] on input line 2667.
)
(G:\latex\CTEX\MiKTeX\tex\latex\algorithms\algorithm.sty
Package: algorithm 2009/08/24 v0.1 Document Style `algorithm' - floating enviro
nment

(G:\latex\CTEX\MiKTeX\tex\latex\float\float.sty
Package: float 2001/11/08 v1.3d Float enhancements (AL)
\c@float@type=\count106
\float@exts=\toks21
\float@box=\box30
\@float@everytoks=\toks22
\@floatcapt=\box31
)
(G:\latex\CTEX\MiKTeX\tex\latex\base\ifthen.sty
Package: ifthen 2001/05/26 v1.1c Standard LaTeX ifthen package (DPC)
)
\@float@every@algorithm=\toks23
\c@algorithm=\count107
)
(G:\latex\CTEX\MiKTeX\tex\latex\algorithms\algorithmic.sty
Package: algorithmic 2009/08/24 v0.1 Document Style `algorithmic'

(G:\latex\CTEX\MiKTeX\tex\latex\graphics\keyval.sty
Package: keyval 1999/03/16 v1.13 key=value parser (DPC)
\KV@toks@=\toks24
)
\c@ALC@unique=\count108
\c@ALC@line=\count109
\c@ALC@rem=\count110
\c@ALC@depth=\count111
\ALC@tlm=\skip47
\algorithmicindent=\skip48
)
(G:\latex\CTEX\MiKTeX\tex\latex\graphics\graphicx.sty
Package: graphicx 1999/02/16 v1.0f Enhanced LaTeX Graphics (DPC,SPQR)

(G:\latex\CTEX\MiKTeX\tex\latex\graphics\graphics.sty
Package: graphics 2009/02/05 v1.0o Standard LaTeX Graphics (DPC,SPQR)

(G:\latex\CTEX\MiKTeX\tex\latex\graphics\trig.sty
Package: trig 1999/03/16 v1.09 sin cos tan (DPC)
)
(G:\latex\CTEX\MiKTeX\tex\latex\00miktex\graphics.cfg
File: graphics.cfg 2007/01/18 v1.5 graphics configuration of teTeX/TeXLive
)
Package graphics Info: Driver file: pdftex.def on input line 91.

(G:\latex\CTEX\MiKTeX\tex\latex\pdftex-def\pdftex.def
File: pdftex.def 2011/05/27 v0.06d Graphics/color for pdfTeX

(G:\latex\CTEX\MiKTeX\tex\generic\oberdiek\infwarerr.sty
Package: infwarerr 2010/04/08 v1.3 Providing info/warning/message (HO)
)
(G:\latex\CTEX\MiKTeX\tex\generic\oberdiek\ltxcmds.sty
Package: ltxcmds 2011/04/18 v1.20 LaTeX kernel commands for general use (HO)
)
\Gread@gobject=\count112
))
\Gin@req@height=\dimen135
\Gin@req@width=\dimen136
)
(G:\latex\CTEX\MiKTeX\tex\latex\multirow\multirow.sty
\bigstrutjot=\dimen137
)
(G:\latex\CTEX\MiKTeX\tex\latex\subfigure\subfigure.sty
Package: subfigure 2002/07/30 v2.1.4 subfigure package
\subfigtopskip=\skip49
\subfigcapskip=\skip50
\subfigcaptopadj=\dimen138
\subfigbottomskip=\skip51
\subfigcapmargin=\dimen139
\subfiglabelskip=\skip52
\c@subfigure=\count113
\c@lofdepth=\count114
\c@subtable=\count115
\c@lotdepth=\count116

****************************************
* Local config file subfigure.cfg used *
****************************************
(G:\latex\CTEX\MiKTeX\tex\latex\subfigure\subfigure.cfg)
\subfig@top=\skip53
\subfig@bottom=\skip54
)
(G:\latex\CTEX\MiKTeX\tex\latex\amsfonts\amssymb.sty
Package: amssymb 2009/06/22 v3.00

(G:\latex\CTEX\MiKTeX\tex\latex\amsfonts\amsfonts.sty
Package: amsfonts 2009/06/22 v3.00 Basic AMSFonts support
\symAMSa=\mathgroup4
\symAMSb=\mathgroup5
LaTeX Font Info:    Overwriting math alphabet `\mathfrak' in version `bold'
(Font)                  U/euf/m/n --> U/euf/b/n on input line 96.
))
(G:\latex\CTEX\MiKTeX\tex\latex\ulem\ulem.sty
\UL@box=\box32
\UL@hyphenbox=\box33
\UL@skip=\skip55
\UL@hook=\toks25
\UL@height=\dimen140
\UL@pe=\count117
\UL@pixel=\dimen141
\ULC@box=\box34
Package: ulem 2011/03/18
\ULdepth=\dimen142
)
(G:\latex\CTEX\MiKTeX\tex\latex\graphics\color.sty
Package: color 2005/11/14 v1.0j Standard LaTeX Color (DPC)

(G:\latex\CTEX\MiKTeX\tex\latex\00miktex\color.cfg
File: color.cfg 2007/01/18 v1.5 color configuration of teTeX/TeXLive
)
Package color Info: Driver file: pdftex.def on input line 130.
)
(G:\latex\CTEX\MiKTeX\tex\latex\tools\array.sty
Package: array 2008/09/09 v2.4c Tabular extension package (FMi)
\col@sep=\dimen143
\extrarowheight=\dimen144
\NC@list=\toks26
\extratabsurround=\skip56
\backup@length=\skip57
)
(G:\latex\CTEX\MiKTeX\tex\latex\booktabs\booktabs.sty
Package: booktabs 2005/04/14 v1.61803 publication quality tables
\heavyrulewidth=\dimen145
\lightrulewidth=\dimen146
\cmidrulewidth=\dimen147
\belowrulesep=\dimen148
\belowbottomsep=\dimen149
\aboverulesep=\dimen150
\abovetopsep=\dimen151
\cmidrulesep=\dimen152
\cmidrulekern=\dimen153
\defaultaddspace=\dimen154
\@cmidla=\count118
\@cmidlb=\count119
\@aboverulesep=\dimen155
\@belowrulesep=\dimen156
\@thisruleclass=\count120
\@lastruleclass=\count121
\@thisrulewidth=\dimen157
)
(F:\mypapers\AMT\AMT\AMT.aux

LaTeX Warning: Label `fig:framework' multiply defined.

)
LaTeX Font Info:    Checking defaults for OML/cmm/m/it on input line 20.
LaTeX Font Info:    ... okay on input line 20.
LaTeX Font Info:    Checking defaults for T1/cmr/m/n on input line 20.
LaTeX Font Info:    ... okay on input line 20.
LaTeX Font Info:    Checking defaults for OT1/cmr/m/n on input line 20.
LaTeX Font Info:    ... okay on input line 20.
LaTeX Font Info:    Checking defaults for OMS/cmsy/m/n on input line 20.
LaTeX Font Info:    ... okay on input line 20.
LaTeX Font Info:    Checking defaults for OMX/cmex/m/n on input line 20.
LaTeX Font Info:    ... okay on input line 20.
LaTeX Font Info:    Checking defaults for U/cmr/m/n on input line 20.
LaTeX Font Info:    ... okay on input line 20.

-- Lines per column: 61 (exact).
(G:\latex\CTEX\MiKTeX\tex\context\base\supp-pdf.mkii
[Loading MPS to PDF converter (version 2006.09.02).]
\scratchcounter=\count122
\scratchdimen=\dimen158
\scratchbox=\box35
\nofMPsegments=\count123
\nofMParguments=\count124
\everyMPshowfont=\toks27
\MPscratchCnt=\count125
\MPscratchDim=\dimen159
\MPnumerator=\count126
\makeMPintoPDFobject=\count127
\everyMPtoPDFconversion=\toks28
)
LaTeX Font Info:    Try loading font information for OT1+phv on input line 48.
 (G:\latex\CTEX\MiKTeX\tex\latex\psnfss\ot1phv.fd
File: ot1phv.fd 2001/06/04 scalable font definitions for OT1/phv.
)
LaTeX Font Info:    Font shape `OT1/phv/m/it' in size <11.04124> not available
(Font)              Font shape `OT1/phv/m/sl' tried instead on input line 48.
LaTeX Font Info:    Font shape `OT1/phv/bx/n' in size <8.03> not available
(Font)              Font shape `OT1/phv/b/n' tried instead on input line 48.
LaTeX Font Info:    Calculating math sizes for size <11.04124> on input line 48
.
LaTeX Font Info:    Try loading font information for U+msa on input line 48.

(G:\latex\CTEX\MiKTeX\tex\latex\amsfonts\umsa.fd
File: umsa.fd 2009/06/22 v3.00 AMS symbols A
)
LaTeX Font Info:    Try loading font information for U+msb on input line 48.

(G:\latex\CTEX\MiKTeX\tex\latex\amsfonts\umsb.fd
File: umsb.fd 2009/06/22 v3.00 AMS symbols B
)
LaTeX Font Info:    Try loading font information for U+pzd on input line 48.

(G:\latex\CTEX\MiKTeX\tex\latex\psnfss\upzd.fd
File: upzd.fd 2001/06/04 font definitions for U/pzd.
)
LaTeX Font Info:    Font shape `OT1/phv/bx/n' in size <11.04124> not available
(Font)              Font shape `OT1/phv/b/n' tried instead on input line 56.
LaTeX Font Info:    Font shape `OT1/phv/bx/sc' in size <11.04124> not available

(Font)              Font shape `OT1/phv/b/sc' tried instead on input line 56.
Missing character: There is no ¡ in font pplr7t!
Missing character: There is no ¯ in font pplr7t!
 [1{G:/latex/CTEX/UserData/pdftex/config/pdftex.map{Unicode.sfd}{UGBK.sfd}}


]

LaTeX Warning: Reference `sec:DRTforwebserivce' on page 2 undefined on input li
ne 97.


LaTeX Warning: Reference `sec:empiricalstudy' on page 2 undefined on input line
 98.


LaTeX Warning: Reference `sec:conclusion' on page 2 undefined on input line 99.


LaTeX Font Info:    Font shape `OT1/phv/bx/n' in size <9.53561> not available
(Font)              Font shape `OT1/phv/b/n' tried instead on input line 106.
[2]
LaTeX Font Info:    Calculating math sizes for size <9.53561> on input line 116
.
LaTeX Font Info:    Try loading font information for OT1+pcr on input line 126.

 (G:\latex\CTEX\MiKTeX\tex\latex\psnfss\ot1pcr.fd
File: ot1pcr.fd 2001/06/04 font definitions for OT1/pcr.
)
Underfull \hbox (badness 1629) in paragraph at lines 137--138
[]\OT1/ppl/m/n/9.53561 Decompose the func-tion-al spec-i-fi-ca-tion in-to
 []

[3] [4]
\c@theo=\count128

Underfull \hbox (badness 10000) in paragraph at lines 267--268
[]\OT1/ppl/b/it/9.53561 Theorem 1. \OT1/ppl/m/n/9.53561 De-fine a tu-ple of in-
te-gers $\OML/cmm/m/it/10 S \OT1/cmr/m/n/10 =$
 []


Underfull \hbox (badness 10000) in paragraph at lines 267--268
$\OT1/cmr/m/n/10 (\OML/cmm/m/it/10 s[]; s[]; [] ; s[]; s[]; s[]; [] ; s[]; [] ;
 s[]; s[]; [] ; s[]\OT1/cmr/m/n/10 )$\OT1/ppl/m/n/9.53561 ,
 []


Underfull \hbox (badness 1694) in paragraph at lines 267--268
\OT1/ppl/m/n/9.53561 where $\OML/cmm/m/it/10 g$ \OT1/ppl/m/n/9.53561 is the to-
tal num-ber of cat-e-gories, $\OML/cmm/m/it/10 h[]$ \OT1/ppl/m/n/9.53561 is
 []


Underfull \hbox (badness 1603) in paragraph at lines 296--297
[] []\OT1/ppl/m/n/9.53561 Set $\OML/cmm/m/it/10 e[] \OT1/cmr/m/n/10 = \OML/cmm/
m/it/10 c[]$\OT1/ppl/m/n/9.53561 , where $\OMS/cmsy/m/n/10 8\OML/cmm/m/it/10 u$
\OT1/ppl/m/n/9.53561 , $\OML/cmm/m/it/10 sum[]dist\OT1/cmr/m/n/10 (\OML/cmm/m/i
t/10 c[]; E\OT1/cmr/m/n/10 ) \OMS/cmsy/m/n/10 $
 []



pdfTeX warning: pdflatex.EXE (file F:/mypapers/AMT/AMT/fig//generateframework.p
df): PDF inclusion: found PDF version <1.7>, but at most version <1.5> allowed
<fig//generateframework.pdf, id=30, 590.70688pt x 331.73938pt>
File: fig//generateframework.pdf Graphic file (type pdf)

<use fig//generateframework.pdf>
Package pdftex.def Info: fig//generateframework.pdf used on input line 326.
(pdftex.def)             Requested size: 258.9675pt x 145.43933pt.

Overfull \hbox (6.0225pt too wide) in paragraph at lines 326--327
 [][] 
 []

[5 <F:/mypapers/AMT/AMT/fig//generateframework.pdf>]
LaTeX Font Info:    Font shape `OT1/phv/m/it' in size <9.53561> not available
(Font)              Font shape `OT1/phv/m/sl' tried instead on input line 437.
 [6]
Underfull \hbox (badness 1472) in paragraph at lines 453--454
\OT1/ppl/m/n/9.53561 whose source test case could be $\OML/cmm/m/it/10 stc[]$\O
T1/ppl/m/n/9.53561 ), PBM-R gen-er-
 []


Underfull \hbox (badness 2591) in paragraph at lines 453--454
\OT1/ppl/m/n/9.53561 ate a set of can-di-date folow-up test cas-es $\OML/cmm/m/
it/10 FC \OT1/cmr/m/n/10 =$
 []


Underfull \hbox (badness 6412) in paragraph at lines 472--473
[] []\OT1/ppl/m/n/9.53561 Calculate the max-i-mal val-ue $\OML/cmm/m/it/10 CP[]
$ \OT1/ppl/m/n/9.53561 ($\OML/cmm/m/it/10 max \OMS/cmsy/m/n/10 2$
 []



pdfTeX warning: pdflatex.EXE (file F:/mypapers/AMT/AMT/fig//pcenterpartitionfra
mework.pdf): PDF inclusion: found PDF version <1.7>, but at most version <1.5> 
allowed
<fig//pcenterpartitionframework.pdf, id=77, 761.34438pt x 381.92688pt>
File: fig//pcenterpartitionframework.pdf Graphic file (type pdf)

<use fig//pcenterpartitionframework.pdf>
Package pdftex.def Info: fig//pcenterpartitionframework.pdf used on input line 
485.
(pdftex.def)             Requested size: 258.9675pt x 129.91168pt.

Overfull \hbox (6.0225pt too wide) in paragraph at lines 485--486
 [][] 
 []



pdfTeX warning: pdflatex.EXE (file F:/mypapers/AMT/AMT/fig//mrscentricframework
.pdf): PDF inclusion: found PDF version <1.7>, but at most version <1.5> allowe
d
<fig//mrscentricframework.pdf, id=78, 762.85pt x 380.92313pt>
File: fig//mrscentricframework.pdf Graphic file (type pdf)

<use fig//mrscentricframework.pdf>
Package pdftex.def Info: fig//mrscentricframework.pdf used on input line 549.
(pdftex.def)             Requested size: 243.43007pt x 121.55495pt.
 [7 <F:/mypapers/AMT/AMT/fig//pcenterpartitionframework.pdf>]

pdfTeX warning: pdflatex.EXE (file F:/mypapers/AMT/AMT/fig//rtframework.pdf): P
DF inclusion: found PDF version <1.7>, but at most version <1.5> allowed
<fig//rtframework.pdf, id=124, 762.85pt x 380.92313pt>
File: fig//rtframework.pdf Graphic file (type pdf)

<use fig//rtframework.pdf>
Package pdftex.def Info: fig//rtframework.pdf used on input line 634.
(pdftex.def)             Requested size: 243.43007pt x 121.55495pt.

Underfull \vbox (badness 2547) has occurred while \output is active []

 [8 <F:/mypapers/AMT/AMT/fig//mrscentricframework.pdf>]
LaTeX Font Info:    Calculating math sizes for size <8.03> on input line 688.
 [9 <F:/mypapers/AMT/AMT/fig//rtframework.pdf>]
Overfull \vbox (2.87064pt too high) detected at line 727
 []


Overfull \vbox (3.49689pt too high) detected at line 727
 []


Overfull \vbox (2.87064pt too high) detected at line 742
 []


Overfull \vbox (3.49689pt too high) detected at line 742
 []

[10]
Overfull \hbox (0.85022pt too wide) in paragraph at lines 819--834
 [][] 
 []

[11]
LaTeX Font Info:    Try loading font information for OMS+ppl on input line 911.

 (G:\latex\CTEX\MiKTeX\tex\latex\psnfss\omsppl.fd
File: omsppl.fd 
)
LaTeX Font Info:    Font shape `OMS/ppl/m/n' in size <8.03> not available
(Font)              Font shape `OMS/cmsy/m/n' tried instead on input line 911.
Missing character: There is no ¡ in font pplr7t!
Missing character: There is no ¯ in font pplr7t!

Underfull \hbox (badness 10000) in paragraph at lines 1016--1017
\OT1/ppl/m/n/9.53561 Precise de-tail-s on the cat-e-gories and choic-es of
 []


Underfull \hbox (badness 7504) in paragraph at lines 1016--1017
\OT1/ppl/m/n/9.53561 SIR and GUN pro-gram-s are pro-vid-ed in Ta-bles
 []


Underfull \hbox (badness 10000) in paragraph at lines 1016--1017
\OT1/ppl/m/n/9.53561 A4 to A15 in the Ap-pen-dices, which can be
 []


Underfull \hbox (badness 3895) in paragraph at lines 1016--1017
\OT1/ppl/m/n/9.53561 found on the Com-put-er So-ci-ety Dig-i-tal Li-brary at
 []

[12]
Missing character: There is no ¨ in font pplr7t!
 [13]
Missing character: There is no ¨ in font cmr10!
Missing character: There is no ¨ in font pplr7t!
Missing character: There is no ¡ in font pplr7t!
Missing character: There is no ¯ in font pplr7t!
Missing character: There is no ¡ in font pplr7t!
Missing character: There is no ¯ in font pplr7t!
Missing character: There is no ¡ in font pplr7t!
Missing character: There is no ® in font pplr7t!
Missing character: There is no ¡ in font pplr7t!
Missing character: There is no ® in font pplr7t!
Missing character: There is no ¡ in font pplr7t!
Missing character: There is no ¯ in font pplr7t!
Missing character: There is no ¡ in font pplr7t!
Missing character: There is no ¯ in font pplr7t!
 [14]
Underfull \hbox (badness 3780) in paragraph at lines 1168--1169
\OT1/ppl/m/n/9.53561 The fault-s can be found on the GitHub at http-
 []

(F:\mypapers\AMT\AMT\AMT.bbl [15]
Missing character: There is no ¡ in font pplr7t!
Missing character: There is no ­ in font pplr7t!

Underfull \hbox (badness 10000) in paragraph at lines 336--337
[]\OT1/ppl/m/n/8.03 T. G. Project, ``Grep home page.
 []

[16]
Missing character: There is no ¡ in font pplri7t!
Missing character: There is no ¯ in font pplri7t!
)

pdfTeX warning: pdflatex.EXE (file F:/mypapers/AMT/AMT/fig/authors/CASun.pdf): 
PDF inclusion: found PDF version <1.6>, but at most version <1.5> allowed
<fig/authors/CASun.pdf, id=238, 74.43811pt x 99.4917pt>
File: fig/authors/CASun.pdf Graphic file (type pdf)

<use fig/authors/CASun.pdf>
Package pdftex.def Info: fig/authors/CASun.pdf used on input line 1222.
(pdftex.def)             Requested size: 67.59338pt x 90.34325pt.
File: fig/authors/CASun.pdf Graphic file (type pdf)
 <use fig/authors/CASun.pdf>
Package pdftex.def Info: fig/authors/CASun.pdf used on input line 1222.
(pdftex.def)             Requested size: 67.59338pt x 90.34325pt.

<fig/authors/HPDai.jpg, id=241, 296.10625pt x 414.54875pt>
File: fig/authors/HPDai.jpg Graphic file (type jpg)

<use fig/authors/HPDai.jpg>
Package pdftex.def Info: fig/authors/HPDai.jpg used on input line 1227.
(pdftex.def)             Requested size: 64.52457pt x 90.33441pt.
File: fig/authors/HPDai.jpg Graphic file (type jpg)
 <use fig/authors/HPDai.jpg>
Package pdftex.def Info: fig/authors/HPDai.jpg used on input line 1227.
(pdftex.def)             Requested size: 64.52457pt x 90.33441pt.


pdfTeX warning: pdflatex.EXE (file F:/mypapers/AMT/AMT/fig/authors/TYChen.pdf):
 PDF inclusion: found PDF version <1.6>, but at most version <1.5> allowed
<fig/authors/TYChen.pdf, id=244, 310.15875pt x 371.3875pt>
File: fig/authors/TYChen.pdf Graphic file (type pdf)

<use fig/authors/TYChen.pdf>
Package pdftex.def Info: fig/authors/TYChen.pdf used on input line 1230.
(pdftex.def)             Requested size: 72.26733pt x 86.5337pt.
File: fig/authors/TYChen.pdf Graphic file (type pdf)
 <use fig/authors/TYChen.pdf>
Package pdftex.def Info: fig/authors/TYChen.pdf used on input line 1230.
(pdftex.def)             Requested size: 72.26733pt x 86.5337pt.


pdfTeX warning: pdflatex.EXE (file F:/mypapers/AMT/AMT/fig/authors/HLiu.pdf): P
DF inclusion: found PDF version <1.6>, but at most version <1.5> allowed
<fig/authors/HLiu.pdf, id=247, 2177.13374pt x 2902.845pt>
File: fig/authors/HLiu.pdf Graphic file (type pdf)

<use fig/authors/HLiu.pdf>
Package pdftex.def Info: fig/authors/HLiu.pdf used on input line 1233.
(pdftex.def)             Requested size: 67.73627pt x 90.31503pt.
File: fig/authors/HLiu.pdf Graphic file (type pdf)
 <use fig/authors/HLiu.pdf>
Package pdftex.def Info: fig/authors/HLiu.pdf used on input line 1233.
(pdftex.def)             Requested size: 67.73627pt x 90.31503pt.
 [17

 <F:/mypapers/AMT/AMT/fig/authors/CASun.pdf> <F:/mypapers/AMT/AMT/fig/authors/H
PDai.jpg> <F:/mypapers/AMT/AMT/fig/authors/TYChen.pdf> <F:/mypapers/AMT/AMT/fig
/authors/HLiu.pdf>]
(F:\mypapers\AMT\AMT\AMT.aux)

LaTeX Warning: There were undefined references.


LaTeX Warning: There were multiply-defined labels.

 ) 
Here is how much of TeX's memory you used:
 4044 strings out of 495354
 57935 string characters out of 3183523
 134612 words of memory out of 3000000
 7115 multiletter control sequences out of 15000+200000
 56901 words of font info for 134 fonts, out of 3000000 for 9000
 17 hyphenation exceptions out of 8191
 29i,13n,34p,1501b,620s stack positions out of 5000i,500n,10000p,200000b,50000s
{G:/latex/CTEX/MiKTeX/fonts/enc/dvips/fontname/8r.enc}<G:/latex/CTEX/MiKTeX/f
onts/type1/public/amsfonts/cm/cmex10.pfb><G:/latex/CTEX/MiKTeX/fonts/type1/publ
ic/amsfonts/cm/cmmi10.pfb><G:/latex/CTEX/MiKTeX/fonts/type1/public/amsfonts/cm/
cmmi5.pfb><G:/latex/CTEX/MiKTeX/fonts/type1/public/amsfonts/cm/cmmi7.pfb><G:/la
tex/CTEX/MiKTeX/fonts/type1/public/amsfonts/cm/cmmi8.pfb><G:/latex/CTEX/MiKTeX/
fonts/type1/public/amsfonts/cm/cmr10.pfb><G:/latex/CTEX/MiKTeX/fonts/type1/publ
ic/amsfonts/cm/cmr5.pfb><G:/latex/CTEX/MiKTeX/fonts/type1/public/amsfonts/cm/cm
r6.pfb><G:/latex/CTEX/MiKTeX/fonts/type1/public/amsfonts/cm/cmr7.pfb><G:/latex/
CTEX/MiKTeX/fonts/type1/public/amsfonts/cm/cmr8.pfb><G:/latex/CTEX/MiKTeX/fonts
/type1/public/amsfonts/cm/cmsy10.pfb><G:/latex/CTEX/MiKTeX/fonts/type1/public/a
msfonts/cm/cmsy5.pfb><G:/latex/CTEX/MiKTeX/fonts/type1/public/amsfonts/cm/cmsy6
.pfb><G:/latex/CTEX/MiKTeX/fonts/type1/public/amsfonts/cm/cmsy7.pfb><G:/latex/C
TEX/MiKTeX/fonts/type1/public/amsfonts/cm/cmsy8.pfb><G:/latex/CTEX/MiKTeX/fonts
/type1/urw/courier/ucrr8a.pfb><G:/latex/CTEX/MiKTeX/fonts/type1/urw/helvetic/uh
vb8a.pfb><G:/latex/CTEX/MiKTeX/fonts/type1/urw/helvetic/uhvr8a.pfb><G:/latex/CT
EX/MiKTeX/fonts/type1/urw/helvetic/uhvro8a.pfb><G:/latex/CTEX/MiKTeX/fonts/type
1/urw/palatino/uplb8a.pfb><G:/latex/CTEX/MiKTeX/fonts/type1/urw/palatino/uplbi8
a.pfb><G:/latex/CTEX/MiKTeX/fonts/type1/urw/palatino/uplr8a.pfb><G:/latex/CTEX/
MiKTeX/fonts/type1/urw/palatino/uplri8a.pfb><G:/latex/CTEX/MiKTeX/fonts/type1/u
rw/zapfding/uzdr.pfb>
Output written on AMT.pdf (17 pages, 2163566 bytes).
PDF statistics:
 349 PDF objects out of 1000 (max. 8388607)
 0 named destinations out of 1000 (max. 500000)
 89 words of extra memory for PDF output out of 10000 (max. 10000000)

