This is pdfTeX, Version 3.1415926-2.3-1.40.12 (MiKTeX 2.9) (preloaded format=pdflatex 2018.4.15)  16 MAR 2019 19:47
entering extended mode
**F:/mypapers/AMT/new/MT.tex
(F:/mypapers/AMT/new/MT.tex
LaTeX2e <2011/06/27>
Babel <v3.8m> and hyphenation patterns for loaded.
(F:\mypapers\AMT\new\IEEEtran.cls
Document Class: IEEEtran 2015/08/26 V1.8b by Michael Shell
-- See the "IEEEtran_HOWTO" manual for usage information.
-- http://www.michaelshell.org/tex/ieeetran/
\@IEEEtrantmpdimenA=\dimen102
\@IEEEtrantmpdimenB=\dimen103
\@IEEEtrantmpdimenC=\dimen104
\@IEEEtrantmpcountA=\count79
\@IEEEtrantmpcountB=\count80
\@IEEEtrantmpcountC=\count81
\@IEEEtrantmptoksA=\toks14
LaTeX Font Info:    Try loading font information for OT1+ppl on input line 503.

(G:\latex\CTEX\MiKTeX\tex\latex\psnfss\ot1ppl.fd
File: ot1ppl.fd 2001/06/04 font definitions for OT1/ppl.
)
-- Using IEEE Computer Society mode.
-- Using 8.5in x 11in (letter) paper.
-- Using PDF output.
\@IEEEnormalsizeunitybaselineskip=\dimen105
-- This is a 10 point document.
\CLASSINFOnormalsizebaselineskip=\dimen106
\CLASSINFOnormalsizeunitybaselineskip=\dimen107
\IEEEnormaljot=\dimen108
LaTeX Font Info:    Font shape `OT1/ppl/bx/n' in size <5.01874> not available
(Font)              Font shape `OT1/ppl/b/n' tried instead on input line 1090.
LaTeX Font Info:    Font shape `OT1/ppl/bx/it' in size <5.01874> not available
(Font)              Font shape `OT1/ppl/b/it' tried instead on input line 1090.

LaTeX Font Info:    Font shape `OT1/ppl/bx/n' in size <7.02625> not available
(Font)              Font shape `OT1/ppl/b/n' tried instead on input line 1090.
LaTeX Font Info:    Font shape `OT1/ppl/bx/it' in size <7.02625> not available
(Font)              Font shape `OT1/ppl/b/it' tried instead on input line 1090.

LaTeX Font Info:    Font shape `OT1/ppl/bx/n' in size <8.03> not available
(Font)              Font shape `OT1/ppl/b/n' tried instead on input line 1090.
LaTeX Font Info:    Font shape `OT1/ppl/bx/it' in size <8.03> not available
(Font)              Font shape `OT1/ppl/b/it' tried instead on input line 1090.

LaTeX Font Info:    Font shape `OT1/ppl/bx/n' in size <9.03374> not available
(Font)              Font shape `OT1/ppl/b/n' tried instead on input line 1090.
LaTeX Font Info:    Font shape `OT1/ppl/bx/it' in size <9.03374> not available
(Font)              Font shape `OT1/ppl/b/it' tried instead on input line 1090.

LaTeX Font Info:    Font shape `OT1/ppl/bx/n' in size <9.53561> not available
(Font)              Font shape `OT1/ppl/b/n' tried instead on input line 1090.
LaTeX Font Info:    Font shape `OT1/ppl/bx/it' in size <9.53561> not available
(Font)              Font shape `OT1/ppl/b/it' tried instead on input line 1090.

LaTeX Font Info:    Font shape `OT1/ppl/bx/n' in size <11.04124> not available
(Font)              Font shape `OT1/ppl/b/n' tried instead on input line 1090.
LaTeX Font Info:    Font shape `OT1/ppl/bx/it' in size <11.04124> not available

(Font)              Font shape `OT1/ppl/b/it' tried instead on input line 1090.

LaTeX Font Info:    Font shape `OT1/ppl/bx/n' in size <12.045> not available
(Font)              Font shape `OT1/ppl/b/n' tried instead on input line 1090.
LaTeX Font Info:    Font shape `OT1/ppl/bx/it' in size <12.045> not available
(Font)              Font shape `OT1/ppl/b/it' tried instead on input line 1090.

LaTeX Font Info:    Font shape `OT1/ppl/bx/n' in size <17.06374> not available
(Font)              Font shape `OT1/ppl/b/n' tried instead on input line 1090.
LaTeX Font Info:    Font shape `OT1/ppl/bx/it' in size <17.06374> not available

(Font)              Font shape `OT1/ppl/b/it' tried instead on input line 1090.

LaTeX Font Info:    Font shape `OT1/ppl/bx/n' in size <20.075> not available
(Font)              Font shape `OT1/ppl/b/n' tried instead on input line 1090.
LaTeX Font Info:    Font shape `OT1/ppl/bx/it' in size <20.075> not available
(Font)              Font shape `OT1/ppl/b/it' tried instead on input line 1090.

LaTeX Font Info:    Font shape `OT1/ppl/bx/n' in size <24.09> not available
(Font)              Font shape `OT1/ppl/b/n' tried instead on input line 1090.
LaTeX Font Info:    Font shape `OT1/ppl/bx/it' in size <24.09> not available
(Font)              Font shape `OT1/ppl/b/it' tried instead on input line 1090.

\IEEEquantizedlength=\dimen109
\IEEEquantizedlengthdiff=\dimen110
\IEEEquantizedtextheightdiff=\dimen111
\IEEEilabelindentA=\dimen112
\IEEEilabelindentB=\dimen113
\IEEEilabelindent=\dimen114
\IEEEelabelindent=\dimen115
\IEEEdlabelindent=\dimen116
\IEEElabelindent=\dimen117
\IEEEiednormlabelsep=\dimen118
\IEEEiedmathlabelsep=\dimen119
\IEEEiedtopsep=\skip41
\c@section=\count82
\c@subsection=\count83
\c@subsubsection=\count84
\c@paragraph=\count85
\c@IEEEsubequation=\count86
\abovecaptionskip=\skip42
\belowcaptionskip=\skip43
\c@figure=\count87
\c@table=\count88
\@IEEEeqnnumcols=\count89
\@IEEEeqncolcnt=\count90
\@IEEEsubeqnnumrollback=\count91
\@IEEEquantizeheightA=\dimen120
\@IEEEquantizeheightB=\dimen121
\@IEEEquantizeheightC=\dimen122
\@IEEEquantizeprevdepth=\dimen123
\@IEEEquantizemultiple=\count92
\@IEEEquantizeboxA=\box26
\@IEEEtmpitemindent=\dimen124
\IEEEPARstartletwidth=\dimen125
\c@IEEEbiography=\count93
\@IEEEtranrubishbin=\box27
) (G:\latex\CTEX\MiKTeX\tex\latex\tools\enumerate.sty
Package: enumerate 1999/03/05 v3.00 enumerate extensions (DPC)
\@enLab=\toks15
)
(G:\latex\CTEX\MiKTeX\tex\latex\cite\cite.sty
LaTeX Info: Redefining \cite on input line 302.
LaTeX Info: Redefining \nocite on input line 373.
Package: cite 2010/09/10  v 5.3
)
(G:\latex\CTEX\MiKTeX\tex\latex\ams\math\amsmath.sty
Package: amsmath 2000/07/18 v2.13 AMS math features
\@mathmargin=\skip44

For additional information on amsmath, use the `?' option.
(G:\latex\CTEX\MiKTeX\tex\latex\ams\math\amstext.sty
Package: amstext 2000/06/29 v2.01

(G:\latex\CTEX\MiKTeX\tex\latex\ams\math\amsgen.sty
File: amsgen.sty 1999/11/30 v2.0
\@emptytoks=\toks16
\ex@=\dimen126
))
(G:\latex\CTEX\MiKTeX\tex\latex\ams\math\amsbsy.sty
Package: amsbsy 1999/11/29 v1.2d
\pmbraise@=\dimen127
)
(G:\latex\CTEX\MiKTeX\tex\latex\ams\math\amsopn.sty
Package: amsopn 1999/12/14 v2.01 operator names
)
\inf@bad=\count94
LaTeX Info: Redefining \frac on input line 211.
\uproot@=\count95
\leftroot@=\count96
LaTeX Info: Redefining \overline on input line 307.
\classnum@=\count97
\DOTSCASE@=\count98
LaTeX Info: Redefining \ldots on input line 379.
LaTeX Info: Redefining \dots on input line 382.
LaTeX Info: Redefining \cdots on input line 467.
\Mathstrutbox@=\box28
\strutbox@=\box29
\big@size=\dimen128
LaTeX Font Info:    Redeclaring font encoding OML on input line 567.
LaTeX Font Info:    Redeclaring font encoding OMS on input line 568.
\macc@depth=\count99
\c@MaxMatrixCols=\count100
\dotsspace@=\muskip10
\c@parentequation=\count101
\dspbrk@lvl=\count102
\tag@help=\toks17
\row@=\count103
\column@=\count104
\maxfields@=\count105
\andhelp@=\toks18
\eqnshift@=\dimen129
\alignsep@=\dimen130
\tagshift@=\dimen131
\tagwidth@=\dimen132
\totwidth@=\dimen133
\lineht@=\dimen134
\@envbody=\toks19
\multlinegap=\skip45
\multlinetaggap=\skip46
\mathdisplay@stack=\toks20
LaTeX Info: Redefining \[ on input line 2666.
LaTeX Info: Redefining \] on input line 2667.
)
(G:\latex\CTEX\MiKTeX\tex\latex\algorithms\algorithm.sty
Package: algorithm 2009/08/24 v0.1 Document Style `algorithm' - floating enviro
nment

(G:\latex\CTEX\MiKTeX\tex\latex\float\float.sty
Package: float 2001/11/08 v1.3d Float enhancements (AL)
\c@float@type=\count106
\float@exts=\toks21
\float@box=\box30
\@float@everytoks=\toks22
\@floatcapt=\box31
)
(G:\latex\CTEX\MiKTeX\tex\latex\base\ifthen.sty
Package: ifthen 2001/05/26 v1.1c Standard LaTeX ifthen package (DPC)
)
\@float@every@algorithm=\toks23
\c@algorithm=\count107
)
(G:\latex\CTEX\MiKTeX\tex\latex\algorithms\algorithmic.sty
Package: algorithmic 2009/08/24 v0.1 Document Style `algorithmic'

(G:\latex\CTEX\MiKTeX\tex\latex\graphics\keyval.sty
Package: keyval 1999/03/16 v1.13 key=value parser (DPC)
\KV@toks@=\toks24
)
\c@ALC@unique=\count108
\c@ALC@line=\count109
\c@ALC@rem=\count110
\c@ALC@depth=\count111
\ALC@tlm=\skip47
\algorithmicindent=\skip48
)
(G:\latex\CTEX\MiKTeX\tex\latex\graphics\graphicx.sty
Package: graphicx 1999/02/16 v1.0f Enhanced LaTeX Graphics (DPC,SPQR)

(G:\latex\CTEX\MiKTeX\tex\latex\graphics\graphics.sty
Package: graphics 2009/02/05 v1.0o Standard LaTeX Graphics (DPC,SPQR)

(G:\latex\CTEX\MiKTeX\tex\latex\graphics\trig.sty
Package: trig 1999/03/16 v1.09 sin cos tan (DPC)
)
(G:\latex\CTEX\MiKTeX\tex\latex\00miktex\graphics.cfg
File: graphics.cfg 2007/01/18 v1.5 graphics configuration of teTeX/TeXLive
)
Package graphics Info: Driver file: pdftex.def on input line 91.

(G:\latex\CTEX\MiKTeX\tex\latex\pdftex-def\pdftex.def
File: pdftex.def 2011/05/27 v0.06d Graphics/color for pdfTeX

(G:\latex\CTEX\MiKTeX\tex\generic\oberdiek\infwarerr.sty
Package: infwarerr 2010/04/08 v1.3 Providing info/warning/message (HO)
)
(G:\latex\CTEX\MiKTeX\tex\generic\oberdiek\ltxcmds.sty
Package: ltxcmds 2011/04/18 v1.20 LaTeX kernel commands for general use (HO)
)
\Gread@gobject=\count112
))
\Gin@req@height=\dimen135
\Gin@req@width=\dimen136
)
(G:\latex\CTEX\MiKTeX\tex\latex\multirow\multirow.sty
\bigstrutjot=\dimen137
)
(G:\latex\CTEX\MiKTeX\tex\latex\subfigure\subfigure.sty
Package: subfigure 2002/07/30 v2.1.4 subfigure package
\subfigtopskip=\skip49
\subfigcapskip=\skip50
\subfigcaptopadj=\dimen138
\subfigbottomskip=\skip51
\subfigcapmargin=\dimen139
\subfiglabelskip=\skip52
\c@subfigure=\count113
\c@lofdepth=\count114
\c@subtable=\count115
\c@lotdepth=\count116

****************************************
* Local config file subfigure.cfg used *
****************************************
(G:\latex\CTEX\MiKTeX\tex\latex\subfigure\subfigure.cfg)
\subfig@top=\skip53
\subfig@bottom=\skip54
)
(G:\latex\CTEX\MiKTeX\tex\latex\amsfonts\amssymb.sty
Package: amssymb 2009/06/22 v3.00

(G:\latex\CTEX\MiKTeX\tex\latex\amsfonts\amsfonts.sty
Package: amsfonts 2009/06/22 v3.00 Basic AMSFonts support
\symAMSa=\mathgroup4
\symAMSb=\mathgroup5
LaTeX Font Info:    Overwriting math alphabet `\mathfrak' in version `bold'
(Font)                  U/euf/m/n --> U/euf/b/n on input line 96.
))
(G:\latex\CTEX\MiKTeX\tex\latex\ulem\ulem.sty
\UL@box=\box32
\UL@hyphenbox=\box33
\UL@skip=\skip55
\UL@hook=\toks25
\UL@height=\dimen140
\UL@pe=\count117
\UL@pixel=\dimen141
\ULC@box=\box34
Package: ulem 2011/03/18
\ULdepth=\dimen142
)
(G:\latex\CTEX\MiKTeX\tex\latex\graphics\color.sty
Package: color 2005/11/14 v1.0j Standard LaTeX Color (DPC)

(G:\latex\CTEX\MiKTeX\tex\latex\00miktex\color.cfg
File: color.cfg 2007/01/18 v1.5 color configuration of teTeX/TeXLive
)
Package color Info: Driver file: pdftex.def on input line 130.
)
(F:\mypapers\AMT\new\MT.aux)
LaTeX Font Info:    Checking defaults for OML/cmm/m/it on input line 17.
LaTeX Font Info:    ... okay on input line 17.
LaTeX Font Info:    Checking defaults for T1/cmr/m/n on input line 17.
LaTeX Font Info:    ... okay on input line 17.
LaTeX Font Info:    Checking defaults for OT1/cmr/m/n on input line 17.
LaTeX Font Info:    ... okay on input line 17.
LaTeX Font Info:    Checking defaults for OMS/cmsy/m/n on input line 17.
LaTeX Font Info:    ... okay on input line 17.
LaTeX Font Info:    Checking defaults for OMX/cmex/m/n on input line 17.
LaTeX Font Info:    ... okay on input line 17.
LaTeX Font Info:    Checking defaults for U/cmr/m/n on input line 17.
LaTeX Font Info:    ... okay on input line 17.

-- Lines per column: 61 (exact).
(G:\latex\CTEX\MiKTeX\tex\context\base\supp-pdf.mkii
[Loading MPS to PDF converter (version 2006.09.02).]
\scratchcounter=\count118
\scratchdimen=\dimen143
\scratchbox=\box35
\nofMPsegments=\count119
\nofMParguments=\count120
\everyMPshowfont=\toks26
\MPscratchCnt=\count121
\MPscratchDim=\dimen144
\MPnumerator=\count122
\makeMPintoPDFobject=\count123
\everyMPtoPDFconversion=\toks27
)
LaTeX Font Info:    Try loading font information for OT1+phv on input line 49.
 (G:\latex\CTEX\MiKTeX\tex\latex\psnfss\ot1phv.fd
File: ot1phv.fd 2001/06/04 scalable font definitions for OT1/phv.
)
LaTeX Font Info:    Font shape `OT1/phv/m/it' in size <11.04124> not available
(Font)              Font shape `OT1/phv/m/sl' tried instead on input line 49.
LaTeX Font Info:    Font shape `OT1/phv/bx/n' in size <8.03> not available
(Font)              Font shape `OT1/phv/b/n' tried instead on input line 49.
LaTeX Font Info:    Calculating math sizes for size <11.04124> on input line 49
.
LaTeX Font Info:    Try loading font information for U+msa on input line 49.

(G:\latex\CTEX\MiKTeX\tex\latex\amsfonts\umsa.fd
File: umsa.fd 2009/06/22 v3.00 AMS symbols A
)
LaTeX Font Info:    Try loading font information for U+msb on input line 49.

(G:\latex\CTEX\MiKTeX\tex\latex\amsfonts\umsb.fd
File: umsb.fd 2009/06/22 v3.00 AMS symbols B
)
LaTeX Font Info:    Try loading font information for U+pzd on input line 49.

(G:\latex\CTEX\MiKTeX\tex\latex\psnfss\upzd.fd
File: upzd.fd 2001/06/04 font definitions for U/pzd.
)

LaTeX Warning: Citation `sun2012towards' on page 1 undefined on input line 49.


Underfull \hbox (badness 5862) in paragraph at lines 49--49
[][]\OT1/ppl/m/it/8.03 D. Towey is with the School of Com-put-er Sci-ence, U-ni
-ver-si-ty
 []


Underfull \hbox (badness 2057) in paragraph at lines 49--49
\OT1/ppl/m/it/8.03 of Not-ting-ham N-ing-bo Chi-na, N-ing-bo 315100, Chi-na. E-
mail: dav-
 []

LaTeX Font Info:    Font shape `OT1/phv/bx/n' in size <11.04124> not available
(Font)              Font shape `OT1/phv/b/n' tried instead on input line 57.
LaTeX Font Info:    Font shape `OT1/phv/bx/sc' in size <11.04124> not available

(Font)              Font shape `OT1/phv/b/sc' tried instead on input line 57.

LaTeX Warning: Reference `sec:DRTforwebserivce' on page 1 undefined on input li
ne 75.


LaTeX Warning: Reference `sec:empiricalstudy' on page 1 undefined on input line
 76.


LaTeX Warning: Reference `sec:conclusion' on page 1 undefined on input line 77.


[1{G:/latex/CTEX/UserData/pdftex/config/pdftex.map{Unicode.sfd}{UGBK.sfd}}


]
LaTeX Font Info:    Font shape `OT1/phv/bx/n' in size <9.53561> not available
(Font)              Font shape `OT1/phv/b/n' tried instead on input line 84.
LaTeX Font Info:    Calculating math sizes for size <9.53561> on input line 94.

LaTeX Font Info:    Try loading font information for OT1+pcr on input line 104.


(G:\latex\CTEX\MiKTeX\tex\latex\psnfss\ot1pcr.fd
File: ot1pcr.fd 2001/06/04 font definitions for OT1/pcr.
)

LaTeX Warning: No positions in optional float specifier.
               Default added (so using `tbp') on input line 211.



pdfTeX warning: pdflatex.exe (file F:/mypapers/AMT/new/fig//generateframework.p
df): PDF inclusion: found PDF version <1.7>, but at most version <1.5> allowed
<fig//generateframework.pdf, id=13, 576.1525pt x 313.67188pt>
File: fig//generateframework.pdf Graphic file (type pdf)

<use fig//generateframework.pdf>
Package pdftex.def Info: fig//generateframework.pdf used on input line 213.
(pdftex.def)             Requested size: 258.9675pt x 140.99309pt.

Overfull \hbox (6.0225pt too wide) in paragraph at lines 213--214
 [][] 
 []

[2]
LaTeX Font Info:    Calculating math sizes for size <8.03> on input line 274.
LaTeX Font Info:    Font shape `OT1/phv/m/it' in size <9.53561> not available
(Font)              Font shape `OT1/phv/m/sl' tried instead on input line 295.

Overfull \vbox (2.87064pt too high) detected at line 308
 []


Overfull \vbox (3.49689pt too high) detected at line 310
 []


Overfull \hbox (13.78163pt too wide) in paragraph at lines 305--313
 [][] 
 []


Overfull \vbox (2.87064pt too high) detected at line 322
 []


Overfull \vbox (3.49689pt too high) detected at line 324
 []


Overfull \hbox (13.78163pt too wide) in paragraph at lines 319--327
 [][] 
 []

[3 <F:/mypapers/AMT/new/fig//generateframework.pdf>]

LaTeX Warning: Citation `chen1997optimal' on page 4 undefined on input line 392
.


LaTeX Warning: Citation `zhang2014history' on page 4 undefined on input line 39
4.


LaTeX Warning: Citation `li2015' on page 4 undefined on input line 395.


LaTeX Warning: Citation `zhang2014history' on page 4 undefined on input line 39
5.

[4] (F:\mypapers\AMT\new\MT.bbl
Underfull \hbox (badness 10000) in paragraph at lines 139--140
[]\OT1/ppl/m/n/8.03 T. G. Project, ``Grep home page.
 []

[5]
Missing character: There is no ¡ in font pplri7t!
Missing character: There is no ¯ in font pplri7t!
)

pdfTeX warning: pdflatex.exe (file F:/mypapers/AMT/new/fig/authors/CASun.pdf): 
PDF inclusion: found PDF version <1.6>, but at most version <1.5> allowed
<fig/authors/CASun.pdf, id=75, 74.43811pt x 99.4917pt>
File: fig/authors/CASun.pdf Graphic file (type pdf)

<use fig/authors/CASun.pdf>
Package pdftex.def Info: fig/authors/CASun.pdf used on input line 466.
(pdftex.def)             Requested size: 67.59338pt x 90.34325pt.
File: fig/authors/CASun.pdf Graphic file (type pdf)
 <use fig/authors/CASun.pdf>
Package pdftex.def Info: fig/authors/CASun.pdf used on input line 466.
(pdftex.def)             Requested size: 67.59338pt x 90.34325pt.

<fig/authors/HPDai.jpg, id=78, 296.10625pt x 414.54875pt>
File: fig/authors/HPDai.jpg Graphic file (type jpg)

<use fig/authors/HPDai.jpg>
Package pdftex.def Info: fig/authors/HPDai.jpg used on input line 471.
(pdftex.def)             Requested size: 64.52457pt x 90.33441pt.
File: fig/authors/HPDai.jpg Graphic file (type jpg)
 <use fig/authors/HPDai.jpg>
Package pdftex.def Info: fig/authors/HPDai.jpg used on input line 471.
(pdftex.def)             Requested size: 64.52457pt x 90.33441pt.

<fig/authors/GWang.jpg, id=81, 215.30438pt x 263.48438pt>
File: fig/authors/GWang.jpg Graphic file (type jpg)

<use fig/authors/GWang.jpg>
Package pdftex.def Info: fig/authors/GWang.jpg used on input line 474.
(pdftex.def)             Requested size: 72.2695pt x 88.44168pt.
File: fig/authors/GWang.jpg Graphic file (type jpg)
 <use fig/authors/GWang.jpg>
Package pdftex.def Info: fig/authors/GWang.jpg used on input line 474.
(pdftex.def)             Requested size: 72.2695pt x 88.44168pt.

<fig/authors/DaveTowey.png, id=84, 876.27374pt x 1044.90375pt>
File: fig/authors/DaveTowey.png Graphic file (type png)

<use fig/authors/DaveTowey.png>
Package pdftex.def Info: fig/authors/DaveTowey.png used on input line 477.
(pdftex.def)             Requested size: 72.2694pt x 86.17691pt.
File: fig/authors/DaveTowey.png Graphic file (type png)
 <use fig/authors/DaveTowey.png>
Package pdftex.def Info: fig/authors/DaveTowey.png used on input line 477.
(pdftex.def)             Requested size: 72.2694pt x 86.17691pt.


pdfTeX warning: pdflatex.exe (file F:/mypapers/AMT/new/fig/authors/TYChen.pdf):
 PDF inclusion: found PDF version <1.6>, but at most version <1.5> allowed
<fig/authors/TYChen.pdf, id=87, 310.15875pt x 371.3875pt>
File: fig/authors/TYChen.pdf Graphic file (type pdf)

<use fig/authors/TYChen.pdf>
Package pdftex.def Info: fig/authors/TYChen.pdf used on input line 480.
(pdftex.def)             Requested size: 72.26733pt x 86.5337pt.
File: fig/authors/TYChen.pdf Graphic file (type pdf)
 <use fig/authors/TYChen.pdf>
Package pdftex.def Info: fig/authors/TYChen.pdf used on input line 480.
(pdftex.def)             Requested size: 72.26733pt x 86.5337pt.


pdfTeX warning: pdflatex.exe (file F:/mypapers/AMT/new/fig/authors/KYCai.pdf): 
PDF inclusion: found PDF version <1.6>, but at most version <1.5> allowed
<fig/authors/KYCai.pdf, id=90, 72.27pt x 101.17801pt>
File: fig/authors/KYCai.pdf Graphic file (type pdf)

<use fig/authors/KYCai.pdf>
Package pdftex.def Info: fig/authors/KYCai.pdf used on input line 483.
(pdftex.def)             Requested size: 64.5296pt x 90.34146pt.
File: fig/authors/KYCai.pdf Graphic file (type pdf)
 <use fig/authors/KYCai.pdf>
Package pdftex.def Info: fig/authors/KYCai.pdf used on input line 483.
(pdftex.def)             Requested size: 64.5296pt x 90.34146pt.
 [6 <F:/mypapers/AMT/new/fig/authors/CASun.pdf> <F:/mypapers/AMT/new/fig/author
s/HPDai.jpg> <F:/mypapers/AMT/new/fig/authors/GWang.jpg> <F:/mypapers/AMT/new/f
ig/authors/DaveTowey.png> <F:/mypapers/AMT/new/fig/authors/TYChen.pdf> <F:/mypa
pers/AMT/new/fig/authors/KYCai.pdf>] (F:\mypapers\AMT\new\MT.aux)

LaTeX Warning: There were undefined references.

 ) 
Here is how much of TeX's memory you used:
 3820 strings out of 495354
 54537 string characters out of 3183523
 126609 words of memory out of 3000000
 6901 multiletter control sequences out of 15000+200000
 56469 words of font info for 132 fonts, out of 3000000 for 9000
 17 hyphenation exceptions out of 8191
 29i,12n,34p,1500b,482s stack positions out of 5000i,500n,10000p,200000b,50000s
{G:/latex/CTEX/MiKTeX/fonts/enc/dvips/fontname/8r.enc}<G:/latex/CTEX/MiKTeX/f
onts/type1/public/amsfonts/cm/cmex10.pfb><G:/latex/CTEX/MiKTeX/fonts/type1/publ
ic/amsfonts/cm/cmmi10.pfb><G:/latex/CTEX/MiKTeX/fonts/type1/public/amsfonts/cm/
cmmi7.pfb><G:/latex/CTEX/MiKTeX/fonts/type1/public/amsfonts/cm/cmmi8.pfb><G:/la
tex/CTEX/MiKTeX/fonts/type1/public/amsfonts/cm/cmr10.pfb><G:/latex/CTEX/MiKTeX/
fonts/type1/public/amsfonts/cm/cmr6.pfb><G:/latex/CTEX/MiKTeX/fonts/type1/publi
c/amsfonts/cm/cmr7.pfb><G:/latex/CTEX/MiKTeX/fonts/type1/public/amsfonts/cm/cmr
8.pfb><G:/latex/CTEX/MiKTeX/fonts/type1/public/amsfonts/cm/cmsy10.pfb><G:/latex
/CTEX/MiKTeX/fonts/type1/public/amsfonts/cm/cmsy7.pfb><G:/latex/CTEX/MiKTeX/fon
ts/type1/public/amsfonts/cm/cmsy8.pfb><G:/latex/CTEX/MiKTeX/fonts/type1/urw/cou
rier/ucrr8a.pfb><G:/latex/CTEX/MiKTeX/fonts/type1/urw/helvetic/uhvb8a.pfb><G:/l
atex/CTEX/MiKTeX/fonts/type1/urw/helvetic/uhvr8a.pfb><G:/latex/CTEX/MiKTeX/font
s/type1/urw/helvetic/uhvro8a.pfb><G:/latex/CTEX/MiKTeX/fonts/type1/urw/palatino
/uplb8a.pfb><G:/latex/CTEX/MiKTeX/fonts/type1/urw/palatino/uplbi8a.pfb><G:/late
x/CTEX/MiKTeX/fonts/type1/urw/palatino/uplr8a.pfb><G:/latex/CTEX/MiKTeX/fonts/t
ype1/urw/palatino/uplri8a.pfb><G:/latex/CTEX/MiKTeX/fonts/type1/urw/zapfding/uz
dr.pfb>
Output written on MT.pdf (6 pages, 1861621 bytes).
PDF statistics:
 180 PDF objects out of 1000 (max. 8388607)
 0 named destinations out of 1000 (max. 500000)
 108 words of extra memory for PDF output out of 10000 (max. 10000000)

