This is pdfTeX, Version 3.1415926-2.3-1.40.12 (MiKTeX 2.9) (preloaded format=pdflatex 2018.4.15)  15 JUL 2019 09:39
entering extended mode
**F:/mypapers/DRT/DRTPaper/DRT4WS(V16)/DRT4WS.20190116.tex
(F:/mypapers/DRT/DRTPaper/DRT4WS(V16)/DRT4WS.20190116.tex
LaTeX2e <2011/06/27>
Babel <v3.8m> and hyphenation patterns for loaded.
(F:\mypapers\DRT\DRTPaper\DRT4WS(V16)\IEEEtran.cls
Document Class: IEEEtran 2015/08/26 V1.8b by Michael Shell
-- See the "IEEEtran_HOWTO" manual for usage information.
-- http://www.michaelshell.org/tex/ieeetran/
\@IEEEtrantmpdimenA=\dimen102
\@IEEEtrantmpdimenB=\dimen103
\@IEEEtrantmpdimenC=\dimen104
\@IEEEtrantmpcountA=\count79
\@IEEEtrantmpcountB=\count80
\@IEEEtrantmpcountC=\count81
\@IEEEtrantmptoksA=\toks14
LaTeX Font Info:    Try loading font information for OT1+ppl on input line 503.

(G:\latex\CTEX\MiKTeX\tex\latex\psnfss\ot1ppl.fd
File: ot1ppl.fd 2001/06/04 font definitions for OT1/ppl.
)
-- Using IEEE Computer Society mode.
-- Using 8.5in x 11in (letter) paper.
-- Using PDF output.
\@IEEEnormalsizeunitybaselineskip=\dimen105
-- This is a 10 point document.
\CLASSINFOnormalsizebaselineskip=\dimen106
\CLASSINFOnormalsizeunitybaselineskip=\dimen107
\IEEEnormaljot=\dimen108
LaTeX Font Info:    Font shape `OT1/ppl/bx/n' in size <5.01874> not available
(Font)              Font shape `OT1/ppl/b/n' tried instead on input line 1090.
LaTeX Font Info:    Font shape `OT1/ppl/bx/it' in size <5.01874> not available
(Font)              Font shape `OT1/ppl/b/it' tried instead on input line 1090.

LaTeX Font Info:    Font shape `OT1/ppl/bx/n' in size <7.02625> not available
(Font)              Font shape `OT1/ppl/b/n' tried instead on input line 1090.
LaTeX Font Info:    Font shape `OT1/ppl/bx/it' in size <7.02625> not available
(Font)              Font shape `OT1/ppl/b/it' tried instead on input line 1090.

LaTeX Font Info:    Font shape `OT1/ppl/bx/n' in size <8.03> not available
(Font)              Font shape `OT1/ppl/b/n' tried instead on input line 1090.
LaTeX Font Info:    Font shape `OT1/ppl/bx/it' in size <8.03> not available
(Font)              Font shape `OT1/ppl/b/it' tried instead on input line 1090.

LaTeX Font Info:    Font shape `OT1/ppl/bx/n' in size <9.03374> not available
(Font)              Font shape `OT1/ppl/b/n' tried instead on input line 1090.
LaTeX Font Info:    Font shape `OT1/ppl/bx/it' in size <9.03374> not available
(Font)              Font shape `OT1/ppl/b/it' tried instead on input line 1090.

LaTeX Font Info:    Font shape `OT1/ppl/bx/n' in size <9.53561> not available
(Font)              Font shape `OT1/ppl/b/n' tried instead on input line 1090.
LaTeX Font Info:    Font shape `OT1/ppl/bx/it' in size <9.53561> not available
(Font)              Font shape `OT1/ppl/b/it' tried instead on input line 1090.

LaTeX Font Info:    Font shape `OT1/ppl/bx/n' in size <11.04124> not available
(Font)              Font shape `OT1/ppl/b/n' tried instead on input line 1090.
LaTeX Font Info:    Font shape `OT1/ppl/bx/it' in size <11.04124> not available

(Font)              Font shape `OT1/ppl/b/it' tried instead on input line 1090.

LaTeX Font Info:    Font shape `OT1/ppl/bx/n' in size <12.045> not available
(Font)              Font shape `OT1/ppl/b/n' tried instead on input line 1090.
LaTeX Font Info:    Font shape `OT1/ppl/bx/it' in size <12.045> not available
(Font)              Font shape `OT1/ppl/b/it' tried instead on input line 1090.

LaTeX Font Info:    Font shape `OT1/ppl/bx/n' in size <17.06374> not available
(Font)              Font shape `OT1/ppl/b/n' tried instead on input line 1090.
LaTeX Font Info:    Font shape `OT1/ppl/bx/it' in size <17.06374> not available

(Font)              Font shape `OT1/ppl/b/it' tried instead on input line 1090.

LaTeX Font Info:    Font shape `OT1/ppl/bx/n' in size <20.075> not available
(Font)              Font shape `OT1/ppl/b/n' tried instead on input line 1090.
LaTeX Font Info:    Font shape `OT1/ppl/bx/it' in size <20.075> not available
(Font)              Font shape `OT1/ppl/b/it' tried instead on input line 1090.

LaTeX Font Info:    Font shape `OT1/ppl/bx/n' in size <24.09> not available
(Font)              Font shape `OT1/ppl/b/n' tried instead on input line 1090.
LaTeX Font Info:    Font shape `OT1/ppl/bx/it' in size <24.09> not available
(Font)              Font shape `OT1/ppl/b/it' tried instead on input line 1090.

\IEEEquantizedlength=\dimen109
\IEEEquantizedlengthdiff=\dimen110
\IEEEquantizedtextheightdiff=\dimen111
\IEEEilabelindentA=\dimen112
\IEEEilabelindentB=\dimen113
\IEEEilabelindent=\dimen114
\IEEEelabelindent=\dimen115
\IEEEdlabelindent=\dimen116
\IEEElabelindent=\dimen117
\IEEEiednormlabelsep=\dimen118
\IEEEiedmathlabelsep=\dimen119
\IEEEiedtopsep=\skip41
\c@section=\count82
\c@subsection=\count83
\c@subsubsection=\count84
\c@paragraph=\count85
\c@IEEEsubequation=\count86
\abovecaptionskip=\skip42
\belowcaptionskip=\skip43
\c@figure=\count87
\c@table=\count88
\@IEEEeqnnumcols=\count89
\@IEEEeqncolcnt=\count90
\@IEEEsubeqnnumrollback=\count91
\@IEEEquantizeheightA=\dimen120
\@IEEEquantizeheightB=\dimen121
\@IEEEquantizeheightC=\dimen122
\@IEEEquantizeprevdepth=\dimen123
\@IEEEquantizemultiple=\count92
\@IEEEquantizeboxA=\box26
\@IEEEtmpitemindent=\dimen124
\IEEEPARstartletwidth=\dimen125
\c@IEEEbiography=\count93
\@IEEEtranrubishbin=\box27
) (G:\latex\CTEX\MiKTeX\tex\latex\tools\enumerate.sty
Package: enumerate 1999/03/05 v3.00 enumerate extensions (DPC)
\@enLab=\toks15
)
(G:\latex\CTEX\MiKTeX\tex\latex\cite\cite.sty
LaTeX Info: Redefining \cite on input line 302.
LaTeX Info: Redefining \nocite on input line 373.
Package: cite 2010/09/10  v 5.3
)
(G:\latex\CTEX\MiKTeX\tex\latex\ams\math\amsmath.sty
Package: amsmath 2000/07/18 v2.13 AMS math features
\@mathmargin=\skip44

For additional information on amsmath, use the `?' option.
(G:\latex\CTEX\MiKTeX\tex\latex\ams\math\amstext.sty
Package: amstext 2000/06/29 v2.01

(G:\latex\CTEX\MiKTeX\tex\latex\ams\math\amsgen.sty
File: amsgen.sty 1999/11/30 v2.0
\@emptytoks=\toks16
\ex@=\dimen126
))
(G:\latex\CTEX\MiKTeX\tex\latex\ams\math\amsbsy.sty
Package: amsbsy 1999/11/29 v1.2d
\pmbraise@=\dimen127
)
(G:\latex\CTEX\MiKTeX\tex\latex\ams\math\amsopn.sty
Package: amsopn 1999/12/14 v2.01 operator names
)
\inf@bad=\count94
LaTeX Info: Redefining \frac on input line 211.
\uproot@=\count95
\leftroot@=\count96
LaTeX Info: Redefining \overline on input line 307.
\classnum@=\count97
\DOTSCASE@=\count98
LaTeX Info: Redefining \ldots on input line 379.
LaTeX Info: Redefining \dots on input line 382.
LaTeX Info: Redefining \cdots on input line 467.
\Mathstrutbox@=\box28
\strutbox@=\box29
\big@size=\dimen128
LaTeX Font Info:    Redeclaring font encoding OML on input line 567.
LaTeX Font Info:    Redeclaring font encoding OMS on input line 568.
\macc@depth=\count99
\c@MaxMatrixCols=\count100
\dotsspace@=\muskip10
\c@parentequation=\count101
\dspbrk@lvl=\count102
\tag@help=\toks17
\row@=\count103
\column@=\count104
\maxfields@=\count105
\andhelp@=\toks18
\eqnshift@=\dimen129
\alignsep@=\dimen130
\tagshift@=\dimen131
\tagwidth@=\dimen132
\totwidth@=\dimen133
\lineht@=\dimen134
\@envbody=\toks19
\multlinegap=\skip45
\multlinetaggap=\skip46
\mathdisplay@stack=\toks20
LaTeX Info: Redefining \[ on input line 2666.
LaTeX Info: Redefining \] on input line 2667.
)
(G:\latex\CTEX\MiKTeX\tex\latex\algorithms\algorithm.sty
Package: algorithm 2009/08/24 v0.1 Document Style `algorithm' - floating enviro
nment

(G:\latex\CTEX\MiKTeX\tex\latex\float\float.sty
Package: float 2001/11/08 v1.3d Float enhancements (AL)
\c@float@type=\count106
\float@exts=\toks21
\float@box=\box30
\@float@everytoks=\toks22
\@floatcapt=\box31
)
(G:\latex\CTEX\MiKTeX\tex\latex\base\ifthen.sty
Package: ifthen 2001/05/26 v1.1c Standard LaTeX ifthen package (DPC)
)
\@float@every@algorithm=\toks23
\c@algorithm=\count107
)
(G:\latex\CTEX\MiKTeX\tex\latex\algorithms\algorithmic.sty
Package: algorithmic 2009/08/24 v0.1 Document Style `algorithmic'

(G:\latex\CTEX\MiKTeX\tex\latex\graphics\keyval.sty
Package: keyval 1999/03/16 v1.13 key=value parser (DPC)
\KV@toks@=\toks24
)
\c@ALC@unique=\count108
\c@ALC@line=\count109
\c@ALC@rem=\count110
\c@ALC@depth=\count111
\ALC@tlm=\skip47
\algorithmicindent=\skip48
)
(G:\latex\CTEX\MiKTeX\tex\latex\graphics\graphicx.sty
Package: graphicx 1999/02/16 v1.0f Enhanced LaTeX Graphics (DPC,SPQR)

(G:\latex\CTEX\MiKTeX\tex\latex\graphics\graphics.sty
Package: graphics 2009/02/05 v1.0o Standard LaTeX Graphics (DPC,SPQR)

(G:\latex\CTEX\MiKTeX\tex\latex\graphics\trig.sty
Package: trig 1999/03/16 v1.09 sin cos tan (DPC)
)
(G:\latex\CTEX\MiKTeX\tex\latex\00miktex\graphics.cfg
File: graphics.cfg 2007/01/18 v1.5 graphics configuration of teTeX/TeXLive
)
Package graphics Info: Driver file: pdftex.def on input line 91.

(G:\latex\CTEX\MiKTeX\tex\latex\pdftex-def\pdftex.def
File: pdftex.def 2011/05/27 v0.06d Graphics/color for pdfTeX

(G:\latex\CTEX\MiKTeX\tex\generic\oberdiek\infwarerr.sty
Package: infwarerr 2010/04/08 v1.3 Providing info/warning/message (HO)
)
(G:\latex\CTEX\MiKTeX\tex\generic\oberdiek\ltxcmds.sty
Package: ltxcmds 2011/04/18 v1.20 LaTeX kernel commands for general use (HO)
)
\Gread@gobject=\count112
))
\Gin@req@height=\dimen135
\Gin@req@width=\dimen136
)
(G:\latex\CTEX\MiKTeX\tex\latex\multirow\multirow.sty
\bigstrutjot=\dimen137
)
(G:\latex\CTEX\MiKTeX\tex\latex\subfigure\subfigure.sty
Package: subfigure 2002/07/30 v2.1.4 subfigure package
\subfigtopskip=\skip49
\subfigcapskip=\skip50
\subfigcaptopadj=\dimen138
\subfigbottomskip=\skip51
\subfigcapmargin=\dimen139
\subfiglabelskip=\skip52
\c@subfigure=\count113
\c@lofdepth=\count114
\c@subtable=\count115
\c@lotdepth=\count116

****************************************
* Local config file subfigure.cfg used *
****************************************
(G:\latex\CTEX\MiKTeX\tex\latex\subfigure\subfigure.cfg)
\subfig@top=\skip53
\subfig@bottom=\skip54
)
(G:\latex\CTEX\MiKTeX\tex\latex\amsfonts\amssymb.sty
Package: amssymb 2009/06/22 v3.00

(G:\latex\CTEX\MiKTeX\tex\latex\amsfonts\amsfonts.sty
Package: amsfonts 2009/06/22 v3.00 Basic AMSFonts support
\symAMSa=\mathgroup4
\symAMSb=\mathgroup5
LaTeX Font Info:    Overwriting math alphabet `\mathfrak' in version `bold'
(Font)                  U/euf/m/n --> U/euf/b/n on input line 96.
))
(G:\latex\CTEX\MiKTeX\tex\latex\ulem\ulem.sty
\UL@box=\box32
\UL@hyphenbox=\box33
\UL@skip=\skip55
\UL@hook=\toks25
\UL@height=\dimen140
\UL@pe=\count117
\UL@pixel=\dimen141
\ULC@box=\box34
Package: ulem 2011/03/18
\ULdepth=\dimen142
)
(G:\latex\CTEX\MiKTeX\tex\latex\graphics\color.sty
Package: color 2005/11/14 v1.0j Standard LaTeX Color (DPC)

(G:\latex\CTEX\MiKTeX\tex\latex\00miktex\color.cfg
File: color.cfg 2007/01/18 v1.5 color configuration of teTeX/TeXLive
)
Package color Info: Driver file: pdftex.def on input line 130.
)
(F:\mypapers\DRT\DRTPaper\DRT4WS(V16)\DRT4WS.20190116.aux)
LaTeX Font Info:    Checking defaults for OML/cmm/m/it on input line 17.
LaTeX Font Info:    ... okay on input line 17.
LaTeX Font Info:    Checking defaults for T1/cmr/m/n on input line 17.
LaTeX Font Info:    ... okay on input line 17.
LaTeX Font Info:    Checking defaults for OT1/cmr/m/n on input line 17.
LaTeX Font Info:    ... okay on input line 17.
LaTeX Font Info:    Checking defaults for OMS/cmsy/m/n on input line 17.
LaTeX Font Info:    ... okay on input line 17.
LaTeX Font Info:    Checking defaults for OMX/cmex/m/n on input line 17.
LaTeX Font Info:    ... okay on input line 17.
LaTeX Font Info:    Checking defaults for U/cmr/m/n on input line 17.
LaTeX Font Info:    ... okay on input line 17.

-- Lines per column: 61 (exact).
(G:\latex\CTEX\MiKTeX\tex\context\base\supp-pdf.mkii
[Loading MPS to PDF converter (version 2006.09.02).]
\scratchcounter=\count118
\scratchdimen=\dimen143
\scratchbox=\box35
\nofMPsegments=\count119
\nofMParguments=\count120
\everyMPshowfont=\toks26
\MPscratchCnt=\count121
\MPscratchDim=\dimen144
\MPnumerator=\count122
\makeMPintoPDFobject=\count123
\everyMPtoPDFconversion=\toks27
)
LaTeX Font Info:    Try loading font information for OT1+phv on input line 49.
 (G:\latex\CTEX\MiKTeX\tex\latex\psnfss\ot1phv.fd
File: ot1phv.fd 2001/06/04 scalable font definitions for OT1/phv.
)
LaTeX Font Info:    Font shape `OT1/phv/m/it' in size <11.04124> not available
(Font)              Font shape `OT1/phv/m/sl' tried instead on input line 49.
LaTeX Font Info:    Font shape `OT1/phv/bx/n' in size <8.03> not available
(Font)              Font shape `OT1/phv/b/n' tried instead on input line 49.
LaTeX Font Info:    Calculating math sizes for size <11.04124> on input line 49
.
LaTeX Font Info:    Try loading font information for U+msa on input line 49.

(G:\latex\CTEX\MiKTeX\tex\latex\amsfonts\umsa.fd
File: umsa.fd 2009/06/22 v3.00 AMS symbols A
)
LaTeX Font Info:    Try loading font information for U+msb on input line 49.

(G:\latex\CTEX\MiKTeX\tex\latex\amsfonts\umsb.fd
File: umsb.fd 2009/06/22 v3.00 AMS symbols B
)
LaTeX Font Info:    Try loading font information for U+pzd on input line 49.

(G:\latex\CTEX\MiKTeX\tex\latex\psnfss\upzd.fd
File: upzd.fd 2001/06/04 font definitions for U/pzd.
)
Underfull \hbox (badness 5862) in paragraph at lines 49--49
[][]\OT1/ppl/m/it/8.03 D. Towey is with the School of Com-put-er Sci-ence, U-ni
-ver-si-ty
 []


Underfull \hbox (badness 2057) in paragraph at lines 49--49
\OT1/ppl/m/it/8.03 of Not-ting-ham N-ing-bo Chi-na, N-ing-bo 315100, Chi-na. E-
mail: dav-
 []

LaTeX Font Info:    Font shape `OT1/phv/bx/n' in size <11.04124> not available
(Font)              Font shape `OT1/phv/b/n' tried instead on input line 57.
LaTeX Font Info:    Font shape `OT1/phv/bx/sc' in size <11.04124> not available

(Font)              Font shape `OT1/phv/b/sc' tried instead on input line 57.
[1{G:/latex/CTEX/UserData/pdftex/config/pdftex.map{Unicode.sfd}{UGBK.sfd}}


]
LaTeX Font Info:    Calculating math sizes for size <9.53561> on input line 110
.
LaTeX Font Info:    Font shape `OT1/phv/bx/n' in size <9.53561> not available
(Font)              Font shape `OT1/phv/b/n' tried instead on input line 131.

[2]

LaTeX Warning: No positions in optional float specifier.
               Default added (so using `tbp') on input line 281.

<fig//framework.pdf, id=22, 346.29375pt x 210.7875pt>
File: fig//framework.pdf Graphic file (type pdf)
 <use fig//framework.pdf>
Package pdftex.def Info: fig//framework.pdf used on input line 283.
(pdftex.def)             Requested size: 258.9675pt x 157.63673pt.

Overfull \hbox (6.0225pt too wide) in paragraph at lines 283--284
 [][] 
 []

[3 <F:/mypapers/DRT/DRTPaper/DRT4WS(V16)/fig//framework.pdf>]
Underfull \hbox (badness 10000) in paragraph at lines 357--365
[]\OT1/ppl/m/n/9.53561 Initially, the test-ing pro-file is
 []


Underfull \hbox (badness 10000) in paragraph at lines 357--365
$\OMS/cmsy/m/n/10 f[] \OML/cmm/m/it/10 ; [] ; [] ; []\OMS/cmsy/m/n/10 g$\OT1/pp
l/m/n/9.53561 , which, af-ter $\OML/cmm/m/it/10 n$
 []


Underfull \hbox (badness 3078) in paragraph at lines 357--365
\OT1/ppl/m/n/9.53561 test cas-es have been ex-e-cut-ed, is then up-dat-ed to
 []


Underfull \hbox (badness 10000) in paragraph at lines 357--365
$\OMS/cmsy/m/n/10 f[] \OML/cmm/m/it/10 ; [] ; [] ; []\OMS/cmsy/m/n/10 g$\OT1/pp
l/m/n/9.53561 . Dur-ing the test-ing
 []

\c@lem=\count124
[4]
\c@theo=\count125
 [5]

LaTeX Warning: No positions in optional float specifier.
               Default added (so using `tbp') on input line 595.

<fig//prototype.png, id=52, 642.90187pt x 283.0575pt>
File: fig//prototype.png Graphic file (type png)
 <use fig//prototype.png>
Package pdftex.def Info: fig//prototype.png used on input line 597.
(pdftex.def)             Requested size: 258.9675pt x 114.02002pt.

Overfull \hbox (6.0225pt too wide) in paragraph at lines 597--598
 [][] 
 []

LaTeX Font Info:    Try loading font information for OT1+pcr on input line 631.

(G:\latex\CTEX\MiKTeX\tex\latex\psnfss\ot1pcr.fd
File: ot1pcr.fd 2001/06/04 font definitions for OT1/pcr.
)
Underfull \hbox (badness 10000) in paragraph at lines 630--640
\OT1/ppl/m/n/9.53561 pro-gram-s for our s-tudy: \OT1/pcr/m/n/9.53561 Aviation C
onsignment
 []


Underfull \hbox (badness 10000) in paragraph at lines 630--640
\OT1/pcr/m/n/9.53561 Management Service (ACMS)\OT1/ppl/m/n/9.53561 , \OT1/pcr/m
/n/9.53561 China Unicom
 []


Underfull \hbox (badness 10000) in paragraph at lines 630--640
\OT1/pcr/m/n/9.53561 billing service (CUBS)\OT1/ppl/m/n/9.53561 , and \OT1/pcr/
m/n/9.53561 Parking billing
 []

LaTeX Font Info:    Calculating math sizes for size <8.03> on input line 645.
LaTeX Font Info:    Font shape `OT1/phv/m/it' in size <9.53561> not available
(Font)              Font shape `OT1/phv/m/sl' tried instead on input line 654.
[6 <F:/mypapers/DRT/DRTPaper/DRT4WS(V16)/fig//prototype.png>]
LaTeX Font Info:    Calculating math sizes for size <9.03374> on input line 739
.
 [7]
Underfull \hbox (badness 10000) in paragraph at lines 834--840
$\OT1/cmr/m/n/10 04\OML/cmm/m/it/10 ; \OT1/cmr/m/n/10 1\OML/cmm/m/it/10 :\OT1/c
mr/m/n/10 0\OML/cmm/m/it/10 E$\OT1/ppl/m/n/9.53561 -$\OT1/cmr/m/n/10 03\OML/cmm
/m/it/10 ; \OT1/cmr/m/n/10 5\OML/cmm/m/it/10 :\OT1/cmr/m/n/10 0\OML/cmm/m/it/10
 E$\OT1/ppl/m/n/9.53561 -$\OT1/cmr/m/n/10 03\OML/cmm/m/it/10 ; \OT1/cmr/m/n/10 
1\OML/cmm/m/it/10 :\OT1/cmr/m/n/10 0\OML/cmm/m/it/10 E$\OT1/ppl/m/n/9.53561 -$\
OT1/cmr/m/n/10 02\OML/cmm/m/it/10 ; \OT1/cmr/m/n/10 5\OML/cmm/m/it/10 :\OT1/cmr
/m/n/10 0\OML/cmm/m/it/10 E$\OT1/ppl/m/n/9.53561 -$\OT1/cmr/m/n/10 02\OML/cmm/m
/it/10 ; \OT1/cmr/m/n/10 1\OML/cmm/m/it/10 :\OT1/cmr/m/n/10 0\OML/cmm/m/it/10 E
$\OT1/ppl/m/n/9.53561 -$\OT1/cmr/m/n/10 01\OML/cmm/m/it/10 ; \OT1/cmr/m/n/10 2\
OML/cmm/m/it/10 E$\OT1/ppl/m/n/9.53561 -$\OT1/cmr/m/n/10 01\OML/cmm/m/it/10 ; \
OT1/cmr/m/n/10 3\OML/cmm/m/it/10 E$\OT1/ppl/m/n/9.53561 -
 []

[8] <fig/drtresultbox/aviaresultf.pdf, id=73, 578.16pt x 475.7775pt>
File: fig/drtresultbox/aviaresultf.pdf Graphic file (type pdf)

<use fig/drtresultbox/aviaresultf.pdf>
Package pdftex.def Info: fig/drtresultbox/aviaresultf.pdf used on input line 96
4.
(pdftex.def)             Requested size: 165.7389pt x 113.81142pt.

<fig/drtresultbox/chinaresultf.pdf, id=74, 578.16pt x 474.77374pt>
File: fig/drtresultbox/chinaresultf.pdf Graphic file (type pdf)

<use fig/drtresultbox/chinaresultf.pdf>
Package pdftex.def Info: fig/drtresultbox/chinaresultf.pdf used on input line 9
65.
(pdftex.def)             Requested size: 165.7389pt x 113.81038pt.

<fig/drtresultbox/parkingresultf.pdf, id=75, 578.16pt x 483.8075pt>
File: fig/drtresultbox/parkingresultf.pdf Graphic file (type pdf)

<use fig/drtresultbox/parkingresultf.pdf>
Package pdftex.def Info: fig/drtresultbox/parkingresultf.pdf used on input line
 966.
(pdftex.def)             Requested size: 165.7389pt x 113.80551pt.

<fig/drtresultbox/aviaresultf2.pdf, id=76, 578.16pt x 485.815pt>
File: fig/drtresultbox/aviaresultf2.pdf Graphic file (type pdf)

<use fig/drtresultbox/aviaresultf2.pdf>
Package pdftex.def Info: fig/drtresultbox/aviaresultf2.pdf used on input line 9
73.
(pdftex.def)             Requested size: 165.7389pt x 113.81071pt.

<fig/drtresultbox/chinaresultf2.pdf, id=77, 578.16pt x 480.79625pt>
File: fig/drtresultbox/chinaresultf2.pdf Graphic file (type pdf)

<use fig/drtresultbox/chinaresultf2.pdf>
Package pdftex.def Info: fig/drtresultbox/chinaresultf2.pdf used on input line 
974.
(pdftex.def)             Requested size: 165.7389pt x 113.80879pt.

<fig/drtresultbox/parkingresultf2.pdf, id=78, 578.16pt x 481.8pt>
File: fig/drtresultbox/parkingresultf2.pdf Graphic file (type pdf)

<use fig/drtresultbox/parkingresultf2.pdf>
Package pdftex.def Info: fig/drtresultbox/parkingresultf2.pdf used on input lin
e 975.
(pdftex.def)             Requested size: 165.7389pt x 113.81114pt.

<fig/drtresultbox/aviaresultt.pdf, id=79, 578.16pt x 475.7775pt>
File: fig/drtresultbox/aviaresultt.pdf Graphic file (type pdf)

<use fig/drtresultbox/aviaresultt.pdf>
Package pdftex.def Info: fig/drtresultbox/aviaresultt.pdf used on input line 98
2.
(pdftex.def)             Requested size: 165.7389pt x 113.81142pt.

<fig/drtresultbox/chinaresultt.pdf, id=80, 579.16376pt x 466.74374pt>
File: fig/drtresultbox/chinaresultt.pdf Graphic file (type pdf)

<use fig/drtresultbox/chinaresultt.pdf>
Package pdftex.def Info: fig/drtresultbox/chinaresultt.pdf used on input line 9
83.
(pdftex.def)             Requested size: 165.74385pt x 113.80838pt.

<fig/drtresultbox/parkingresultt.pdf, id=81, 578.16pt x 463.7325pt>
File: fig/drtresultbox/parkingresultt.pdf Graphic file (type pdf)

<use fig/drtresultbox/parkingresultt.pdf>
Package pdftex.def Info: fig/drtresultbox/parkingresultt.pdf used on input line
 984.
(pdftex.def)             Requested size: 165.7389pt x 113.81004pt.

<fig/drtparemeter/avia.pdf, id=82, 579.16376pt x 405.515pt>
File: fig/drtparemeter/avia.pdf Graphic file (type pdf)

<use fig/drtparemeter/avia.pdf>
Package pdftex.def Info: fig/drtparemeter/avia.pdf used on input line 1092.
(pdftex.def)             Requested size: 165.74385pt x 142.2665pt.

<fig/drtparemeter/china.pdf, id=83, 579.16376pt x 394.47375pt>
File: fig/drtparemeter/china.pdf Graphic file (type pdf)

<use fig/drtparemeter/china.pdf>
Package pdftex.def Info: fig/drtparemeter/china.pdf used on input line 1093.
(pdftex.def)             Requested size: 165.74385pt x 142.26324pt.

<fig/drtparemeter/parking.pdf, id=84, 579.16376pt x 402.50375pt>
File: fig/drtparemeter/parking.pdf Graphic file (type pdf)

<use fig/drtparemeter/parking.pdf>
Package pdftex.def Info: fig/drtparemeter/parking.pdf used on input line 1094.
(pdftex.def)             Requested size: 165.74385pt x 142.2603pt.

<fig/drttime/aviatimef.pdf, id=85, 578.16pt x 471.7625pt>
File: fig/drttime/aviatimef.pdf Graphic file (type pdf)

<use fig/drttime/aviatimef.pdf>
Package pdftex.def Info: fig/drttime/aviatimef.pdf used on input line 1185.
(pdftex.def)             Requested size: 165.7389pt x 113.80838pt.

<fig/drttime/chinatimef.pdf, id=86, 578.16pt x 473.77pt>
File: fig/drttime/chinatimef.pdf Graphic file (type pdf)

<use fig/drttime/chinatimef.pdf>
Package pdftex.def Info: fig/drttime/chinatimef.pdf used on input line 1186.
(pdftex.def)             Requested size: 165.7389pt x 113.80832pt.

<fig/drttime/parkingtimef.pdf, id=87, 578.16pt x 481.8pt>
File: fig/drttime/parkingtimef.pdf Graphic file (type pdf)

<use fig/drttime/parkingtimef.pdf>
Package pdftex.def Info: fig/drttime/parkingtimef.pdf used on input line 1187.
(pdftex.def)             Requested size: 165.7389pt x 113.81114pt.

<fig/drttime/aviatimef2.pdf, id=88, 578.16pt x 471.7625pt>
File: fig/drttime/aviatimef2.pdf Graphic file (type pdf)

<use fig/drttime/aviatimef2.pdf>
Package pdftex.def Info: fig/drttime/aviatimef2.pdf used on input line 1194.
(pdftex.def)             Requested size: 165.7389pt x 113.80838pt.

<fig/drttime/chinatimef2.pdf, id=89, 578.16pt x 471.7625pt>
File: fig/drttime/chinatimef2.pdf Graphic file (type pdf)

<use fig/drttime/chinatimef2.pdf>
Package pdftex.def Info: fig/drttime/chinatimef2.pdf used on input line 1195.
(pdftex.def)             Requested size: 165.7389pt x 113.80838pt.

<fig/drttime/parkingtimef2.pdf, id=90, 578.16pt x 471.7625pt>
File: fig/drttime/parkingtimef2.pdf Graphic file (type pdf)

<use fig/drttime/parkingtimef2.pdf>
Package pdftex.def Info: fig/drttime/parkingtimef2.pdf used on input line 1196.

(pdftex.def)             Requested size: 165.7389pt x 113.80838pt.

<fig/drttime/aviatimet.pdf, id=91, 578.16pt x 481.8pt>
File: fig/drttime/aviatimet.pdf Graphic file (type pdf)

<use fig/drttime/aviatimet.pdf>
Package pdftex.def Info: fig/drttime/aviatimet.pdf used on input line 1204.
(pdftex.def)             Requested size: 165.7389pt x 113.81114pt.

<fig/drttime/chinatimet.pdf, id=92, 578.16pt x 485.815pt>
File: fig/drttime/chinatimet.pdf Graphic file (type pdf)

<use fig/drttime/chinatimet.pdf>
Package pdftex.def Info: fig/drttime/chinatimet.pdf used on input line 1205.
(pdftex.def)             Requested size: 165.7389pt x 113.81071pt.

<fig/drttime/parkingtimet.pdf, id=93, 578.16pt x 481.8pt>
File: fig/drttime/parkingtimet.pdf Graphic file (type pdf)

<use fig/drttime/parkingtimet.pdf>
Package pdftex.def Info: fig/drttime/parkingtimet.pdf used on input line 1206.
(pdftex.def)             Requested size: 165.7389pt x 113.81114pt.
 [9] [10 <F:/mypapers/DRT/DRTPaper/DRT4WS(V16)/fig/drtresultbox/aviaresultf.pdf
> <F:/mypapers/DRT/DRTPaper/DRT4WS(V16)/fig/drtresultbox/chinaresultf.pdf> <F:/
mypapers/DRT/DRTPaper/DRT4WS(V16)/fig/drtresultbox/parkingresultf.pdf> <F:/mypa
pers/DRT/DRTPaper/DRT4WS(V16)/fig/drtresultbox/aviaresultf2.pdf> <F:/mypapers/D
RT/DRTPaper/DRT4WS(V16)/fig/drtresultbox/chinaresultf2.pdf> <F:/mypapers/DRT/DR
TPaper/DRT4WS(V16)/fig/drtresultbox/parkingresultf2.pdf> <F:/mypapers/DRT/DRTPa
per/DRT4WS(V16)/fig/drtresultbox/aviaresultt.pdf> <F:/mypapers/DRT/DRTPaper/DRT
4WS(V16)/fig/drtresultbox/chinaresultt.pdf> <F:/mypapers/DRT/DRTPaper/DRT4WS(V1
6)/fig/drtresultbox/parkingresultt.pdf> <F:/mypapers/DRT/DRTPaper/DRT4WS(V16)/f
ig/drtparemeter/avia.pdf> <F:/mypapers/DRT/DRTPaper/DRT4WS(V16)/fig/drtparemete
r/china.pdf> <F:/mypapers/DRT/DRTPaper/DRT4WS(V16)/fig/drtparemeter/parking.pdf
>] [11 <F:/mypapers/DRT/DRTPaper/DRT4WS(V16)/fig/drttime/aviatimef.pdf> <F:/myp
apers/DRT/DRTPaper/DRT4WS(V16)/fig/drttime/chinatimef.pdf> <F:/mypapers/DRT/DRT
Paper/DRT4WS(V16)/fig/drttime/parkingtimef.pdf> <F:/mypapers/DRT/DRTPaper/DRT4W
S(V16)/fig/drttime/aviatimef2.pdf> <F:/mypapers/DRT/DRTPaper/DRT4WS(V16)/fig/dr
ttime/chinatimef2.pdf> <F:/mypapers/DRT/DRTPaper/DRT4WS(V16)/fig/drttime/parkin
gtimef2.pdf> <F:/mypapers/DRT/DRTPaper/DRT4WS(V16)/fig/drttime/aviatimet.pdf> <
F:/mypapers/DRT/DRTPaper/DRT4WS(V16)/fig/drttime/chinatimet.pdf> <F:/mypapers/D
RT/DRTPaper/DRT4WS(V16)/fig/drttime/parkingtimet.pdf>] [12] (F:\mypapers\DRT\DR
TPaper\DRT4WS(V16)\DRT4WS.20190116.bbl
Missing character: There is no ¡ in font pplr7t!

[13]
Missing character: There is no ¡ in font pplri7t!
Missing character: There is no ¯ in font pplri7t!
)

pdfTeX warning: pdflatex.exe (file F:/mypapers/DRT/DRTPaper/DRT4WS(V16)/fig/aut
hors/CASun.pdf): PDF inclusion: found PDF version <1.6>, but at most version <1
.5> allowed
<fig/authors/CASun.pdf, id=435, 74.43811pt x 99.4917pt>
File: fig/authors/CASun.pdf Graphic file (type pdf)

<use fig/authors/CASun.pdf>
Package pdftex.def Info: fig/authors/CASun.pdf used on input line 1355.
(pdftex.def)             Requested size: 67.59338pt x 90.34325pt.
File: fig/authors/CASun.pdf Graphic file (type pdf)
 <use fig/authors/CASun.pdf>
Package pdftex.def Info: fig/authors/CASun.pdf used on input line 1355.
(pdftex.def)             Requested size: 67.59338pt x 90.34325pt.

<fig/authors/HPDai.jpg, id=438, 296.10625pt x 414.54875pt>
File: fig/authors/HPDai.jpg Graphic file (type jpg)

<use fig/authors/HPDai.jpg>
Package pdftex.def Info: fig/authors/HPDai.jpg used on input line 1360.
(pdftex.def)             Requested size: 64.52457pt x 90.33441pt.
File: fig/authors/HPDai.jpg Graphic file (type jpg)
 <use fig/authors/HPDai.jpg>
Package pdftex.def Info: fig/authors/HPDai.jpg used on input line 1360.
(pdftex.def)             Requested size: 64.52457pt x 90.33441pt.

<fig/authors/GWang.jpg, id=441, 215.30438pt x 263.48438pt>
File: fig/authors/GWang.jpg Graphic file (type jpg)

<use fig/authors/GWang.jpg>
Package pdftex.def Info: fig/authors/GWang.jpg used on input line 1363.
(pdftex.def)             Requested size: 72.2695pt x 88.44168pt.
File: fig/authors/GWang.jpg Graphic file (type jpg)
 <use fig/authors/GWang.jpg>
Package pdftex.def Info: fig/authors/GWang.jpg used on input line 1363.
(pdftex.def)             Requested size: 72.2695pt x 88.44168pt.

<fig/authors/DaveTowey.png, id=444, 876.27374pt x 1044.90375pt>
File: fig/authors/DaveTowey.png Graphic file (type png)

<use fig/authors/DaveTowey.png>
Package pdftex.def Info: fig/authors/DaveTowey.png used on input line 1366.
(pdftex.def)             Requested size: 72.2694pt x 86.17691pt.
File: fig/authors/DaveTowey.png Graphic file (type png)
 <use fig/authors/DaveTowey.png>
Package pdftex.def Info: fig/authors/DaveTowey.png used on input line 1366.
(pdftex.def)             Requested size: 72.2694pt x 86.17691pt.


pdfTeX warning: pdflatex.exe (file F:/mypapers/DRT/DRTPaper/DRT4WS(V16)/fig/aut
hors/TYChen.pdf): PDF inclusion: found PDF version <1.6>, but at most version <
1.5> allowed
<fig/authors/TYChen.pdf, id=447, 310.15875pt x 371.3875pt>
File: fig/authors/TYChen.pdf Graphic file (type pdf)

<use fig/authors/TYChen.pdf>
Package pdftex.def Info: fig/authors/TYChen.pdf used on input line 1369.
(pdftex.def)             Requested size: 72.26733pt x 86.5337pt.
File: fig/authors/TYChen.pdf Graphic file (type pdf)
 <use fig/authors/TYChen.pdf>
Package pdftex.def Info: fig/authors/TYChen.pdf used on input line 1369.
(pdftex.def)             Requested size: 72.26733pt x 86.5337pt.


pdfTeX warning: pdflatex.exe (file F:/mypapers/DRT/DRTPaper/DRT4WS(V16)/fig/aut
hors/KYCai.pdf): PDF inclusion: found PDF version <1.6>, but at most version <1
.5> allowed
<fig/authors/KYCai.pdf, id=450, 72.27pt x 101.17801pt>
File: fig/authors/KYCai.pdf Graphic file (type pdf)

<use fig/authors/KYCai.pdf>
Package pdftex.def Info: fig/authors/KYCai.pdf used on input line 1372.
(pdftex.def)             Requested size: 64.5296pt x 90.34146pt.
File: fig/authors/KYCai.pdf Graphic file (type pdf)
 <use fig/authors/KYCai.pdf>
Package pdftex.def Info: fig/authors/KYCai.pdf used on input line 1372.
(pdftex.def)             Requested size: 64.5296pt x 90.34146pt.
 [14 <F:/mypapers/DRT/DRTPaper/DRT4WS(V16)/fig/authors/CASun.pdf> <F:/mypapers/
DRT/DRTPaper/DRT4WS(V16)/fig/authors/HPDai.jpg> <F:/mypapers/DRT/DRTPaper/DRT4W
S(V16)/fig/authors/GWang.jpg> <F:/mypapers/DRT/DRTPaper/DRT4WS(V16)/fig/authors
/DaveTowey.png> <F:/mypapers/DRT/DRTPaper/DRT4WS(V16)/fig/authors/TYChen.pdf> <
F:/mypapers/DRT/DRTPaper/DRT4WS(V16)/fig/authors/KYCai.pdf>]
(F:\mypapers\DRT\DRTPaper\DRT4WS(V16)\DRT4WS.20190116.aux) ) 
Here is how much of TeX's memory you used:
 4008 strings out of 495354
 59193 string characters out of 3183523
 161881 words of memory out of 3000000
 7059 multiletter control sequences out of 15000+200000
 60074 words of font info for 144 fonts, out of 3000000 for 9000
 17 hyphenation exceptions out of 8191
 29i,15n,34p,1236b,482s stack positions out of 5000i,500n,10000p,200000b,50000s
{G:/latex/CTEX/MiKT
eX/fonts/enc/dvips/fontname/8r.enc}<G:/latex/CTEX/MiKTeX/fonts/type1/public/ams
fonts/cm/cmex10.pfb><G:/latex/CTEX/MiKTeX/fonts/type1/public/amsfonts/cm/cmmi10
.pfb><G:/latex/CTEX/MiKTeX/fonts/type1/public/amsfonts/cm/cmmi5.pfb><G:/latex/C
TEX/MiKTeX/fonts/type1/public/amsfonts/cm/cmmi6.pfb><G:/latex/CTEX/MiKTeX/fonts
/type1/public/amsfonts/cm/cmmi7.pfb><G:/latex/CTEX/MiKTeX/fonts/type1/public/am
sfonts/cm/cmmi8.pfb><G:/latex/CTEX/MiKTeX/fonts/type1/public/amsfonts/cm/cmmi9.
pfb><G:/latex/CTEX/MiKTeX/fonts/type1/public/amsfonts/cm/cmr10.pfb><G:/latex/CT
EX/MiKTeX/fonts/type1/public/amsfonts/cm/cmr6.pfb><G:/latex/CTEX/MiKTeX/fonts/t
ype1/public/amsfonts/cm/cmr7.pfb><G:/latex/CTEX/MiKTeX/fonts/type1/public/amsfo
nts/cm/cmr8.pfb><G:/latex/CTEX/MiKTeX/fonts/type1/public/amsfonts/cm/cmr9.pfb><
G:/latex/CTEX/MiKTeX/fonts/type1/public/amsfonts/cm/cmsy10.pfb><G:/latex/CTEX/M
iKTeX/fonts/type1/public/amsfonts/cm/cmsy5.pfb><G:/latex/CTEX/MiKTeX/fonts/type
1/public/amsfonts/cm/cmsy6.pfb><G:/latex/CTEX/MiKTeX/fonts/type1/public/amsfont
s/cm/cmsy7.pfb><G:/latex/CTEX/MiKTeX/fonts/type1/public/amsfonts/cm/cmsy8.pfb><
G:/latex/CTEX/MiKTeX/fonts/type1/public/amsfonts/symbols/msam10.pfb><G:/latex/C
TEX/MiKTeX/fonts/type1/urw/courier/ucrr8a.pfb><G:/latex/CTEX/MiKTeX/fonts/type1
/urw/helvetic/uhvb8a.pfb><G:/latex/CTEX/MiKTeX/fonts/type1/urw/helvetic/uhvr8a.
pfb><G:/latex/CTEX/MiKTeX/fonts/type1/urw/helvetic/uhvro8a.pfb><G:/latex/CTEX/M
iKTeX/fonts/type1/urw/palatino/uplb8a.pfb><G:/latex/CTEX/MiKTeX/fonts/type1/urw
/palatino/uplbi8a.pfb><G:/latex/CTEX/MiKTeX/fonts/type1/urw/palatino/uplr8a.pfb
><G:/latex/CTEX/MiKTeX/fonts/type1/urw/palatino/uplri8a.pfb><G:/latex/CTEX/MiKT
eX/fonts/type1/urw/zapfding/uzdr.pfb>
Output written on DRT4WS.20190116.pdf (14 pages, 2234749 bytes).
PDF statistics:
 562 PDF objects out of 1000 (max. 8388607)
 0 named destinations out of 1000 (max. 500000)
 218 words of extra memory for PDF output out of 10000 (max. 10000000)

