This is pdfTeX, Version 3.14159265-2.6-1.40.20 (MiKTeX 2.9.7140 64-bit) (preloaded format=pdflatex 2019.8.28)  23 APR 2020 12:17
entering extended mode
**./APT2008(v1.1,20180628,Huai).tex
(APT2008(v1.1,20180628,Huai).tex
LaTeX2e <2018-12-01>
(C:\Users\phant\AppData\Roaming\MiKTeX\2.9\tex/latex/ieeetran\IEEEtran.cls
Document Class: IEEEtran 2015/08/26 V1.8b by Michael Shell
-- See the "IEEEtran_HOWTO" manual for usage information.
-- http://www.michaelshell.org/tex/ieeetran/
\@IEEEtrantmpdimenA=\dimen102
\@IEEEtrantmpdimenB=\dimen103
\@IEEEtrantmpdimenC=\dimen104
\@IEEEtrantmpcountA=\count80
\@IEEEtrantmpcountB=\count81
\@IEEEtrantmpcountC=\count82
\@IEEEtrantmptoksA=\toks14
LaTeX Font Info:    Try loading font information for OT1+ppl on input line 503.

(C:\software\CTEX\MikTex\tex/latex/psnfss\ot1ppl.fd
File: ot1ppl.fd 2001/06/04 font definitions for OT1/ppl.
)
-- Using IEEE Computer Society mode.
-- Using 8.5in x 11in (letter) paper.
-- Using PDF output.
\@IEEEnormalsizeunitybaselineskip=\dimen105
-- This is a 10 point document.
\CLASSINFOnormalsizebaselineskip=\dimen106
\CLASSINFOnormalsizeunitybaselineskip=\dimen107
\IEEEnormaljot=\dimen108
LaTeX Font Info:    Font shape `OT1/ppl/bx/n' in size <5.01874> not available
(Font)              Font shape `OT1/ppl/b/n' tried instead on input line 1090.
LaTeX Font Info:    Font shape `OT1/ppl/bx/it' in size <5.01874> not available
(Font)              Font shape `OT1/ppl/b/it' tried instead on input line 1090.

LaTeX Font Info:    Font shape `OT1/ppl/bx/n' in size <7.02625> not available
(Font)              Font shape `OT1/ppl/b/n' tried instead on input line 1090.
LaTeX Font Info:    Font shape `OT1/ppl/bx/it' in size <7.02625> not available
(Font)              Font shape `OT1/ppl/b/it' tried instead on input line 1090.

LaTeX Font Info:    Font shape `OT1/ppl/bx/n' in size <8.03> not available
(Font)              Font shape `OT1/ppl/b/n' tried instead on input line 1090.
LaTeX Font Info:    Font shape `OT1/ppl/bx/it' in size <8.03> not available
(Font)              Font shape `OT1/ppl/b/it' tried instead on input line 1090.

LaTeX Font Info:    Font shape `OT1/ppl/bx/n' in size <9.03374> not available
(Font)              Font shape `OT1/ppl/b/n' tried instead on input line 1090.
LaTeX Font Info:    Font shape `OT1/ppl/bx/it' in size <9.03374> not available
(Font)              Font shape `OT1/ppl/b/it' tried instead on input line 1090.

LaTeX Font Info:    Font shape `OT1/ppl/bx/n' in size <9.53561> not available
(Font)              Font shape `OT1/ppl/b/n' tried instead on input line 1090.
LaTeX Font Info:    Font shape `OT1/ppl/bx/it' in size <9.53561> not available
(Font)              Font shape `OT1/ppl/b/it' tried instead on input line 1090.

LaTeX Font Info:    Font shape `OT1/ppl/bx/n' in size <11.04124> not available
(Font)              Font shape `OT1/ppl/b/n' tried instead on input line 1090.
LaTeX Font Info:    Font shape `OT1/ppl/bx/it' in size <11.04124> not available

(Font)              Font shape `OT1/ppl/b/it' tried instead on input line 1090.

LaTeX Font Info:    Font shape `OT1/ppl/bx/n' in size <12.045> not available
(Font)              Font shape `OT1/ppl/b/n' tried instead on input line 1090.
LaTeX Font Info:    Font shape `OT1/ppl/bx/it' in size <12.045> not available
(Font)              Font shape `OT1/ppl/b/it' tried instead on input line 1090.

LaTeX Font Info:    Font shape `OT1/ppl/bx/n' in size <17.06374> not available
(Font)              Font shape `OT1/ppl/b/n' tried instead on input line 1090.
LaTeX Font Info:    Font shape `OT1/ppl/bx/it' in size <17.06374> not available

(Font)              Font shape `OT1/ppl/b/it' tried instead on input line 1090.

LaTeX Font Info:    Font shape `OT1/ppl/bx/n' in size <20.075> not available
(Font)              Font shape `OT1/ppl/b/n' tried instead on input line 1090.
LaTeX Font Info:    Font shape `OT1/ppl/bx/it' in size <20.075> not available
(Font)              Font shape `OT1/ppl/b/it' tried instead on input line 1090.

LaTeX Font Info:    Font shape `OT1/ppl/bx/n' in size <24.09> not available
(Font)              Font shape `OT1/ppl/b/n' tried instead on input line 1090.
LaTeX Font Info:    Font shape `OT1/ppl/bx/it' in size <24.09> not available
(Font)              Font shape `OT1/ppl/b/it' tried instead on input line 1090.

\IEEEquantizedlength=\dimen109
\IEEEquantizedlengthdiff=\dimen110
\IEEEquantizedtextheightdiff=\dimen111
\IEEEilabelindentA=\dimen112
\IEEEilabelindentB=\dimen113
\IEEEilabelindent=\dimen114
\IEEEelabelindent=\dimen115
\IEEEdlabelindent=\dimen116
\IEEElabelindent=\dimen117
\IEEEiednormlabelsep=\dimen118
\IEEEiedmathlabelsep=\dimen119
\IEEEiedtopsep=\skip41
\c@section=\count83
\c@subsection=\count84
\c@subsubsection=\count85
\c@paragraph=\count86
\c@IEEEsubequation=\count87
\abovecaptionskip=\skip42
\belowcaptionskip=\skip43
\c@figure=\count88
\c@table=\count89
\@IEEEeqnnumcols=\count90
\@IEEEeqncolcnt=\count91
\@IEEEsubeqnnumrollback=\count92
\@IEEEquantizeheightA=\dimen120
\@IEEEquantizeheightB=\dimen121
\@IEEEquantizeheightC=\dimen122
\@IEEEquantizeprevdepth=\dimen123
\@IEEEquantizemultiple=\count93
\@IEEEquantizeboxA=\box27
\@IEEEtmpitemindent=\dimen124
\IEEEPARstartletwidth=\dimen125
\c@IEEEbiography=\count94
\@IEEEtranrubishbin=\box28
) (C:\software\CTEX\MikTex\tex/latex/algorithms\algorithm.sty
Package: algorithm 2009/08/24 v0.1 Document Style `algorithm' - floating enviro
nment

(C:\software\CTEX\MikTex\tex/latex/float\float.sty
Package: float 2001/11/08 v1.3d Float enhancements (AL)
\c@float@type=\count95
\float@exts=\toks15
\float@box=\box29
\@float@everytoks=\toks16
\@floatcapt=\box30
)
(C:\software\CTEX\MikTex\tex/latex/base\ifthen.sty
Package: ifthen 2014/09/29 v1.1c Standard LaTeX ifthen package (DPC)
)
\@float@every@algorithm=\toks17
\c@algorithm=\count96
)
(C:\software\CTEX\MikTex\tex/latex/algorithms\algorithmic.sty
Package: algorithmic 2009/08/24 v0.1 Document Style `algorithmic'

(C:\software\CTEX\MikTex\tex/latex/graphics\keyval.sty
Package: keyval 2014/10/28 v1.15 key=value parser (DPC)
\KV@toks@=\toks18
)
\c@ALC@unique=\count97
\c@ALC@line=\count98
\c@ALC@rem=\count99
\c@ALC@depth=\count100
\ALC@tlm=\skip44
\algorithmicindent=\skip45
)
(C:\software\CTEX\MikTex\tex/latex/amsfonts\amssymb.sty
Package: amssymb 2013/01/14 v3.01 AMS font symbols

(C:\software\CTEX\MikTex\tex/latex/amsfonts\amsfonts.sty
Package: amsfonts 2013/01/14 v3.01 Basic AMSFonts support
\@emptytoks=\toks19
\symAMSa=\mathgroup4
\symAMSb=\mathgroup5
LaTeX Font Info:    Overwriting math alphabet `\mathfrak' in version `bold'
(Font)                  U/euf/m/n --> U/euf/b/n on input line 106.
))
(C:\software\CTEX\MikTex\tex/latex/amsmath\amsmath.sty
Package: amsmath 2018/12/01 v2.17b AMS math features
\@mathmargin=\skip46

For additional information on amsmath, use the `?' option.
(C:\software\CTEX\MikTex\tex/latex/amsmath\amstext.sty
Package: amstext 2000/06/29 v2.01 AMS text

(C:\software\CTEX\MikTex\tex/latex/amsmath\amsgen.sty
File: amsgen.sty 1999/11/30 v2.0 generic functions
\@emptytoks=\toks20
\ex@=\dimen126
))
(C:\software\CTEX\MikTex\tex/latex/amsmath\amsbsy.sty
Package: amsbsy 1999/11/29 v1.2d Bold Symbols
\pmbraise@=\dimen127
)
(C:\software\CTEX\MikTex\tex/latex/amsmath\amsopn.sty
Package: amsopn 2016/03/08 v2.02 operator names
)
\inf@bad=\count101
LaTeX Info: Redefining \frac on input line 223.
\uproot@=\count102
\leftroot@=\count103
LaTeX Info: Redefining \overline on input line 385.
\classnum@=\count104
\DOTSCASE@=\count105
LaTeX Info: Redefining \ldots on input line 482.
LaTeX Info: Redefining \dots on input line 485.
LaTeX Info: Redefining \cdots on input line 606.
\Mathstrutbox@=\box31
\strutbox@=\box32
\big@size=\dimen128
LaTeX Font Info:    Redeclaring font encoding OML on input line 729.
LaTeX Font Info:    Redeclaring font encoding OMS on input line 730.
\macc@depth=\count106
\c@MaxMatrixCols=\count107
\dotsspace@=\muskip10
\c@parentequation=\count108
\dspbrk@lvl=\count109
\tag@help=\toks21
\row@=\count110
\column@=\count111
\maxfields@=\count112
\andhelp@=\toks22
\eqnshift@=\dimen129
\alignsep@=\dimen130
\tagshift@=\dimen131
\tagwidth@=\dimen132
\totwidth@=\dimen133
\lineht@=\dimen134
\@envbody=\toks23
\multlinegap=\skip47
\multlinetaggap=\skip48
\mathdisplay@stack=\toks24
LaTeX Info: Redefining \[ on input line 2844.
LaTeX Info: Redefining \] on input line 2845.
)
(C:\software\CTEX\MikTex\tex/latex/graphics\color.sty
Package: color 2016/07/10 v1.1e Standard LaTeX Color (DPC)

(C:\software\CTEX\MikTex\tex/latex/graphics-cfg\color.cfg
File: color.cfg 2016/01/02 v1.6 sample color configuration
)
Package color Info: Driver file: pdftex.def on input line 147.

(C:\software\CTEX\MikTex\tex/latex/graphics-def\pdftex.def
File: pdftex.def 2018/01/08 v1.0l Graphics/color driver for pdftex
))
(C:\software\CTEX\MikTex\tex/latex/graphics\graphicx.sty
Package: graphicx 2017/06/01 v1.1a Enhanced LaTeX Graphics (DPC,SPQR)

(C:\software\CTEX\MikTex\tex/latex/graphics\graphics.sty
Package: graphics 2017/06/25 v1.2c Standard LaTeX Graphics (DPC,SPQR)

(C:\software\CTEX\MikTex\tex/latex/graphics\trig.sty
Package: trig 2016/01/03 v1.10 sin cos tan (DPC)
)
(C:\software\CTEX\MikTex\tex/latex/graphics-cfg\graphics.cfg
File: graphics.cfg 2016/06/04 v1.11 sample graphics configuration
)
Package graphics Info: Driver file: pdftex.def on input line 99.
)
\Gin@req@height=\dimen135
\Gin@req@width=\dimen136
)
(C:\Users\phant\AppData\Roaming\MiKTeX\2.9\tex/latex/subfigure\subfigure.sty
Package: subfigure 2002/07/30 v2.1.4 subfigure package
\subfigtopskip=\skip49
\subfigcapskip=\skip50
\subfigcaptopadj=\dimen137
\subfigbottomskip=\skip51
\subfigcapmargin=\dimen138
\subfiglabelskip=\skip52
\c@subfigure=\count113
\c@lofdepth=\count114
\c@subtable=\count115
\c@lotdepth=\count116

****************************************
* Local config file subfigure.cfg used *
****************************************
(C:\Users\phant\AppData\Roaming\MiKTeX\2.9\tex/latex/subfigure\subfigure.cfg)
\subfig@top=\skip53
\subfig@bottom=\skip54
)
(APT2008(v1.1,20180628,Huai).aux)
\openout1 = `APT2008(v1.1,20180628,Huai).aux'.

LaTeX Font Info:    Checking defaults for OML/cmm/m/it on input line 18.
LaTeX Font Info:    ... okay on input line 18.
LaTeX Font Info:    Checking defaults for T1/cmr/m/n on input line 18.
LaTeX Font Info:    ... okay on input line 18.
LaTeX Font Info:    Checking defaults for OT1/cmr/m/n on input line 18.
LaTeX Font Info:    ... okay on input line 18.
LaTeX Font Info:    Checking defaults for OMS/cmsy/m/n on input line 18.
LaTeX Font Info:    ... okay on input line 18.
LaTeX Font Info:    Checking defaults for OMX/cmex/m/n on input line 18.
LaTeX Font Info:    ... okay on input line 18.
LaTeX Font Info:    Checking defaults for U/cmr/m/n on input line 18.
LaTeX Font Info:    ... okay on input line 18.

-- Lines per column: 61 (exact).
(C:\Users\phant\AppData\Roaming\MiKTeX\2.9\tex/context/base/mkii\supp-pdf.mkii
[Loading MPS to PDF converter (version 2006.09.02).]
\scratchcounter=\count117
\scratchdimen=\dimen139
\scratchbox=\box33
\nofMPsegments=\count118
\nofMParguments=\count119
\everyMPshowfont=\toks25
\MPscratchCnt=\count120
\MPscratchDim=\dimen140
\MPnumerator=\count121
\makeMPintoPDFobject=\count122
\everyMPtoPDFconversion=\toks26
) (C:\software\CTEX\MikTex\tex/latex/oberdiek\epstopdf-base.sty
Package: epstopdf-base 2016/05/15 v2.6 Base part for package epstopdf

(C:\software\CTEX\MikTex\tex/generic/oberdiek\infwarerr.sty
Package: infwarerr 2016/05/16 v1.4 Providing info/warning/error messages (HO)
)
(C:\software\CTEX\MikTex\tex/latex/oberdiek\grfext.sty
Package: grfext 2016/05/16 v1.2 Manage graphics extensions (HO)

(C:\software\CTEX\MikTex\tex/generic/oberdiek\kvdefinekeys.sty
Package: kvdefinekeys 2016/05/16 v1.4 Define keys (HO)

(C:\software\CTEX\MikTex\tex/generic/oberdiek\ltxcmds.sty
Package: ltxcmds 2016/05/16 v1.23 LaTeX kernel commands for general use (HO)
)))
(C:\software\CTEX\MikTex\tex/latex/oberdiek\kvoptions.sty
Package: kvoptions 2016/05/16 v3.12 Key value format for package options (HO)

(C:\software\CTEX\MikTex\tex/generic/oberdiek\kvsetkeys.sty
Package: kvsetkeys 2016/05/16 v1.17 Key value parser (HO)

(C:\software\CTEX\MikTex\tex/generic/oberdiek\etexcmds.sty
Package: etexcmds 2016/05/16 v1.6 Avoid name clashes with e-TeX commands (HO)

(C:\software\CTEX\MikTex\tex/generic/oberdiek\ifluatex.sty
Package: ifluatex 2016/05/16 v1.4 Provides the ifluatex switch (HO)
Package ifluatex Info: LuaTeX not detected.
))))
(C:\software\CTEX\MikTex\tex/generic/oberdiek\pdftexcmds.sty
Package: pdftexcmds 2019/07/25 v0.30 Utility functions of pdfTeX for LuaTeX (HO
)

(C:\software\CTEX\MikTex\tex/generic/oberdiek\ifpdf.sty
Package: ifpdf 2018/09/07 v3.3 Provides the ifpdf switch
)
Package pdftexcmds Info: LuaTeX not detected.
Package pdftexcmds Info: \pdf@primitive is available.
Package pdftexcmds Info: \pdf@ifprimitive is available.
Package pdftexcmds Info: \pdfdraftmode found.
)
Package epstopdf-base Info: Redefining graphics rule for `.eps' on input line 4
38.
Package grfext Info: Graphics extension search list:
(grfext)             [.pdf,.png,.jpg,.mps,.jpeg,.jbig2,.jb2,.PDF,.PNG,.JPG,.JPE
G,.JBIG2,.JB2,.eps]
(grfext)             \AppendGraphicsExtensions on input line 456.
)
LaTeX Font Info:    Try loading font information for OT1+phv on input line 63.

(C:\software\CTEX\MikTex\tex/latex/psnfss\ot1phv.fd
File: ot1phv.fd 2001/06/04 scalable font definitions for OT1/phv.
)
LaTeX Font Info:    Font shape `OT1/phv/m/it' in size <11.04124> not available
(Font)              Font shape `OT1/phv/m/sl' tried instead on input line 63.
LaTeX Font Info:    Font shape `OT1/phv/bx/n' in size <8.03> not available
(Font)              Font shape `OT1/phv/b/n' tried instead on input line 63.
LaTeX Font Info:    Calculating math sizes for size <11.04124> on input line 63
.
LaTeX Font Info:    Try loading font information for U+msa on input line 63.

(C:\software\CTEX\MikTex\tex/latex/amsfonts\umsa.fd
File: umsa.fd 2013/01/14 v3.01 AMS symbols A
)
LaTeX Font Info:    Try loading font information for U+msb on input line 63.

(C:\software\CTEX\MikTex\tex/latex/amsfonts\umsb.fd
File: umsb.fd 2013/01/14 v3.01 AMS symbols B
)
LaTeX Font Info:    Try loading font information for U+pzd on input line 63.

(C:\software\CTEX\MikTex\tex/latex/psnfss\upzd.fd
File: upzd.fd 2001/06/04 font definitions for U/pzd.
)
LaTeX Font Info:    Font shape `OT1/phv/bx/n' in size <11.04124> not available
(Font)              Font shape `OT1/phv/b/n' tried instead on input line 91.
LaTeX Font Info:    Font shape `OT1/phv/bx/sc' in size <11.04124> not available

(Font)              Font shape `OT1/phv/b/sc' tried instead on input line 91.


LaTeX Warning: Citation `Hamlet02' on page 1 undefined on input line 93.


LaTeX Warning: Citation `Weyuker91' on page 1 undefined on input line 93.


LaTeX Warning: Citation `Hamlet90' on page 1 undefined on input line 99.


LaTeX Warning: Citation `ChenTSE94' on page 1 undefined on input line 99.


LaTeX Warning: Citation `ChenTSE96' on page 1 undefined on input line 99.


LaTeX Warning: Citation `Gutjahr99' on page 1 undefined on input line 99.


LaTeX Warning: Citation `Cai05' on page 1 undefined on input line 101.


LaTeX Warning: Citation `Cai07' on page 1 undefined on input line 101.

LaTeX Font Info:    Calculating math sizes for size <9.53561> on input line 101
.

LaTeX Warning: Citation `Ammann88' on page 1 undefined on input line 103.


LaTeX Warning: Citation `Finelli91' on page 1 undefined on input line 103.


LaTeX Warning: Citation `Cai09' on page 1 undefined on input line 103.


LaTeX Warning: Citation `Cai02' on page 1 undefined on input line 103.

[1{C:/Users/phant/AppData/Local/MiKTeX/2.9/pdftex/config/pdftex.map}


]
Underfull \hbox (badness 2941) in paragraph at lines 111--112
[]\OT1/ppl/m/n/9.53561 We de-velop two al-go-rithms for APT, namely
 []


Underfull \hbox (badness 1577) in paragraph at lines 111--112
\OT1/ppl/m/n/9.53561 Markov-chain based APT (MAPT) and reward-
 []

LaTeX Font Info:    Font shape `OT1/phv/bx/n' in size <9.53561> not available
(Font)              Font shape `OT1/phv/b/n' tried instead on input line 120.

LaTeX Warning: Citation `Lv11' on page 2 undefined on input line 166.


LaTeX Warning: Citation `Yang14' on page 2 undefined on input line 166.


LaTeX Warning: Citation `Li15' on page 2 undefined on input line 166.

[2]
Underfull \hbox (badness 10000) in paragraph at lines 251--252
[] []\OT1/ppl/m/n/9.53561 Select a par-ti-tion $\OML/cmm/m/it/10 c[]$ \OT1/ppl/
m/n/9.53561 ac-cord-ing to pro-file
 []


Underfull \hbox (badness 4266) in paragraph at lines 338--339
[] []\OT1/ppl/m/n/9.53561 Select a par-ti-tion $\OML/cmm/m/it/10 c[]$ \OT1/ppl/
m/n/9.53561 ac-cord-ing to the pro-file
 []

[3]
Underfull \hbox (badness 1990) in paragraph at lines 372--373
[]\OT1/ppl/m/n/9.53561 According to the steps of Al-go-rithm 1, the pro-
 []


Underfull \hbox (badness 1694) in paragraph at lines 394--395
\OT1/ppl/m/n/9.53561 of up-dat-ing test-ing pro-file is shown as fol-lows: Be-
 []


LaTeX Warning: Citation `Do05' on page 4 undefined on input line 420.

LaTeX Font Info:    Try loading font information for OT1+pcr on input line 420.

(C:\software\CTEX\MikTex\tex/latex/psnfss\ot1pcr.fd
File: ot1pcr.fd 2001/06/04 font definitions for OT1/pcr.
) [4]
LaTeX Font Info:    Calculating math sizes for size <8.03> on input line 426.
LaTeX Font Info:    Font shape `OT1/phv/m/it' in size <9.53561> not available
(Font)              Font shape `OT1/phv/m/sl' tried instead on input line 450.


LaTeX Warning: Citation `Ostrand88' on page 5 undefined on input line 468.

[5]

LaTeX Warning: Citation `Lv11' on page 6 undefined on input line 497.


LaTeX Warning: Citation `Yang14' on page 6 undefined on input line 497.


LaTeX Warning: Citation `Li15' on page 6 undefined on input line 497.


LaTeX Warning: Citation `Li15' on page 6 undefined on input line 497.


! LaTeX Error: File `grepF' not found.

See the LaTeX manual or LaTeX Companion for explanation.
Type  H <return>  for immediate help.
 ...                                              
                                                  
l.625 ...udegraphics[width=0.32\textwidth]{grepF}}
                                                  
I could not locate the file with any of these extensions:
.pdf,.png,.jpg,.mps,.jpeg,.jbig2,.jb2,.PDF,.PNG,.JPG,.JPEG,.JBIG2,.JB2,.eps
Try typing  <return>  to proceed.
If that doesn't work, type  X <return>  to quit.


Overfull \hbox (9.3629pt too wide) in paragraph at lines 625--625
[]\OT1/ppl/m/n/8.03 (a)
 []


Overfull \hbox (16.16418pt too wide) in paragraph at lines 625--625
\OT1/ppl/m/n/8.03 grep 
 []


! LaTeX Error: File `gzipF' not found.

See the LaTeX manual or LaTeX Companion for explanation.
Type  H <return>  for immediate help.
 ...                                              
                                                  
l.626 ...udegraphics[width=0.32\textwidth]{gzipF}}
                                                  
I could not locate the file with any of these extensions:
.pdf,.png,.jpg,.mps,.jpeg,.jbig2,.jb2,.PDF,.PNG,.JPG,.JPEG,.JBIG2,.JB2,.eps
Try typing  <return>  to proceed.
If that doesn't work, type  X <return>  to quit.


Overfull \hbox (9.7884pt too wide) in paragraph at lines 626--626
[]\OT1/ppl/m/n/8.03 (b)
 []


Overfull \hbox (15.64223pt too wide) in paragraph at lines 626--626
\OT1/ppl/m/n/8.03 gzip 
 []


! LaTeX Error: File `makeF' not found.

See the LaTeX manual or LaTeX Companion for explanation.
Type  H <return>  for immediate help.
 ...                                              
                                                  
l.627 ...udegraphics[width=0.32\textwidth]{makeF}}
                                                  
I could not locate the file with any of these extensions:
.pdf,.png,.jpg,.mps,.jpeg,.jbig2,.jb2,.PDF,.PNG,.JPG,.JPEG,.JBIG2,.JB2,.eps
Try typing  <return>  to proceed.
If that doesn't work, type  X <return>  to quit.


Overfull \hbox (8.91316pt too wide) in paragraph at lines 627--627
[]\OT1/ppl/m/n/8.03 (c)
 []


Overfull \hbox (19.41637pt too wide) in paragraph at lines 627--627
\OT1/ppl/m/n/8.03 make 
 []


! LaTeX Error: File `grepF2' not found.

See the LaTeX manual or LaTeX Companion for explanation.
Type  H <return>  for immediate help.
 ...                                              
                                                  
l.634 ...degraphics[width=0.32\textwidth]{grepF2}}
                                                  
I could not locate the file with any of these extensions:
.pdf,.png,.jpg,.mps,.jpeg,.jbig2,.jb2,.PDF,.PNG,.JPG,.JPEG,.JBIG2,.JB2,.eps
Try typing  <return>  to proceed.
If that doesn't work, type  X <return>  to quit.


Overfull \hbox (9.3629pt too wide) in paragraph at lines 634--634
[]\OT1/ppl/m/n/8.03 (a)
 []


Overfull \hbox (16.16418pt too wide) in paragraph at lines 634--634
\OT1/ppl/m/n/8.03 grep 
 []


! LaTeX Error: File `gzipF2' not found.

See the LaTeX manual or LaTeX Companion for explanation.
Type  H <return>  for immediate help.
 ...                                              
                                                  
l.635 ...degraphics[width=0.32\textwidth]{gzipF2}}
                                                  
I could not locate the file with any of these extensions:
.pdf,.png,.jpg,.mps,.jpeg,.jbig2,.jb2,.PDF,.PNG,.JPG,.JPEG,.JBIG2,.JB2,.eps
Try typing  <return>  to proceed.
If that doesn't work, type  X <return>  to quit.


Overfull \hbox (9.7884pt too wide) in paragraph at lines 635--635
[]\OT1/ppl/m/n/8.03 (b)
 []


Overfull \hbox (15.64223pt too wide) in paragraph at lines 635--635
\OT1/ppl/m/n/8.03 gzip 
 []


! LaTeX Error: File `makeF2' not found.

See the LaTeX manual or LaTeX Companion for explanation.
Type  H <return>  for immediate help.
 ...                                              
                                                  
l.636 ...degraphics[width=0.32\textwidth]{makeF2}}
                                                  
I could not locate the file with any of these extensions:
.pdf,.png,.jpg,.mps,.jpeg,.jbig2,.jb2,.PDF,.PNG,.JPG,.JPEG,.JBIG2,.JB2,.eps
Try typing  <return>  to proceed.
If that doesn't work, type  X <return>  to quit.


Overfull \hbox (8.91316pt too wide) in paragraph at lines 636--636
[]\OT1/ppl/m/n/8.03 (c)
 []


Overfull \hbox (19.41637pt too wide) in paragraph at lines 636--636
\OT1/ppl/m/n/8.03 make 
 []


LaTeX Warning: Citation `Holm79' on page 6 undefined on input line 641.

[6]
Underfull \vbox (badness 10000) has occurred while \output is active []



! LaTeX Error: File `grepT' not found.

See the LaTeX manual or LaTeX Companion for explanation.
Type  H <return>  for immediate help.
 ...                                              
                                                  
l.764 ...udegraphics[width=0.32\textwidth]{grepT}}
                                                  
I could not locate the file with any of these extensions:
.pdf,.png,.jpg,.mps,.jpeg,.jbig2,.jb2,.PDF,.PNG,.JPG,.JPEG,.JBIG2,.JB2,.eps
Try typing  <return>  to proceed.
If that doesn't work, type  X <return>  to quit.


Overfull \hbox (9.3629pt too wide) in paragraph at lines 764--764
[]\OT1/ppl/m/n/8.03 (a)
 []


Overfull \hbox (16.16418pt too wide) in paragraph at lines 764--764
\OT1/ppl/m/n/8.03 grep 
 []


! LaTeX Error: File `gzipT' not found.

See the LaTeX manual or LaTeX Companion for explanation.
Type  H <return>  for immediate help.
 ...                                              
                                                  
l.765 ...udegraphics[width=0.32\textwidth]{gzipT}}
                                                  
I could not locate the file with any of these extensions:
.pdf,.png,.jpg,.mps,.jpeg,.jbig2,.jb2,.PDF,.PNG,.JPG,.JPEG,.JBIG2,.JB2,.eps
Try typing  <return>  to proceed.
If that doesn't work, type  X <return>  to quit.


Overfull \hbox (9.7884pt too wide) in paragraph at lines 765--765
[]\OT1/ppl/m/n/8.03 (b)
 []


Overfull \hbox (15.64223pt too wide) in paragraph at lines 765--765
\OT1/ppl/m/n/8.03 gzip 
 []


! LaTeX Error: File `makeT' not found.

See the LaTeX manual or LaTeX Companion for explanation.
Type  H <return>  for immediate help.
 ...                                              
                                                  
l.766 ...udegraphics[width=0.32\textwidth]{makeT}}
                                                  
I could not locate the file with any of these extensions:
.pdf,.png,.jpg,.mps,.jpeg,.jbig2,.jb2,.PDF,.PNG,.JPG,.JPEG,.JBIG2,.JB2,.eps
Try typing  <return>  to proceed.
If that doesn't work, type  X <return>  to quit.


Overfull \hbox (8.91316pt too wide) in paragraph at lines 766--766
[]\OT1/ppl/m/n/8.03 (c)
 []


Overfull \hbox (19.41637pt too wide) in paragraph at lines 766--766
\OT1/ppl/m/n/8.03 make 
 []


! LaTeX Error: File `grepT2' not found.

See the LaTeX manual or LaTeX Companion for explanation.
Type  H <return>  for immediate help.
 ...                                              
                                                  
l.773 ...degraphics[width=0.32\textwidth]{grepT2}}
                                                  
I could not locate the file with any of these extensions:
.pdf,.png,.jpg,.mps,.jpeg,.jbig2,.jb2,.PDF,.PNG,.JPG,.JPEG,.JBIG2,.JB2,.eps
Try typing  <return>  to proceed.
If that doesn't work, type  X <return>  to quit.


Overfull \hbox (9.3629pt too wide) in paragraph at lines 773--773
[]\OT1/ppl/m/n/8.03 (a)
 []


Overfull \hbox (16.16418pt too wide) in paragraph at lines 773--773
\OT1/ppl/m/n/8.03 grep 
 []


! LaTeX Error: File `gzipT2' not found.

See the LaTeX manual or LaTeX Companion for explanation.
Type  H <return>  for immediate help.
 ...                                              
                                                  
l.774 ...degraphics[width=0.32\textwidth]{gzipT2}}
                                                  
I could not locate the file with any of these extensions:
.pdf,.png,.jpg,.mps,.jpeg,.jbig2,.jb2,.PDF,.PNG,.JPG,.JPEG,.JBIG2,.JB2,.eps
Try typing  <return>  to proceed.
If that doesn't work, type  X <return>  to quit.


Overfull \hbox (9.7884pt too wide) in paragraph at lines 774--774
[]\OT1/ppl/m/n/8.03 (b)
 []


Overfull \hbox (15.64223pt too wide) in paragraph at lines 774--774
\OT1/ppl/m/n/8.03 gzip 
 []


! LaTeX Error: File `makeT2' not found.

See the LaTeX manual or LaTeX Companion for explanation.
Type  H <return>  for immediate help.
 ...                                              
                                                  
l.775 ...degraphics[width=0.32\textwidth]{makeT2}}
                                                  
I could not locate the file with any of these extensions:
.pdf,.png,.jpg,.mps,.jpeg,.jbig2,.jb2,.PDF,.PNG,.JPG,.JPEG,.JBIG2,.JB2,.eps
Try typing  <return>  to proceed.
If that doesn't work, type  X <return>  to quit.


Overfull \hbox (8.91316pt too wide) in paragraph at lines 775--775
[]\OT1/ppl/m/n/8.03 (c)
 []


Overfull \hbox (19.41637pt too wide) in paragraph at lines 775--775
\OT1/ppl/m/n/8.03 make 
 []

[7] [8]

LaTeX Warning: Citation `Cai05' on page 9 undefined on input line 952.


LaTeX Warning: Citation `Cai07' on page 9 undefined on input line 952.


LaTeX Warning: Citation `Cai02' on page 9 undefined on input line 952.


LaTeX Warning: Citation `LvTSE14' on page 9 undefined on input line 952.


LaTeX Warning: Citation `Lv14' on page 9 undefined on input line 952.


LaTeX Warning: Citation `Cai09' on page 9 undefined on input line 952.


LaTeX Warning: Citation `Sun12' on page 9 undefined on input line 952.


LaTeX Warning: Citation `Lv11' on page 9 undefined on input line 952.


LaTeX Warning: Citation `Yang14' on page 9 undefined on input line 952.


LaTeX Warning: Citation `Li15' on page 9 undefined on input line 952.


LaTeX Warning: Citation `White80' on page 9 undefined on input line 956.


LaTeX Warning: Citation `Ammann88' on page 9 undefined on input line 956.


LaTeX Warning: Citation `Finelli91' on page 9 undefined on input line 956.


LaTeX Warning: Citation `Bishop93' on page 9 undefined on input line 956.


LaTeX Warning: Citation `Koru08' on page 9 undefined on input line 956.


LaTeX Warning: Citation `Chen10' on page 9 undefined on input line 956.


LaTeX Warning: Citation `Barus16' on page 9 undefined on input line 956.


LaTeX Warning: Citation `Chen09' on page 9 undefined on input line 960.


LaTeX Warning: Citation `Liu11' on page 9 undefined on input line 960.


LaTeX Warning: Citation `Chen07' on page 9 undefined on input line 962.


LaTeX Warning: Citation `Liu16' on page 9 undefined on input line 962.


LaTeX Warning: Citation `Liu12' on page 9 undefined on input line 962.


LaTeX Warning: Citation `Zhou09' on page 9 undefined on input line 962.

[9] (APT2008(v1.1,20180628,Huai).bbl

! LaTeX Error: Something's wrong--perhaps a missing \item.

See the LaTeX manual or LaTeX Companion for explanation.
Type  H <return>  for immediate help.
 ...                                              
                                                  
l.24 \end{thebibliography}
                          
Try typing  <return>  to proceed.
If that doesn't work, type  X <return>  to quit.

)

! LaTeX Error: File `CASun' not found.

See the LaTeX manual or LaTeX Companion for explanation.
Type  H <return>  for immediate help.
 ...                                              
                                                  
l.1006 ...,keepaspectratio]{CASun}}]{Chang-ai Sun}
                                                   is a Professor in the Sch...

I could not locate the file with any of these extensions:
.pdf,.png,.jpg,.mps,.jpeg,.jbig2,.jb2,.PDF,.PNG,.JPG,.JPEG,.JBIG2,.JB2,.eps
Try typing  <return>  to proceed.
If that doesn't work, type  X <return>  to quit.


! LaTeX Error: File `CASun' not found.

See the LaTeX manual or LaTeX Companion for explanation.
Type  H <return>  for immediate help.
 ...                                              
                                                  
l.1006 ...,keepaspectratio]{CASun}}]{Chang-ai Sun}
                                                   is a Professor in the Sch...

I could not locate the file with any of these extensions:
.pdf,.png,.jpg,.mps,.jpeg,.jbig2,.jb2,.PDF,.PNG,.JPG,.JPEG,.JBIG2,.JB2,.eps
Try typing  <return>  to proceed.
If that doesn't work, type  X <return>  to quit.


! LaTeX Error: File `HPDai' not found.

See the LaTeX manual or LaTeX Companion for explanation.
Type  H <return>  for immediate help.
 ...                                              
                                                  
l.1010 ...ip,keepaspectratio]{HPDai}}]{Hepeng Dai}
                                                   is a PhD student in the S...

I could not locate the file with any of these extensions:
.pdf,.png,.jpg,.mps,.jpeg,.jbig2,.jb2,.PDF,.PNG,.JPG,.JPEG,.JBIG2,.JB2,.eps
Try typing  <return>  to proceed.
If that doesn't work, type  X <return>  to quit.


! LaTeX Error: File `HPDai' not found.

See the LaTeX manual or LaTeX Companion for explanation.
Type  H <return>  for immediate help.
 ...                                              
                                                  
l.1010 ...ip,keepaspectratio]{HPDai}}]{Hepeng Dai}
                                                   is a PhD student in the S...

I could not locate the file with any of these extensions:
.pdf,.png,.jpg,.mps,.jpeg,.jbig2,.jb2,.PDF,.PNG,.JPG,.JPEG,.JBIG2,.JB2,.eps
Try typing  <return>  to proceed.
If that doesn't work, type  X <return>  to quit.



pdfTeX warning: pdflatex.EXE (file ./HLiu.pdf): PDF inclusion: found PDF versio
n <1.6>, but at most version <1.5> allowed
<HLiu.pdf, id=45, 2177.13374pt x 2902.845pt>
File: HLiu.pdf Graphic file (type pdf)
<use HLiu.pdf>
Package pdftex.def Info: HLiu.pdf  used on input line 1014.
(pdftex.def)             Requested size: 67.73627pt x 90.31503pt.
File: HLiu.pdf Graphic file (type pdf)
<use HLiu.pdf>
Package pdftex.def Info: HLiu.pdf  used on input line 1014.
(pdftex.def)             Requested size: 67.73627pt x 90.31503pt.

! LaTeX Error: File `TYChen' not found.

See the LaTeX manual or LaTeX Companion for explanation.
Type  H <return>  for immediate help.
 ...                                              
                                                  
l.1017 ...paspectratio]{TYChen}}]{Tsong Yueh Chen}
                                                   is a Professor of Softwar...

I could not locate the file with any of these extensions:
.pdf,.png,.jpg,.mps,.jpeg,.jbig2,.jb2,.PDF,.PNG,.JPG,.JPEG,.JBIG2,.JB2,.eps
Try typing  <return>  to proceed.
If that doesn't work, type  X <return>  to quit.


! LaTeX Error: File `TYChen' not found.

See the LaTeX manual or LaTeX Companion for explanation.
Type  H <return>  for immediate help.
 ...                                              
                                                  
l.1017 ...paspectratio]{TYChen}}]{Tsong Yueh Chen}
                                                   is a Professor of Softwar...

I could not locate the file with any of these extensions:
.pdf,.png,.jpg,.mps,.jpeg,.jbig2,.jb2,.PDF,.PNG,.JPG,.JPEG,.JBIG2,.JB2,.eps
Try typing  <return>  to proceed.
If that doesn't work, type  X <return>  to quit.

[10 <./HLiu.pdf>]

! LaTeX Error: File `KYCai' not found.

See the LaTeX manual or LaTeX Companion for explanation.
Type  H <return>  for immediate help.
 ...                                              
                                                  
l.1022 ...,keepaspectratio]{KYCai}}]{Kai-Yuan Cai}
                                                   received the BS, MS, and ...

I could not locate the file with any of these extensions:
.pdf,.png,.jpg,.mps,.jpeg,.jbig2,.jb2,.PDF,.PNG,.JPG,.JPEG,.JBIG2,.JB2,.eps
Try typing  <return>  to proceed.
If that doesn't work, type  X <return>  to quit.


! LaTeX Error: File `KYCai' not found.

See the LaTeX manual or LaTeX Companion for explanation.
Type  H <return>  for immediate help.
 ...                                              
                                                  
l.1022 ...,keepaspectratio]{KYCai}}]{Kai-Yuan Cai}
                                                   received the BS, MS, and ...

I could not locate the file with any of these extensions:
.pdf,.png,.jpg,.mps,.jpeg,.jbig2,.jb2,.PDF,.PNG,.JPG,.JPEG,.JBIG2,.JB2,.eps
Try typing  <return>  to proceed.
If that doesn't work, type  X <return>  to quit.

[11

] (APT2008(v1.1,20180628,Huai).aux)

LaTeX Warning: There were undefined references.

 ) 
Here is how much of TeX's memory you used:
 3896 strings out of 492895
 57643 string characters out of 3135367
 140660 words of memory out of 3000000
 7689 multiletter control sequences out of 15000+200000
 58185 words of font info for 133 fonts, out of 3000000 for 9000
 1144 hyphenation exceptions out of 8191
 41i,23n,38p,3025b,488s stack positions out of 5000i,500n,10000p,200000b,50000s
{C:/software/CTEX/MikTex/fonts/enc/dvips/base/8r.enc}<C:/software/CTEX/MikTex
/fonts/type1/public/amsfonts/cm/cmex10.pfb><C:/software/CTEX/MikTex/fonts/type1
/public/amsfonts/cm/cmmi10.pfb><C:/software/CTEX/MikTex/fonts/type1/public/amsf
onts/cm/cmmi7.pfb><C:/software/CTEX/MikTex/fonts/type1/public/amsfonts/cm/cmr10
.pfb><C:/software/CTEX/MikTex/fonts/type1/public/amsfonts/cm/cmr7.pfb><C:/softw
are/CTEX/MikTex/fonts/type1/public/amsfonts/cm/cmsy10.pfb><C:/software/CTEX/Mik
Tex/fonts/type1/public/amsfonts/cm/cmsy7.pfb><C:/software/CTEX/MikTex/fonts/typ
e1/urw/courier/ucrr8a.pfb><C:/software/CTEX/MikTex/fonts/type1/urw/helvetic/uhv
b8a.pfb><C:/software/CTEX/MikTex/fonts/type1/urw/helvetic/uhvr8a.pfb><C:/softwa
re/CTEX/MikTex/fonts/type1/urw/helvetic/uhvro8a.pfb><C:/software/CTEX/MikTex/fo
nts/type1/urw/palatino/uplb8a.pfb><C:/software/CTEX/MikTex/fonts/type1/urw/pala
tino/uplr8a.pfb><C:/software/CTEX/MikTex/fonts/type1/urw/palatino/uplri8a.pfb><
C:/software/CTEX/MikTex/fonts/type1/urw/zapfding/uzdr.pfb>
Output written on APT2008(v1.1,20180628,Huai).pdf (11 pages, 1484727 bytes).
PDF statistics:
 107 PDF objects out of 1000 (max. 8388607)
 0 named destinations out of 1000 (max. 500000)
 18 words of extra memory for PDF output out of 10000 (max. 10000000)

