This is pdfTeX, Version 3.1415926-2.3-1.40.12 (MiKTeX 2.9) (preloaded format=pdflatex 2018.1.16)  26 JAN 2018 18:16
entering extended mode
**D:/fileRepository/DRTpaper/technicalReport/technicalReport.tex
(D:/fileRepository/DRTpaper/technicalReport/technicalReport.tex
LaTeX2e <2011/06/27>
Babel <v3.8m> and hyphenation patterns for loaded.
("F:\Program Files\CTEX\MiKTeX\tex\latex\base\article.cls"
Document Class: article 2007/10/19 v1.4h Standard LaTeX document class
("F:\Program Files\CTEX\MiKTeX\tex\latex\base\size10.clo"
File: size10.clo 2007/10/19 v1.4h Standard LaTeX file (size option)
)
\c@part=\count79
\c@section=\count80
\c@subsection=\count81
\c@subsubsection=\count82
\c@paragraph=\count83
\c@subparagraph=\count84
\c@figure=\count85
\c@table=\count86
\abovecaptionskip=\skip41
\belowcaptionskip=\skip42
\bibindent=\dimen102
)
("F:\Program Files\CTEX\MiKTeX\tex\latex\cjk\CJK.sty"
Package: CJK 2008/12/29 4.8.2

("F:\Program Files\CTEX\MiKTeX\tex\latex\cjk\mule\MULEenc.sty"
Package: MULEenc 2008/12/29 4.8.2
)
("F:\Program Files\CTEX\MiKTeX\tex\latex\cjk\CJK.enc"
File: CJK.enc 2008/12/29 4.8.2
)
LaTeX Info: Redefining \selectfont on input line 756.
\CJK@indent=\box26
)
("F:\Program Files\CTEX\MiKTeX\tex\latex\ctex\ctex.sty"
Package: ctex 2011/03/11 v1.02c ctex macros package

("F:\Program Files\CTEX\MiKTeX\tex\latex\ctex\opt\ctex-common-opts.def")
("F:\Program Files\CTEX\CTeX\tex\latex\ctex\cfg\ctexopts.cfg")
("F:\Program Files\CTEX\MiKTeX\tex\latex\ctex\def\ctex-common.def"
("F:\Program Files\CTEX\MiKTeX\tex\latex\l3kernel\expl3.sty"
("F:\Program Files\CTEX\MiKTeX\tex\latex\l3kernel\l3names.sty"
("F:\Program Files\CTEX\MiKTeX\tex\latex\l3kernel\l3bootstrap.sty"
Package: l3bootstrap 2011/12/29 v3110 L3 Experimental bootstrap code
)
Package: l3names 2011/12/30 v3113 L3 Experimental namespace for primitives
)
("F:\Program Files\CTEX\MiKTeX\tex\latex\misc\etex.sty"
Package: etex 1998/03/26 v2.0 eTeX basic definition package (PEB)
\et@xins=\count87
)
Package: expl3 2012/02/26 v3471 L3 Experimental code bundle wrapper

("F:\Program Files\CTEX\MiKTeX\tex\latex\graphics\color.sty"
Package: color 2005/11/14 v1.0j Standard LaTeX Color (DPC)

("F:\Program Files\CTEX\MiKTeX\tex\latex\00miktex\color.cfg"
File: color.cfg 2007/01/18 v1.5 color configuration of teTeX/TeXLive
)
Package color Info: Driver file: pdftex.def on input line 130.

("F:\Program Files\CTEX\MiKTeX\tex\latex\pdftex-def\pdftex.def"
File: pdftex.def 2011/05/27 v0.06d Graphics/color for pdfTeX

("F:\Program Files\CTEX\MiKTeX\tex\generic\oberdiek\infwarerr.sty"
Package: infwarerr 2010/04/08 v1.3 Providing info/warning/message (HO)
)
("F:\Program Files\CTEX\MiKTeX\tex\generic\oberdiek\ltxcmds.sty"
Package: ltxcmds 2011/04/18 v1.20 LaTeX kernel commands for general use (HO)
)
\Gread@gobject=\count88
))
("F:\Program Files\CTEX\MiKTeX\tex\latex\graphics\graphics.sty"
Package: graphics 2009/02/05 v1.0o Standard LaTeX Graphics (DPC,SPQR)

("F:\Program Files\CTEX\MiKTeX\tex\latex\graphics\trig.sty"
Package: trig 1999/03/16 v1.09 sin cos tan (DPC)
)
("F:\Program Files\CTEX\MiKTeX\tex\latex\00miktex\graphics.cfg"
File: graphics.cfg 2007/01/18 v1.5 graphics configuration of teTeX/TeXLive
)
Package graphics Info: Driver file: pdftex.def on input line 91.
)
("F:\Program Files\CTEX\MiKTeX\tex\latex\l3kernel\l3basics.sty"
Package: l3basics 2012/02/26 v3460 L3 Experimental basic definitions
)
("F:\Program Files\CTEX\MiKTeX\tex\latex\l3kernel\l3expan.sty"
Package: l3expan 2012/02/26 v3460 L3 Experimental argument expansion
)
("F:\Program Files\CTEX\MiKTeX\tex\latex\l3kernel\l3tl.sty"
Package: l3tl 2012/02/26 v3460 L3 Experimental token lists
)
("F:\Program Files\CTEX\MiKTeX\tex\latex\l3kernel\l3seq.sty"
Package: l3seq 2012/01/09 v3158 L3 Experimental sequences and stacks
)
("F:\Program Files\CTEX\MiKTeX\tex\latex\l3kernel\l3int.sty"
Package: l3int 2012/02/26 v3460 L3 Experimental integers
\c_max_int=\count89
\l_tmpa_int=\count90
\l_tmpb_int=\count91
\l_tmpc_int=\count92
\g_tmpa_int=\count93
\g_tmpb_int=\count94
)
("F:\Program Files\CTEX\MiKTeX\tex\latex\l3kernel\l3quark.sty"
Package: l3quark 2012/02/12 v3384 L3 Experimental quarks
)
("F:\Program Files\CTEX\MiKTeX\tex\latex\l3kernel\l3prg.sty"
Package: l3prg 2012/02/26 v3464 L3 Experimental control structures
\g_prg_map_int=\count95
)
("F:\Program Files\CTEX\MiKTeX\tex\latex\l3kernel\l3clist.sty"
Package: l3clist 2012/02/26 v3460 L3 Experimental comma separated lists
)
("F:\Program Files\CTEX\MiKTeX\tex\latex\l3kernel\l3token.sty"
Package: l3token 2012/02/26 v3460 L3 Experimental token manipulation
)
("F:\Program Files\CTEX\MiKTeX\tex\latex\l3kernel\l3prop.sty"
Package: l3prop 2012/02/26 v3460 L3 Experimental property lists
)
("F:\Program Files\CTEX\MiKTeX\tex\latex\l3kernel\l3msg.sty"
Package: l3msg 2012/02/26 v3470 L3 Experimental messages
)
("F:\Program Files\CTEX\MiKTeX\tex\latex\l3kernel\l3file.sty"
Package: l3file 2012/02/26 v3464 L3 Experimental file and I/O operations
\l_iow_stream_int=\count96
\l_iow_line_length_int=\count97
\l_iow_target_length_int=\count98
\l_iow_current_line_int=\count99
\l_iow_current_word_int=\count100
\l_iow_current_indentation_int=\count101
)
("F:\Program Files\CTEX\MiKTeX\tex\latex\l3kernel\l3skip.sty"
Package: l3skip 2012/02/26 v3460 L3 Experimental dimensions and skips
\l_tmpa_dim=\dimen103
\l_tmpb_dim=\dimen104
\l_tmpc_dim=\dimen105
\g_tmpa_dim=\dimen106
\g_tmpb_dim=\dimen107
\l_tmpa_skip=\skip43
\l_tmpb_skip=\skip44
\l_tmpc_skip=\skip45
\g_tmpa_skip=\skip46
\g_tmpb_skip=\skip47
)
("F:\Program Files\CTEX\MiKTeX\tex\latex\l3kernel\l3keys.sty"
Package: l3keys 2011/12/22 v3086 L3 Experimental key-value interfaces
\g_keyval_level_int=\count102
\l_keys_choice_int=\count103
)
("F:\Program Files\CTEX\MiKTeX\tex\latex\l3kernel\l3fp.sty"
Package: l3fp 2012/02/06 v3315 L3 Experimental floating-point operations
\c_one_million=\count104
\c_one_hundred_million=\count105
\c_five_hundred_million=\count106
\c_one_thousand_million=\count107
\c_fp_pi_by_four_decimal_int=\count108
\c_fp_pi_by_four_extended_int=\count109
\c_fp_pi_decimal_int=\count110
\c_fp_pi_extended_int=\count111
\c_fp_two_pi_decimal_int=\count112
\c_fp_two_pi_extended_int=\count113
\l_fp_count_int=\count114
\l_fp_div_offset_int=\count115
\l_fp_exp_integer_int=\count116
\l_fp_exp_decimal_int=\count117
\l_fp_exp_extended_int=\count118
\l_fp_exp_exponent_int=\count119
\l_fp_input_a_sign_int=\count120
\l_fp_input_a_integer_int=\count121
\l_fp_input_a_decimal_int=\count122
\l_fp_input_a_exponent_int=\count123
\l_fp_input_b_sign_int=\count124
\l_fp_input_b_integer_int=\count125
\l_fp_input_b_decimal_int=\count126
\l_fp_input_b_exponent_int=\count127
\l_fp_input_a_extended_int=\count128
\l_fp_input_b_extended_int=\count129
\l_fp_mul_a_i_int=\count130
\l_fp_mul_a_ii_int=\count131
\l_fp_mul_a_iii_int=\count132
\l_fp_mul_a_iv_int=\count133
\l_fp_mul_a_v_int=\count134
\l_fp_mul_a_vi_int=\count135
\l_fp_mul_b_i_int=\count136
\l_fp_mul_b_ii_int=\count137
\l_fp_mul_b_iii_int=\count138
\l_fp_mul_b_iv_int=\count139
\l_fp_mul_b_v_int=\count140
\l_fp_mul_b_vi_int=\count141
\l_fp_mul_output_int=\count142
\l_fp_output_sign_int=\count143
\l_fp_output_integer_int=\count144
\l_fp_output_decimal_int=\count145
\l_fp_output_exponent_int=\count146
\l_fp_output_extended_int=\count147
\l_fp_round_position_int=\count148
\l_fp_round_target_int=\count149
\l_fp_split_sign_int=\count150
\l_fp_internal_int=\count151
\l_fp_trig_octant_int=\count152
\l_fp_trig_sign_int=\count153
\l_fp_trig_decimal_int=\count154
\l_fp_trig_extended_int=\count155
\l_fp_internal_dim=\dimen108
\l_fp_internal_skip=\skip48
)
("F:\Program Files\CTEX\MiKTeX\tex\latex\l3kernel\l3box.sty"
Package: l3box 2012/02/18 v3432 L3 Experimental boxes
\l_tmpb_box=\box27
\l_box_top_dim=\dimen109
\l_box_bottom_dim=\dimen110
\l_box_left_dim=\dimen111
\l_box_right_dim=\dimen112
\l_box_top_new_dim=\dimen113
\l_box_bottom_new_dim=\dimen114
\l_box_left_new_dim=\dimen115
\l_box_right_new_dim=\dimen116
\l_box_internal_box=\box28
)
("F:\Program Files\CTEX\MiKTeX\tex\latex\l3kernel\l3coffins.sty"
Package: l3coffins 2012/02/26 v3460 L3 Experimental coffin code layer
\l_coffin_internal_box=\box29
\l_coffin_internal_dim=\dimen117
\l_coffin_offset_x_dim=\dimen118
\l_coffin_offset_y_dim=\dimen119
\l_coffin_x_dim=\dimen120
\l_coffin_y_dim=\dimen121
\l_coffin_x_prime_dim=\dimen122
\l_coffin_y_prime_dim=\dimen123
\l_coffin_Depth_dim=\dimen124
\l_coffin_Height_dim=\dimen125
\l_coffin_TotalHeight_dim=\dimen126
\l_coffin_Width_dim=\dimen127
\c_empty_coffin=\box30
\l_coffin_aligned_coffin=\box31
\l_coffin_aligned_internal_coffin=\box32
\l_coffin_bounding_shift_dim=\dimen128
\l_coffin_left_corner_dim=\dimen129
\l_coffin_right_corner_dim=\dimen130
\l_coffin_bottom_corner_dim=\dimen131
\l_coffin_top_corner_dim=\dimen132
\l_coffin_scaled_total_height_dim=\dimen133
\l_coffin_scaled_width_dim=\dimen134
\l_coffin_display_coffin=\box33
\l_coffin_display_coord_coffin=\box34
\l_coffin_display_pole_coffin=\box35
\l_coffin_display_offset_dim=\dimen135
\l_coffin_display_x_dim=\dimen136
\l_coffin_display_y_dim=\dimen137
)
("F:\Program Files\CTEX\MiKTeX\tex\latex\l3kernel\l3color.sty"
Package: l3color 2011/09/07 v2776 L3 Experimental colour support
)
("F:\Program Files\CTEX\MiKTeX\tex\latex\l3kernel\l3luatex.sty"
Package: l3luatex 2012/02/09 v3355 L3 Experimental LuaTeX-specific functions
\g_cctab_allocate_int=\count156
\g_cctab_stack_int=\count157
))
("F:\Program Files\CTEX\MiKTeX\tex\latex\etoolbox\etoolbox.sty"
Package: etoolbox 2011/01/03 v2.1 e-TeX tools for LaTeX
\etb@tempcnta=\count158
)
("F:\Program Files\CTEX\MiKTeX\tex\generic\oberdiek\ifpdf.sty"
Package: ifpdf 2011/01/30 v2.3 Provides the ifpdf switch (HO)
Package ifpdf Info: pdfTeX in PDF mode is detected.
)
("F:\Program Files\CTEX\MiKTeX\tex\generic\ifxetex\ifxetex.sty"
Package: ifxetex 2010/09/12 v0.6 Provides ifxetex conditional
)
("F:\Program Files\CTEX\MiKTeX\tex\latex\graphics\keyval.sty"
Package: keyval 1999/03/16 v1.13 key=value parser (DPC)
\KV@toks@=\toks14
)
("F:\Program Files\CTEX\MiKTeX\tex\latex\tools\indentfirst.sty"
Package: indentfirst 1995/11/23 v1.03 Indent first paragraph (DPC)
)
("F:\Program Files\CTEX\MiKTeX\tex\latex\base\fix-cm.sty"
Package: fix-cm 2006/09/13 v1.1m fixes to LaTeX

("F:\Program Files\CTEX\MiKTeX\tex\latex\base\ts1enc.def"
File: ts1enc.def 2001/06/05 v3.0e (jk/car/fm) Standard LaTeX file
))
("F:\Program Files\CTEX\MiKTeX\tex\latex\ctex\engine\ctex-cjk-engine.def"
("F:\Program Files\CTEX\CTeX\tex\latex\CJKpunct\CJKpunct.sty"
Package: CJKpunct 2010/02/21 4.8.2-2
\CJKpunct@cnta=\count159
\CJKpunct@cntb=\count160
\CJKpunct@cntc=\count161
\CJKpunct@cntd=\count162
\CJKpunct@cnte=\count163

("F:\Program Files\CTEX\CTeX\tex\latex\CJKpunct\CJKpunct.spa"))
("F:\Program Files\CTEX\MiKTeX\tex\latex\ctex\engine\ctex-cjk-common.def"
\ccwd=\dimen138
)
("F:\Program Files\CTEX\MiKTeX\tex\latex\ctex\fontset\ctex-cjk-winfonts.def"
("F:\Program Files\CTEX\MiKTeX\tex\generic\zhmetrics\zhwinfonts.tex"
("F:\Program Files\CTEX\MiKTeX\tex\generic\oberdiek\ifpdf.sty"
Package ifpdf Info: The package is already loaded, stopped on input line 64.
){F:/Program Files/CTEX/UserData/pdftex/config/pdftex.map{Unicode.sfd}{UGBK.sfd
}})))
\CTEX@q=\count164
\CTEX@r=\count165
))
("F:\Program Files\CTEX\MiKTeX\tex\latex\ctex\def\ctex-gbk.def")
("F:\Program Files\CTEX\MiKTeX\tex\latex\ctex\cfg\ctex.cfg")
("F:\Program Files\CTEX\MiKTeX\tex\latex\cite\cite.sty"
LaTeX Info: Redefining \cite on input line 302.
LaTeX Info: Redefining \nocite on input line 373.
Package: cite 2010/09/10  v 5.3
)
("F:\Program Files\CTEX\MiKTeX\tex\latex\graphics\graphicx.sty"
Package: graphicx 1999/02/16 v1.0f Enhanced LaTeX Graphics (DPC,SPQR)
\Gin@req@height=\dimen139
\Gin@req@width=\dimen140
)
("F:\Program Files\CTEX\MiKTeX\tex\latex\ams\math\amsmath.sty"
Package: amsmath 2000/07/18 v2.13 AMS math features
\@mathmargin=\skip49

For additional information on amsmath, use the `?' option.
("F:\Program Files\CTEX\MiKTeX\tex\latex\ams\math\amstext.sty"
Package: amstext 2000/06/29 v2.01

("F:\Program Files\CTEX\MiKTeX\tex\latex\ams\math\amsgen.sty"
File: amsgen.sty 1999/11/30 v2.0
\@emptytoks=\toks15
\ex@=\dimen141
))
("F:\Program Files\CTEX\MiKTeX\tex\latex\ams\math\amsbsy.sty"
Package: amsbsy 1999/11/29 v1.2d
\pmbraise@=\dimen142
)
("F:\Program Files\CTEX\MiKTeX\tex\latex\ams\math\amsopn.sty"
Package: amsopn 1999/12/14 v2.01 operator names
)
\inf@bad=\count166
LaTeX Info: Redefining \frac on input line 211.
\uproot@=\count167
\leftroot@=\count168
LaTeX Info: Redefining \overline on input line 307.
\classnum@=\count169
\DOTSCASE@=\count170
LaTeX Info: Redefining \ldots on input line 379.
LaTeX Info: Redefining \dots on input line 382.
LaTeX Info: Redefining \cdots on input line 467.
\Mathstrutbox@=\box36
\strutbox@=\box37
\big@size=\dimen143
LaTeX Font Info:    Redeclaring font encoding OML on input line 567.
LaTeX Font Info:    Redeclaring font encoding OMS on input line 568.
\macc@depth=\count171
\c@MaxMatrixCols=\count172
\dotsspace@=\muskip10
\c@parentequation=\count173
\dspbrk@lvl=\count174
\tag@help=\toks16
\row@=\count175
\column@=\count176
\maxfields@=\count177
\andhelp@=\toks17
\eqnshift@=\dimen144
\alignsep@=\dimen145
\tagshift@=\dimen146
\tagwidth@=\dimen147
\totwidth@=\dimen148
\lineht@=\dimen149
\@envbody=\toks18
\multlinegap=\skip50
\multlinetaggap=\skip51
\mathdisplay@stack=\toks19
LaTeX Info: Redefining \[ on input line 2666.
LaTeX Info: Redefining \] on input line 2667.
)
("F:\Program Files\CTEX\MiKTeX\tex\latex\enumitem\enumitem.sty"
Package: enumitem 2011/09/28 v3.5.2 Customized lists
\labelindent=\skip52
\enit@outerparindent=\dimen150
\enit@toks=\toks20
\enit@inbox=\box38
\enitdp@description=\count178
)
("F:\Program Files\CTEX\MiKTeX\tex\latex\ltxmisc\url.sty"
\Urlmuskip=\muskip11
Package: url 2006/04/12  ver 3.3  Verb mode for urls, etc.
)
("F:\Program Files\CTEX\MiKTeX\tex\latex\algorithms\algorithm.sty"
Package: algorithm 2009/08/24 v0.1 Document Style `algorithm' - floating enviro
nment

("F:\Program Files\CTEX\MiKTeX\tex\latex\float\float.sty"
Package: float 2001/11/08 v1.3d Float enhancements (AL)
\c@float@type=\count179
\float@exts=\toks21
\float@box=\box39
\@float@everytoks=\toks22
\@floatcapt=\box40
)
("F:\Program Files\CTEX\MiKTeX\tex\latex\base\ifthen.sty"
Package: ifthen 2001/05/26 v1.1c Standard LaTeX ifthen package (DPC)
)
\@float@every@algorithm=\toks23
\c@algorithm=\count180
)
("F:\Program Files\CTEX\MiKTeX\tex\latex\algorithms\algorithmic.sty"
Package: algorithmic 2009/08/24 v0.1 Document Style `algorithmic'
\c@ALC@unique=\count181
\c@ALC@line=\count182
\c@ALC@rem=\count183
\c@ALC@depth=\count184
\ALC@tlm=\skip53
\algorithmicindent=\skip54
)
("F:\Program Files\CTEX\MiKTeX\tex\latex\multirow\multirow.sty"
\bigstrutjot=\dimen151
)
("F:\Program Files\CTEX\MiKTeX\tex\latex\psnfss\courier.sty"
Package: courier 2005/04/12 PSNFSS-v9.2a (WaS) 
)
("F:\Program Files\CTEX\MiKTeX\tex\latex\diagbox\diagbox.sty"
Package: diagbox 2011/11/23 v2.0 Making table heads with diagonal lines

("F:\Program Files\CTEX\MiKTeX\tex\latex\pict2e\pict2e.sty"
Package: pict2e 2011/04/05 v0.2y Improved picture commands (HjG,RN,JT)

("F:\Program Files\CTEX\MiKTeX\tex\latex\00miktex\pict2e.cfg"
File: pict2e.cfg 2005/12/29 v1.0 MiKTeX 'pict2e' configuration
)
Package pict2e Info: Driver file: pdftex.def on input line 119.
Package pict2e Info: Driver file for pict2e: p2e-pdftex.def on input line 121.

("F:\Program Files\CTEX\MiKTeX\tex\latex\pict2e\p2e-pdftex.def"
File: p2e-pdftex.def 2011/04/05 v0.1t Driver-dependant file (RN,HjG,JT)
)
\pIIe@GRAPH=\toks24
\@arclen=\dimen152
\@arcrad=\dimen153
\@tempdimd=\dimen154
)
("F:\Program Files\CTEX\MiKTeX\tex\latex\fp\fp.sty"
Package: fp 1995/04/02

`Fixed Point Package', Version 0.8, April 2, 1995 (C) Michael Mehlich
("F:\Program Files\CTEX\MiKTeX\tex\latex\fp\defpattern.sty"
Package: defpattern 1994/10/12
\actioncount=\count185
)
("F:\Program Files\CTEX\MiKTeX\tex\latex\fp\fp-basic.sty"
Package: fp-basic 1996/05/13
\FP@xs=\count186
\FP@xia=\count187
\FP@xib=\count188
\FP@xfa=\count189
\FP@xfb=\count190
\FP@rega=\count191
\FP@regb=\count192
\FP@regs=\count193
\FP@times=\count194
)
("F:\Program Files\CTEX\MiKTeX\tex\latex\fp\fp-addons.sty"
Package: fp-addons 1995/03/15
)
("F:\Program Files\CTEX\MiKTeX\tex\latex\fp\fp-snap.sty"
Package: fp-snap 1995/04/05
)
("F:\Program Files\CTEX\MiKTeX\tex\latex\fp\fp-exp.sty"
Package: fp-exp 1995/04/03
)
("F:\Program Files\CTEX\MiKTeX\tex\latex\fp\fp-trigo.sty"
Package: fp-trigo 1995/04/14
)
("F:\Program Files\CTEX\MiKTeX\tex\latex\fp\fp-pas.sty"
Package: fp-pas 1994/08/29
)
("F:\Program Files\CTEX\MiKTeX\tex\latex\fp\fp-random.sty"
Package: fp-random 1995/02/23
\FPseed=\count195
)
("F:\Program Files\CTEX\MiKTeX\tex\latex\fp\fp-eqn.sty"
Package: fp-eqn 1995/04/03
)
("F:\Program Files\CTEX\MiKTeX\tex\latex\fp\fp-upn.sty"
Package: fp-upn 1996/10/21
)
("F:\Program Files\CTEX\MiKTeX\tex\latex\fp\fp-eval.sty"
Package: fp-eval 1995/04/03
))
\diagbox@boxa=\box41
\diagbox@boxb=\box42
\diagbox@boxm=\box43
\diagbox@wd=\dimen155
\diagbox@ht=\dimen156
\diagbox@sepl=\dimen157
\diagbox@sepr=\dimen158
)
("F:\Program Files\CTEX\MiKTeX\tex\latex\subfig\subfig.sty"
Package: subfig 2005/06/28 ver: 1.3 subfig package

("F:\Program Files\CTEX\MiKTeX\tex\latex\caption\caption.sty"
Package: caption 2011/11/10 v3.2e Customizing captions (AR)

("F:\Program Files\CTEX\MiKTeX\tex\latex\caption\caption3.sty"
Package: caption3 2011/11/01 v1.4a caption3 kernel (AR)
\captionmargin=\dimen159
\captionmargin@=\dimen160
\captionwidth=\dimen161
\caption@indent=\dimen162
\caption@parindent=\dimen163
\caption@hangindent=\dimen164
)
\c@ContinuedFloat=\count196
Package caption Info: float package is loaded.
)
\c@KVtest=\count197
\sf@farskip=\skip55
\sf@captopadj=\dimen165
\sf@capskip=\skip56
\sf@nearskip=\skip57
\c@subfigure=\count198
\c@subfigure@save=\count199
\c@lofdepth=\count200
\c@subtable=\count201
Normal \count register pool exhausted, switching to extended pool.
\c@subtable@save=\count277
\c@lotdepth=\count278
\sf@top=\skip58
\sf@bottom=\skip59
)

LaTeX Warning: Unused global option(s):
    [CJK,13pt].

(D:\fileRepository\DRTpaper\technicalReport\technicalReport.aux)
LaTeX Font Info:    Checking defaults for OML/cmm/m/it on input line 20.
LaTeX Font Info:    ... okay on input line 20.
LaTeX Font Info:    Checking defaults for T1/cmr/m/n on input line 20.
LaTeX Font Info:    ... okay on input line 20.
LaTeX Font Info:    Checking defaults for OT1/cmr/m/n on input line 20.
LaTeX Font Info:    ... okay on input line 20.
LaTeX Font Info:    Checking defaults for OMS/cmsy/m/n on input line 20.
LaTeX Font Info:    ... okay on input line 20.
LaTeX Font Info:    Checking defaults for OMX/cmex/m/n on input line 20.
LaTeX Font Info:    ... okay on input line 20.
LaTeX Font Info:    Checking defaults for U/cmr/m/n on input line 20.
LaTeX Font Info:    ... okay on input line 20.
LaTeX Font Info:    Checking defaults for C00/song/m/n on input line 20.
LaTeX Font Info:    ... okay on input line 20.
LaTeX Font Info:    Checking defaults for C05/song/m/n on input line 20.
LaTeX Font Info:    ... okay on input line 20.
LaTeX Font Info:    Checking defaults for C09/song/m/n on input line 20.
LaTeX Font Info:    ... okay on input line 20.
LaTeX Font Info:    Checking defaults for C10/song/m/n on input line 20.
LaTeX Font Info:    ... okay on input line 20.
LaTeX Font Info:    Checking defaults for C20/song/m/n on input line 20.
LaTeX Font Info:    ... okay on input line 20.
LaTeX Font Info:    Checking defaults for C19/song/m/n on input line 20.
LaTeX Font Info:    ... okay on input line 20.
LaTeX Font Info:    Checking defaults for C40/song/m/n on input line 20.
LaTeX Font Info:    ... okay on input line 20.
LaTeX Font Info:    Checking defaults for C42/song/m/n on input line 20.
LaTeX Font Info:    ... okay on input line 20.
LaTeX Font Info:    Checking defaults for C43/song/m/n on input line 20.
LaTeX Font Info:    ... okay on input line 20.
LaTeX Font Info:    Checking defaults for C50/song/m/n on input line 20.
LaTeX Font Info:    ... okay on input line 20.
LaTeX Font Info:    Checking defaults for C52/song/m/n on input line 20.
LaTeX Font Info:    ... okay on input line 20.
LaTeX Font Info:    Checking defaults for C49/song/m/n on input line 20.
LaTeX Font Info:    ... okay on input line 20.
LaTeX Font Info:    Checking defaults for C60/mj/m/n on input line 20.
LaTeX Font Info:    ... okay on input line 20.
LaTeX Font Info:    Checking defaults for C61/mj/m/n on input line 20.
LaTeX Font Info:    ... okay on input line 20.
LaTeX Font Info:    Checking defaults for C63/mj/m/n on input line 20.
LaTeX Font Info:    ... okay on input line 20.
LaTeX Font Info:    Checking defaults for C64/mj/m/n on input line 20.
LaTeX Font Info:    ... okay on input line 20.
LaTeX Font Info:    Checking defaults for C65/mj/m/n on input line 20.
LaTeX Font Info:    ... okay on input line 20.
LaTeX Font Info:    Checking defaults for C70/song/m/n on input line 20.
LaTeX Font Info:    ... okay on input line 20.
LaTeX Font Info:    Checking defaults for C31/song/m/n on input line 20.
LaTeX Font Info:    ... okay on input line 20.
LaTeX Font Info:    Checking defaults for C32/song/m/n on input line 20.
LaTeX Font Info:    ... okay on input line 20.
LaTeX Font Info:    Checking defaults for C33/song/m/n on input line 20.
LaTeX Font Info:    ... okay on input line 20.
LaTeX Font Info:    Checking defaults for C34/song/m/n on input line 20.
LaTeX Font Info:    ... okay on input line 20.
LaTeX Font Info:    Checking defaults for C35/song/m/n on input line 20.
LaTeX Font Info:    ... okay on input line 20.
LaTeX Font Info:    Checking defaults for C36/song/m/n on input line 20.
LaTeX Font Info:    ... okay on input line 20.
LaTeX Font Info:    Checking defaults for C37/song/m/n on input line 20.
LaTeX Font Info:    ... okay on input line 20.
LaTeX Font Info:    Checking defaults for C80/song/m/n on input line 20.
LaTeX Font Info:    ... okay on input line 20.
LaTeX Font Info:    Checking defaults for C81/song/m/n on input line 20.
LaTeX Font Info:    ... okay on input line 20.
LaTeX Font Info:    Checking defaults for C01/song/m/n on input line 20.
LaTeX Font Info:    ... okay on input line 20.
LaTeX Font Info:    Checking defaults for C11/song/m/n on input line 20.
LaTeX Font Info:    ... okay on input line 20.
LaTeX Font Info:    Checking defaults for C21/song/m/n on input line 20.
LaTeX Font Info:    ... okay on input line 20.
LaTeX Font Info:    Checking defaults for C41/song/m/n on input line 20.
LaTeX Font Info:    ... okay on input line 20.
LaTeX Font Info:    Checking defaults for C62/song/m/n on input line 20.
LaTeX Font Info:    ... okay on input line 20.
LaTeX Font Info:    Checking defaults for TS1/cmr/m/n on input line 20.
LaTeX Font Info:    ... okay on input line 20.

("F:\Program Files\CTEX\MiKTeX\tex\context\base\supp-pdf.mkii"
[Loading MPS to PDF converter (version 2006.09.02).]
\scratchcounter=\count279
\scratchdimen=\dimen166
\scratchbox=\box44
\nofMPsegments=\count280
\nofMParguments=\count281
\everyMPshowfont=\toks25
\MPscratchCnt=\count282
\MPscratchDim=\dimen167
\MPnumerator=\count283
\makeMPintoPDFobject=\count284
\everyMPtoPDFconversion=\toks26
)
Package caption Info: Begin \AtBeginDocument code.
Package caption Info: subfig package v1.3 is loaded.
Package caption Info: End \AtBeginDocument code.
 ("F:\Program Files\CTEX\MiKTeX\tex\latex\cjk\standard.bdg"
File: standard.bdg 2008/12/29 4.8.2
)
("F:\Program Files\CTEX\MiKTeX\tex\latex\cjk\extended.enc"
File: extended.enc 2008/12/29 4.8.2
)
("F:\Program Files\CTEX\MiKTeX\tex\latex\cjk\extended.chr"
File: extended.chr 2008/12/29 4.8.2
)
LaTeX Font Info:    Try loading font information for C19+song on input line 33.


("F:\Program Files\CTEX\CTeX\tex\latex\CJK\GB\c19song.fd"
File: c19song.fd 2009/09/23 4.8.2
) [1

]
LaTeX Font Info:    Try loading font information for C19+rm on input line 44.

("F:\Program Files\CTEX\MiKTeX\tex\latex\ctex\fd\c19rm.fd"
File: c19rm.fd 2007/05/06 v0.8a ctex font definition file
)
(D:\fileRepository\DRTpaper\technicalReport\technicalReport.toc)
\tf@toc=\write3
 [1]
Package CJKpunct Info: use punctuation spaces for family 'song' with punctstyle
 (quanjiao) on input line 50.
LaTeX Font Info:    Try loading font information for OMS+cmr on input line 57.

("F:\Program Files\CTEX\MiKTeX\tex\latex\base\omscmr.fd"
File: omscmr.fd 1999/05/25 v2.5h Standard LaTeX font definitions
)
LaTeX Font Info:    Font shape `OMS/cmr/m/n' in size <10> not available
(Font)              Font shape `OMS/cmsy/m/n' tried instead on input line 57.
 [2]
<SOA.png, id=57, 1653.17625pt x 882.29625pt>
File: SOA.png Graphic file (type png)
 <use SOA.png>
Package pdftex.def Info: SOA.png used on input line 77.
(pdftex.def)             Requested size: 247.96573pt x 132.33871pt.
 [3 <D:/fileRepository/DRTpaper/technicalReport/SOA.png>] [4]
Overfull \hbox (2.98373pt too wide) in paragraph at lines 123--124
[]\C19/song/m/n/10/56 ‘ \C19/song/m/n/10/44 Å \C19/song/m/n/10/37 ÿ \C19/song/m
/n/10/55 Á\OT1/cmr/m/n/10 (Random Test-ing,RT) [13]\C19/song/bx/n/10/43 Ú \C19/
song/bx/n/10/41 © \C19/song/m/n/10/53 « \C19/song/m/n/10/37 ÿ \C19/song/m/n/10/
55 Á\OT1/cmr/m/n/10 (Partition Test-ing,PT) [24]\C19/song/m/n/10/55 ´
 []

[5] [6] [7] [8] <framework.png, id=97, 331.2375pt x 201.00093pt>
File: framework.png Graphic file (type png)

<use framework.png>
Package pdftex.def Info: framework.png used on input line 227.
(pdftex.def)             Requested size: 264.99034pt x 160.80095pt.
 [9 <D:/fileRepository/DRTpaper/technicalReport/framework.png>] [10] <prototype
.png, id=109, 411.33675pt x 230.0595pt>
File: prototype.png Graphic file (type png)
 <use prototype.png>
Package pdftex.def Info: prototype.png used on input line 250.
(pdftex.def)             Requested size: 205.66786pt x 115.02946pt.

[11 <D:/fileRepository/DRTpaper/technicalReport/prototype.png>] [12]
<aviation.png, id=120, 385.44pt x 350.81062pt>
File: aviation.png Graphic file (type png)
 <use aviation.png>
Package pdftex.def Info: aviation.png used on input line 306.
(pdftex.def)             Requested size: 269.80615pt x 245.56575pt.

Overfull \hbox (7.05562pt too wide) in paragraph at lines 316--324
 [][] 
 []

[13 <D:/fileRepository/DRTpaper/technicalReport/aviation.png>] [14]
Overfull \hbox (6.32489pt too wide) in paragraph at lines 406--422
 [][] 
 []

[15] [16]
Overfull \hbox (1.33018pt too wide) in paragraph at lines 469--471
$\OML/cmm/m/it/10 " \OMS/cmsy/m/n/10 2 f\OT1/cmr/m/n/10 0\OML/cmm/m/it/10 :\OT1
/cmr/m/n/10 00001\OML/cmm/m/it/10 ; \OT1/cmr/m/n/10 0\OML/cmm/m/it/10 :\OT1/cmr
/m/n/10 00005\OML/cmm/m/it/10 ; \OT1/cmr/m/n/10 0\OML/cmm/m/it/10 :\OT1/cmr/m/n
/10 0001\OML/cmm/m/it/10 ; \OT1/cmr/m/n/10 0\OML/cmm/m/it/10 :\OT1/cmr/m/n/10 0
005\OML/cmm/m/it/10 ; \OT1/cmr/m/n/10 0\OML/cmm/m/it/10 :\OT1/cmr/m/n/10 001\OM
L/cmm/m/it/10 ; \OT1/cmr/m/n/10 0\OML/cmm/m/it/10 :\OT1/cmr/m/n/10 005\OML/cmm/
m/it/10 ; \OT1/cmr/m/n/10 0\OML/cmm/m/it/10 :\OT1/cmr/m/n/10 01\OML/cmm/m/it/10
 ; \OT1/cmr/m/n/10 0\OML/cmm/m/it/10 :\OT1/cmr/m/n/10 05\OML/cmm/m/it/10 ; \OT1
/cmr/m/n/10 0\OML/cmm/m/it/10 :\OT1/cmr/m/n/10 1\OML/cmm/m/it/10 ; \OT1/cmr/m/n
/10 0\OML/cmm/m/it/10 :\OT1/cmr/m/n/10 2\OML/cmm/m/it/10 ; \OT1/cmr/m/n/10 0\OM
L/cmm/m/it/10 :\OT1/cmr/m/n/10 3\OML/cmm/m/it/10 ; \OT1/cmr/m/n/10 0\OML/cmm/m/
it/10 :\OT1/cmr/m/n/10 4\OML/cmm/m/it/10 ; \OT1/cmr/m/n/10 0\OML/cmm/m/it/10 :\
OT1/cmr/m/n/10 5\OMS/cmsy/m/n/10 g$ 
 []

[17]
Overfull \hbox (56.22823pt too wide) in paragraph at lines 489--508
 [][] 
 []


Overfull \hbox (83.45088pt too wide) in paragraph at lines 514--533
 [][] 
 []


Overfull \hbox (69.83955pt too wide) in paragraph at lines 539--559
 [][] 
 []

<resultFavia.png, id=142, 1900.85156pt x 1474.75969pt>
File: resultFavia.png Graphic file (type png)
 <use resultFavia.png>
Package pdftex.def Info: resultFavia.png used on input line 563.
(pdftex.def)             Requested size: 172.5pt x 133.82529pt.

<resultNFavia.png, id=143, 1933.97531pt x 1455.18657pt>
File: resultNFavia.png Graphic file (type png)
 <use resultNFavia.png>
Package pdftex.def Info: resultNFavia.png used on input line 564.
(pdftex.def)             Requested size: 172.5pt x 129.7843pt.

<resultTavia.png, id=144, 1917.41344pt x 1474.75969pt>
File: resultTavia.png Graphic file (type png)
 <use resultTavia.png>
Package pdftex.def Info: resultTavia.png used on input line 566.
(pdftex.def)             Requested size: 172.5pt x 132.65514pt.

<resultFchina.png, id=145, 1862.45813pt x 1455.18657pt>
File: resultFchina.png Graphic file (type png)
 <use resultFchina.png>
Package pdftex.def Info: resultFchina.png used on input line 573.
(pdftex.def)             Requested size: 172.5pt x 134.75807pt.

<resultNFchina.png, id=146, 1906.87407pt x 1474.75969pt>
File: resultNFchina.png Graphic file (type png)

<use resultNFchina.png>
Package pdftex.def Info: resultNFchina.png used on input line 574.
(pdftex.def)             Requested size: 172.5pt x 133.39774pt.
 <resultTchina.png, id=147, 1933.2225pt x 1458.95062pt>
File: resultTchina.png Graphic file (type png)

<use resultTchina.png>
Package pdftex.def Info: resultTchina.png used on input line 576.
(pdftex.def)             Requested size: 172.5pt x 130.16454pt.

<resultFparking.png, id=148, 1891.81781pt x 1465.72594pt>
File: resultFparking.png Graphic file (type png)

<use resultFparking.png>
Package pdftex.def Info: resultFparking.png used on input line 583.
(pdftex.def)             Requested size: 172.5pt x 133.63176pt.

<resultNFparking.png, id=149, 1913.64937pt x 1468.73718pt>
File: resultNFparking.png Graphic file (type png)

<use resultNFparking.png>
Package pdftex.def Info: resultNFparking.png used on input line 584.
(pdftex.def)             Requested size: 172.5pt x 132.38234pt.

<resultTparking.png, id=150, 1914.40219pt x 1429.59094pt>
File: resultTparking.png Graphic file (type png)

<use resultTparking.png>
Package pdftex.def Info: resultTparking.png used on input line 586.
(pdftex.def)             Requested size: 172.5pt x 128.81032pt.
 <trendfavia.png, id=151, 309.5565pt x 247.52475pt>
File: trendfavia.png Graphic file (type png)

<use trendfavia.png>
Package pdftex.def Info: trendfavia.png used on input line 630.
(pdftex.def)             Requested size: 103.50105pt x 82.75983pt.
 <trendnfavia.png, id=152, 309.5565pt x 247.52475pt>
File: trendnfavia.png Graphic file (type png)

<use trendnfavia.png>
Package pdftex.def Info: trendnfavia.png used on input line 631.
(pdftex.def)             Requested size: 103.50105pt x 82.75983pt.
 <trendtavia.png, id=153, 309.5565pt x 247.52475pt>
File: trendtavia.png Graphic file (type png)

<use trendtavia.png>
Package pdftex.def Info: trendtavia.png used on input line 632.
(pdftex.def)             Requested size: 103.50105pt x 82.75983pt.
 <trendfchina.png, id=154, 320.397pt x 244.5135pt>
File: trendfchina.png Graphic file (type png)

<use trendfchina.png>
Package pdftex.def Info: trendfchina.png used on input line 639.
(pdftex.def)             Requested size: 103.50105pt x 78.98837pt.
 <trendnfchina.png, id=155, 317.38576pt x 241.50224pt>
File: trendnfchina.png Graphic file (type png)

<use trendnfchina.png>
Package pdftex.def Info: trendnfchina.png used on input line 640.
(pdftex.def)             Requested size: 103.50105pt x 78.75261pt.
 <trendtchina.png, id=156, 320.397pt x 241.50224pt>
File: trendtchina.png Graphic file (type png)

<use trendtchina.png>
Package pdftex.def Info: trendtchina.png used on input line 641.
(pdftex.def)             Requested size: 103.50105pt x 78.01561pt.
 <trendfpark.png, id=157, 317.38576pt x 247.52475pt>
File: trendfpark.png Graphic file (type png)

<use trendfpark.png>
Package pdftex.def Info: trendfpark.png used on input line 648.
(pdftex.def)             Requested size: 103.50105pt x 80.71652pt.
 <trendnfpark.png, id=158, 309.5565pt x 247.52475pt>
File: trendnfpark.png Graphic file (type png)

<use trendnfpark.png>
Package pdftex.def Info: trendnfpark.png used on input line 649.
(pdftex.def)             Requested size: 103.50105pt x 82.75983pt.
 <trendtpark.png, id=159, 314.97675pt x 247.52475pt>
File: trendtpark.png Graphic file (type png)

<use trendtpark.png>
Package pdftex.def Info: trendtpark.png used on input line 650.
(pdftex.def)             Requested size: 103.50105pt x 81.33594pt.
 [18] [19] [20 <D:/fileRepository/DRTpaper/technicalReport/resultFavia.png> <D:
/fileRepository/DRTpaper/technicalReport/resultNFavia.png> <D:/fileRepository/D
RTpaper/technicalReport/resultTavia.png>] [21 <D:/fileRepository/DRTpaper/techn
icalReport/resultFchina.png> <D:/fileRepository/DRTpaper/technicalReport/result
NFchina.png> <D:/fileRepository/DRTpaper/technicalReport/resultTchina.png>] [22
 <D:/fileRepository/DRTpaper/technicalReport/resultFparking.png> <D:/fileReposi
tory/DRTpaper/technicalReport/resultNFparking.png> <D:/fileRepository/DRTpaper/
technicalReport/resultTparking.png>] [23 <D:/fileRepository/DRTpaper/technicalR
eport/trendfavia.png> <D:/fileRepository/DRTpaper/technicalReport/trendnfavia.p
ng> <D:/fileRepository/DRTpaper/technicalReport/trendtavia.png>] [24 <D:/fileRe
pository/DRTpaper/technicalReport/trendfchina.png> <D:/fileRepository/DRTpaper/
technicalReport/trendnfchina.png> <D:/fileRepository/DRTpaper/technicalReport/t
rendtchina.png> <D:/fileRepository/DRTpaper/technicalReport/trendfpark.png> <D:
/fileRepository/DRTpaper/technicalReport/trendnfpark.png> <D:/fileRepository/DR
Tpaper/technicalReport/trendtpark.png>]
(D:\fileRepository\DRTpaper\technicalReport\technicalReport.bbl [25]
LaTeX Font Info:    Try loading font information for OT1+pcr on input line 106.


("F:\Program Files\CTEX\MiKTeX\tex\latex\psnfss\ot1pcr.fd"
File: ot1pcr.fd 2001/06/04 font definitions for OT1/pcr.
) [26]
Underfull \hbox (badness 1867) in paragraph at lines 110--115
[]\OT1/cmr/m/n/10 Timothy I Mur-phy.  Line s-pac-ing in la-tex doc-u-ments.  $\
OT1/pcr/m/n/10 https :$
 []


Underfull \hbox (badness 10000) in paragraph at lines 110--115
$\OT1/pcr/m/n/10 / / baike . baidu . com / item / %E8 % 81 % 94 % E9 % 80 % 9A3
G / 5882691 ?$
 []


Underfull \hbox (badness 3439) in paragraph at lines 117--121
[]\OT1/cmr/m/n/10 MICHAEL P. PA-PA-ZOGLOU, PAO-LO TRAVER-SO, SCHAHRAM
 []

) [27] (D:\fileRepository\DRTpaper\technicalReport\technicalReport.aux) ) 
Here is how much of TeX's memory you used:
 12835 strings out of 495354
 206036 string characters out of 3183075
 327759 words of memory out of 3000000
 15657 multiletter control sequences out of 15000+200000
 61933 words of font info for 211 fonts, out of 3000000 for 9000
 14 hyphenation exceptions out of 8191
 44i,12n,49p,996b,934s stack positions out of 5000i,500n,10000p,200000b,50000s
{F:/Pr
ogram Files/CTEX/MiKTeX/fonts/enc/dvips/fontname/8r.enc}<C:/windows/Fonts/simsu
n.ttc><C:/windows/Fonts/simsun.ttc><C:/windows/Fonts/simhei.ttf><C:/windows/Fon
ts/simhei.ttf><C:/windows/Fonts/simhei.ttf><C:/windows/Fonts/simhei.ttf><C:/win
dows/Fonts/simhei.ttf><C:/windows/Fonts/simhei.ttf><C:/windows/Fonts/simhei.ttf
><C:/windows/Fonts/simhei.ttf><C:/windows/Fonts/simhei.ttf><C:/windows/Fonts/si
mhei.ttf><C:/windows/Fonts/simhei.ttf><C:/windows/Fonts/simhei.ttf><C:/windows/
Fonts/simhei.ttf><C:/windows/Fonts/simsun.ttc><C:/windows/Fonts/simhei.ttf><C:/
windows/Fonts/simhei.ttf><C:/windows/Fonts/simhei.ttf><C:/windows/Fonts/simhei.
ttf><C:/windows/Fonts/simhei.ttf><C:/windows/Fonts/simhei.ttf><C:/windows/Fonts
/simhei.ttf><C:/windows/Fonts/simsun.ttc><C:/windows/Fonts/simsun.ttc><C:/windo
ws/Fonts/simsun.ttc><C:/windows/Fonts/simhei.ttf><C:/windows/Fonts/simhei.ttf><
C:/windows/Fonts/simhei.ttf><C:/windows/Fonts/simhei.ttf><C:/windows/Fonts/sims
un.ttc><C:/windows/Fonts/simsun.ttc><C:/windows/Fonts/simsun.ttc><C:/windows/Fo
nts/simsun.ttc><C:/windows/Fonts/simsun.ttc><C:/windows/Fonts/simsun.ttc><C:/wi
ndows/Fonts/simsun.ttc><C:/windows/Fonts/simsun.ttc><C:/windows/Fonts/simsun.tt
c><C:/windows/Fonts/simsun.ttc><C:/windows/Fonts/simsun.ttc><C:/windows/Fonts/s
imsun.ttc><C:/windows/Fonts/simsun.ttc><C:/windows/Fonts/simsun.ttc><C:/windows
/Fonts/simsun.ttc><C:/windows/Fonts/simsun.ttc><C:/windows/Fonts/simsun.ttc><C:
/windows/Fonts/simsun.ttc><C:/windows/Fonts/simsun.ttc><C:/windows/Fonts/simhei
.ttf><C:/windows/Fonts/simhei.ttf><C:/windows/Fonts/simsun.ttc><C:/windows/Font
s/simsun.ttc><C:/windows/Fonts/simsun.ttc><C:/windows/Fonts/simsun.ttc><C:/wind
ows/Fonts/simsun.ttc><C:/windows/Fonts/simsun.ttc><C:/windows/Fonts/simsun.ttc>
<C:/windows/Fonts/simsun.ttc><C:/windows/Fonts/simsun.ttc><C:/windows/Fonts/sim
sun.ttc><F:/Program Files/CTEX/MiKTeX/fonts/type1/public/amsfonts/cm/cmbx10.pfb
><F:/Program Files/CTEX/MiKTeX/fonts/type1/public/amsfonts/cm/cmbx12.pfb><F:/Pr
ogram Files/CTEX/MiKTeX/fonts/type1/public/amsfonts/cm/cmcsc10.pfb><F:/Program 
Files/CTEX/MiKTeX/fonts/type1/public/amsfonts/cm/cmex10.pfb><F:/Program Files/C
TEX/MiKTeX/fonts/type1/public/amsfonts/cm/cmmi10.pfb><F:/Program Files/CTEX/MiK
TeX/fonts/type1/public/amsfonts/cm/cmmi12.pfb><F:/Program Files/CTEX/MiKTeX/fon
ts/type1/public/amsfonts/cm/cmmi5.pfb><F:/Program Files/CTEX/MiKTeX/fonts/type1
/public/amsfonts/cm/cmmi7.pfb><F:/Program Files/CTEX/MiKTeX/fonts/type1/public/
amsfonts/cm/cmmi9.pfb><F:/Program Files/CTEX/MiKTeX/fonts/type1/public/amsfonts
/cm/cmr10.pfb><F:/Program Files/CTEX/MiKTeX/fonts/type1/public/amsfonts/cm/cmr1
2.pfb><F:/Program Files/CTEX/MiKTeX/fonts/type1/public/amsfonts/cm/cmr5.pfb><F:
/Program Files/CTEX/MiKTeX/fonts/type1/public/amsfonts/cm/cmr7.pfb><F:/Program 
Files/CTEX/MiKTeX/fonts/type1/public/amsfonts/cm/cmr8.pfb><F:/Program Files/CTE
X/MiKTeX/fonts/type1/public/amsfonts/cm/cmr9.pfb><F:/Program Files/CTEX/MiKTeX/
fonts/type1/public/amsfonts/cm/cmsy10.pfb><F:/Program Files/CTEX/MiKTeX/fonts/t
ype1/public/amsfonts/cm/cmsy7.pfb><F:/Program Files/CTEX/MiKTeX/fonts/type1/pub
lic/amsfonts/cm/cmti10.pfb><F:/Program Files/CTEX/MiKTeX/fonts/type1/public/ams
fonts/cm/cmti12.pfb><F:/Program Files/CTEX/MiKTeX/fonts/type1/urw/courier/ucrr8
a.pfb>
Output written on technicalReport.pdf (28 pages, 2392569 bytes).
PDF statistics:
 453 PDF objects out of 1000 (max. 8388607)
 0 named destinations out of 1000 (max. 500000)
 111 words of extra memory for PDF output out of 10000 (max. 10000000)

