This is pdfTeX, Version 3.1415926-2.3-1.40.12 (MiKTeX 2.9) (preloaded format=pdflatex 2018.1.16)  29 JAN 2018 14:58
entering extended mode
**D:/fileRepository/APT-paper/ËÆ∫Êñálatx‰ª£Á†Å/APT.tex
(D:/fileRepository/APT-paper/ËÆ∫Êñálatx‰ª£Á†Å/APT.tex
LaTeX2e <2011/06/27>
Babel <v3.8m> and hyphenation patterns for loaded.
(D:\fileRepository\APT-paper\ËÆ∫Êñálatx‰ª£Á†Å\IEEEtran.cls
Document Class: IEEEtran 2014/09/17 V1.8a by Michael Shell
-- See the "IEEEtran_HOWTO" manual for usage information.
-- http://www.michaelshell.org/tex/ieeetran/
\@IEEEtrantmpdimenA=\dimen102
\@IEEEtrantmpdimenB=\dimen103
\@IEEEtrantmpdimenC=\dimen104
\@IEEEtrantmpcountA=\count79
\@IEEEtrantmpcountB=\count80
\@IEEEtrantmpcountC=\count81
\@IEEEtrantmptoksA=\toks14
LaTeX Font Info:    Try loading font information for OT1+ptm on input line 458.

("F:\Program Files\CTEX\MiKTeX\tex\latex\psnfss\ot1ptm.fd"
File: ot1ptm.fd 2001/06/04 font definitions for OT1/ptm.
)
-- Using 8.5in x 11in (letter) paper.
-- Using PDF output.
\@IEEEnormalsizeunitybaselineskip=\dimen105
-- This is a 10 point document.
\CLASSINFOnormalsizebaselineskip=\dimen106
\CLASSINFOnormalsizeunitybaselineskip=\dimen107
\IEEEnormaljot=\dimen108
LaTeX Font Info:    Font shape `OT1/ptm/bx/n' in size <5> not available
(Font)              Font shape `OT1/ptm/b/n' tried instead on input line 1039.
LaTeX Font Info:    Font shape `OT1/ptm/bx/it' in size <5> not available
(Font)              Font shape `OT1/ptm/b/it' tried instead on input line 1039.

LaTeX Font Info:    Font shape `OT1/ptm/bx/n' in size <7> not available
(Font)              Font shape `OT1/ptm/b/n' tried instead on input line 1039.
LaTeX Font Info:    Font shape `OT1/ptm/bx/it' in size <7> not available
(Font)              Font shape `OT1/ptm/b/it' tried instead on input line 1039.

LaTeX Font Info:    Font shape `OT1/ptm/bx/n' in size <8> not available
(Font)              Font shape `OT1/ptm/b/n' tried instead on input line 1039.
LaTeX Font Info:    Font shape `OT1/ptm/bx/it' in size <8> not available
(Font)              Font shape `OT1/ptm/b/it' tried instead on input line 1039.

LaTeX Font Info:    Font shape `OT1/ptm/bx/n' in size <9> not available
(Font)              Font shape `OT1/ptm/b/n' tried instead on input line 1039.
LaTeX Font Info:    Font shape `OT1/ptm/bx/it' in size <9> not available
(Font)              Font shape `OT1/ptm/b/it' tried instead on input line 1039.

LaTeX Font Info:    Font shape `OT1/ptm/bx/n' in size <10> not available
(Font)              Font shape `OT1/ptm/b/n' tried instead on input line 1039.
LaTeX Font Info:    Font shape `OT1/ptm/bx/it' in size <10> not available
(Font)              Font shape `OT1/ptm/b/it' tried instead on input line 1039.

LaTeX Font Info:    Font shape `OT1/ptm/bx/n' in size <11> not available
(Font)              Font shape `OT1/ptm/b/n' tried instead on input line 1039.
LaTeX Font Info:    Font shape `OT1/ptm/bx/it' in size <11> not available
(Font)              Font shape `OT1/ptm/b/it' tried instead on input line 1039.

LaTeX Font Info:    Font shape `OT1/ptm/bx/n' in size <12> not available
(Font)              Font shape `OT1/ptm/b/n' tried instead on input line 1039.
LaTeX Font Info:    Font shape `OT1/ptm/bx/it' in size <12> not available
(Font)              Font shape `OT1/ptm/b/it' tried instead on input line 1039.

LaTeX Font Info:    Font shape `OT1/ptm/bx/n' in size <17> not available
(Font)              Font shape `OT1/ptm/b/n' tried instead on input line 1039.
LaTeX Font Info:    Font shape `OT1/ptm/bx/it' in size <17> not available
(Font)              Font shape `OT1/ptm/b/it' tried instead on input line 1039.

LaTeX Font Info:    Font shape `OT1/ptm/bx/n' in size <20> not available
(Font)              Font shape `OT1/ptm/b/n' tried instead on input line 1039.
LaTeX Font Info:    Font shape `OT1/ptm/bx/it' in size <20> not available
(Font)              Font shape `OT1/ptm/b/it' tried instead on input line 1039.

LaTeX Font Info:    Font shape `OT1/ptm/bx/n' in size <24> not available
(Font)              Font shape `OT1/ptm/b/n' tried instead on input line 1039.
LaTeX Font Info:    Font shape `OT1/ptm/bx/it' in size <24> not available
(Font)              Font shape `OT1/ptm/b/it' tried instead on input line 1039.

\IEEEquantizedlength=\dimen109
\IEEEquantizedlengthdiff=\dimen110
\IEEEquantizedtextheightdiff=\dimen111
\IEEEilabelindentA=\dimen112
\IEEEilabelindentB=\dimen113
\IEEEilabelindent=\dimen114
\IEEEelabelindent=\dimen115
\IEEEdlabelindent=\dimen116
\IEEElabelindent=\dimen117
\IEEEiednormlabelsep=\dimen118
\IEEEiedmathlabelsep=\dimen119
\IEEEiedtopsep=\skip41
\c@section=\count82
\c@subsection=\count83
\c@subsubsection=\count84
\c@paragraph=\count85
\c@IEEEsubequation=\count86
\abovecaptionskip=\skip42
\belowcaptionskip=\skip43
\c@figure=\count87
\c@table=\count88
\@IEEEeqnnumcols=\count89
\@IEEEeqncolcnt=\count90
\@IEEEsubeqnnumrollback=\count91
\@IEEEquantizeheightA=\dimen120
\@IEEEquantizeheightB=\dimen121
\@IEEEquantizeheightC=\dimen122
\@IEEEquantizeprevdepth=\dimen123
\@IEEEquantizemultiple=\count92
\@IEEEquantizeboxA=\box26
\@IEEEtmpitemindent=\dimen124
\c@IEEEbiography=\count93
\@IEEEtranrubishbin=\box27
) ("F:\Program Files\CTEX\MiKTeX\tex\latex\algorithms\algorithm.sty"
Package: algorithm 2009/08/24 v0.1 Document Style `algorithm' - floating enviro
nment

("F:\Program Files\CTEX\MiKTeX\tex\latex\float\float.sty"
Package: float 2001/11/08 v1.3d Float enhancements (AL)
\c@float@type=\count94
\float@exts=\toks15
\float@box=\box28
\@float@everytoks=\toks16
\@floatcapt=\box29
)
("F:\Program Files\CTEX\MiKTeX\tex\latex\base\ifthen.sty"
Package: ifthen 2001/05/26 v1.1c Standard LaTeX ifthen package (DPC)
)
\@float@every@algorithm=\toks17
\c@algorithm=\count95
)
("F:\Program Files\CTEX\MiKTeX\tex\latex\algorithms\algorithmic.sty"
Package: algorithmic 2009/08/24 v0.1 Document Style `algorithmic'

("F:\Program Files\CTEX\MiKTeX\tex\latex\graphics\keyval.sty"
Package: keyval 1999/03/16 v1.13 key=value parser (DPC)
\KV@toks@=\toks18
)
\c@ALC@unique=\count96
\c@ALC@line=\count97
\c@ALC@rem=\count98
\c@ALC@depth=\count99
\ALC@tlm=\skip44
\algorithmicindent=\skip45
)
("F:\Program Files\CTEX\MiKTeX\tex\latex\amsfonts\amssymb.sty"
Package: amssymb 2009/06/22 v3.00

("F:\Program Files\CTEX\MiKTeX\tex\latex\amsfonts\amsfonts.sty"
Package: amsfonts 2009/06/22 v3.00 Basic AMSFonts support
\@emptytoks=\toks19
\symAMSa=\mathgroup4
\symAMSb=\mathgroup5
LaTeX Font Info:    Overwriting math alphabet `\mathfrak' in version `bold'
(Font)                  U/euf/m/n --> U/euf/b/n on input line 96.
))
("F:\Program Files\CTEX\MiKTeX\tex\latex\ams\math\amsmath.sty"
Package: amsmath 2000/07/18 v2.13 AMS math features
\@mathmargin=\skip46

For additional information on amsmath, use the `?' option.
("F:\Program Files\CTEX\MiKTeX\tex\latex\ams\math\amstext.sty"
Package: amstext 2000/06/29 v2.01

("F:\Program Files\CTEX\MiKTeX\tex\latex\ams\math\amsgen.sty"
File: amsgen.sty 1999/11/30 v2.0
\@emptytoks=\toks20
\ex@=\dimen125
))
("F:\Program Files\CTEX\MiKTeX\tex\latex\ams\math\amsbsy.sty"
Package: amsbsy 1999/11/29 v1.2d
\pmbraise@=\dimen126
)
("F:\Program Files\CTEX\MiKTeX\tex\latex\ams\math\amsopn.sty"
Package: amsopn 1999/12/14 v2.01 operator names
)
\inf@bad=\count100
LaTeX Info: Redefining \frac on input line 211.
\uproot@=\count101
\leftroot@=\count102
LaTeX Info: Redefining \overline on input line 307.
\classnum@=\count103
\DOTSCASE@=\count104
LaTeX Info: Redefining \ldots on input line 379.
LaTeX Info: Redefining \dots on input line 382.
LaTeX Info: Redefining \cdots on input line 467.
\Mathstrutbox@=\box30
\strutbox@=\box31
\big@size=\dimen127
LaTeX Font Info:    Redeclaring font encoding OML on input line 567.
LaTeX Font Info:    Redeclaring font encoding OMS on input line 568.
\macc@depth=\count105
\c@MaxMatrixCols=\count106
\dotsspace@=\muskip10
\c@parentequation=\count107
\dspbrk@lvl=\count108
\tag@help=\toks21
\row@=\count109
\column@=\count110
\maxfields@=\count111
\andhelp@=\toks22
\eqnshift@=\dimen128
\alignsep@=\dimen129
\tagshift@=\dimen130
\tagwidth@=\dimen131
\totwidth@=\dimen132
\lineht@=\dimen133
\@envbody=\toks23
\multlinegap=\skip47
\multlinetaggap=\skip48
\mathdisplay@stack=\toks24
LaTeX Info: Redefining \[ on input line 2666.
LaTeX Info: Redefining \] on input line 2667.
)
("F:\Program Files\CTEX\MiKTeX\tex\latex\graphics\color.sty"
Package: color 2005/11/14 v1.0j Standard LaTeX Color (DPC)

("F:\Program Files\CTEX\MiKTeX\tex\latex\00miktex\color.cfg"
File: color.cfg 2007/01/18 v1.5 color configuration of teTeX/TeXLive
)
Package color Info: Driver file: pdftex.def on input line 130.

("F:\Program Files\CTEX\MiKTeX\tex\latex\pdftex-def\pdftex.def"
File: pdftex.def 2011/05/27 v0.06d Graphics/color for pdfTeX

("F:\Program Files\CTEX\MiKTeX\tex\generic\oberdiek\infwarerr.sty"
Package: infwarerr 2010/04/08 v1.3 Providing info/warning/message (HO)
)
("F:\Program Files\CTEX\MiKTeX\tex\generic\oberdiek\ltxcmds.sty"
Package: ltxcmds 2011/04/18 v1.20 LaTeX kernel commands for general use (HO)
)
\Gread@gobject=\count112
))
("F:\Program Files\CTEX\MiKTeX\tex\latex\graphics\graphicx.sty"
Package: graphicx 1999/02/16 v1.0f Enhanced LaTeX Graphics (DPC,SPQR)

("F:\Program Files\CTEX\MiKTeX\tex\latex\graphics\graphics.sty"
Package: graphics 2009/02/05 v1.0o Standard LaTeX Graphics (DPC,SPQR)

("F:\Program Files\CTEX\MiKTeX\tex\latex\graphics\trig.sty"
Package: trig 1999/03/16 v1.09 sin cos tan (DPC)
)
("F:\Program Files\CTEX\MiKTeX\tex\latex\00miktex\graphics.cfg"
File: graphics.cfg 2007/01/18 v1.5 graphics configuration of teTeX/TeXLive
)
Package graphics Info: Driver file: pdftex.def on input line 91.
)
\Gin@req@height=\dimen134
\Gin@req@width=\dimen135
)
(D:\fileRepository\APT-paper\ËÆ∫Êñálatx‰ª£Á†Å\APT.aux)
LaTeX Font Info:    Checking defaults for OML/cmm/m/it on input line 14.
LaTeX Font Info:    ... okay on input line 14.
LaTeX Font Info:    Checking defaults for T1/cmr/m/n on input line 14.
LaTeX Font Info:    ... okay on input line 14.
LaTeX Font Info:    Checking defaults for OT1/cmr/m/n on input line 14.
LaTeX Font Info:    ... okay on input line 14.
LaTeX Font Info:    Checking defaults for OMS/cmsy/m/n on input line 14.
LaTeX Font Info:    ... okay on input line 14.
LaTeX Font Info:    Checking defaults for OMX/cmex/m/n on input line 14.
LaTeX Font Info:    ... okay on input line 14.
LaTeX Font Info:    Checking defaults for U/cmr/m/n on input line 14.
LaTeX Font Info:    ... okay on input line 14.

-- Lines per column: 58 (exact).
("F:\Program Files\CTEX\MiKTeX\tex\context\base\supp-pdf.mkii"
[Loading MPS to PDF converter (version 2006.09.02).]
\scratchcounter=\count113
\scratchdimen=\dimen136
\scratchbox=\box32
\nofMPsegments=\count114
\nofMParguments=\count115
\everyMPshowfont=\toks25
\MPscratchCnt=\count116
\MPscratchDim=\dimen137
\MPnumerator=\count117
\makeMPintoPDFobject=\count118
\everyMPtoPDFconversion=\toks26
)
LaTeX Font Info:    Font shape `OT1/ptm/bx/sl' in size <9> not available
(Font)              Font shape `OT1/ptm/b/sl' tried instead on input line 38.
LaTeX Font Info:    Try loading font information for U+msa on input line 61.
 ("F:\Program Files\CTEX\MiKTeX\tex\latex\amsfonts\umsa.fd"
File: umsa.fd 2009/06/22 v3.00 AMS symbols A
)
LaTeX Font Info:    Try loading font information for U+msb on input line 61.

("F:\Program Files\CTEX\MiKTeX\tex\latex\amsfonts\umsb.fd"
File: umsb.fd 2009/06/22 v3.00 AMS symbols B
)
Overfull \hbox (0.88809pt too wide) in paragraph at lines 63--75
[][] 
 []


Overfull \hbox (4.03455pt too wide) in paragraph at lines 78--90
[][] 
 []

[1{F:/Program Files/CTEX/UserData/pdftex/config/pdftex.map{Unicode.sfd}{UGBK.sf
d}}


] [2]
Underfull \hbox (badness 10000) in paragraph at lines 251--252
[] []\OT1/ptm/m/n/10 Select a par-ti-tion $\OML/cmm/m/it/10 c[]$ \OT1/ptm/m/n/1
0 ac-cord-ing to pro-file
 []

[3]
Underfull \hbox (badness 7613) in paragraph at lines 335--336
[] []\OT1/ptm/m/n/10 Select a par-ti-tion $\OML/cmm/m/it/10 c[]$ \OT1/ptm/m/n/1
0 ac-cord-ing to the pro-file
 []

LaTeX Font Info:    Try loading font information for OT1+pcr on input line 379.

("F:\Program Files\CTEX\MiKTeX\tex\latex\psnfss\ot1pcr.fd"
File: ot1pcr.fd 2001/06/04 font definitions for OT1/pcr.
) [4] [5]
<grepF.pdf, id=30, 845.1575pt x 597.23125pt>
File: grepF.pdf Graphic file (type pdf)
 <use grepF.pdf>
Package pdftex.def Info: grepF.pdf used on input line 573.
(pdftex.def)             Requested size: 258.0pt x 182.31474pt.

<gzipF.pdf, id=31, 845.1575pt x 597.23125pt>
File: gzipF.pdf Graphic file (type pdf)
 <use gzipF.pdf>
Package pdftex.def Info: gzipF.pdf used on input line 575.
(pdftex.def)             Requested size: 258.0pt x 182.31474pt.

<makeF.pdf, id=32, 845.1575pt x 597.23125pt>
File: makeF.pdf Graphic file (type pdf)
 <use makeF.pdf>
Package pdftex.def Info: makeF.pdf used on input line 577.
(pdftex.def)             Requested size: 258.0pt x 182.31474pt.

Overfull \hbox (6.0pt too wide) in paragraph at lines 573--579
 [][] 
 []


Overfull \hbox (6.0pt too wide) in paragraph at lines 573--579
 [] 
 []


Overfull \hbox (6.0pt too wide) in paragraph at lines 573--579
 [] 
 []

<grepF2.pdf, id=33, 845.1575pt x 597.23125pt>
File: grepF2.pdf Graphic file (type pdf)
 <use grepF2.pdf>
Package pdftex.def Info: grepF2.pdf used on input line 585.
(pdftex.def)             Requested size: 258.0pt x 182.31474pt.

<gzipF2.pdf, id=34, 845.1575pt x 597.23125pt>
File: gzipF2.pdf Graphic file (type pdf)
 <use gzipF2.pdf>
Package pdftex.def Info: gzipF2.pdf used on input line 587.
(pdftex.def)             Requested size: 258.0pt x 182.31474pt.

<makeF2.pdf, id=35, 845.1575pt x 597.23125pt>
File: makeF2.pdf Graphic file (type pdf)
 <use makeF2.pdf>
Package pdftex.def Info: makeF2.pdf used on input line 589.
(pdftex.def)             Requested size: 258.0pt x 182.31474pt.

Overfull \hbox (6.0pt too wide) in paragraph at lines 585--591
 [][] 
 []


Overfull \hbox (6.0pt too wide) in paragraph at lines 585--591
 [] 
 []


Overfull \hbox (6.0pt too wide) in paragraph at lines 585--591
 [] 
 []

[6 <D:/fileRepository/APT-paper/ËÆ∫Êñálatx‰ª£Á†Å/grepF.pdf, page is rotated 90 
degrees> <D:/fileRepository/APT-paper/ËÆ∫Êñálatx‰ª£Á†Å/gzipF.pdf, page is rotat
ed 90 degrees> <D:/fileRepository/APT-paper/ËÆ∫Êñálatx‰ª£Á†Å/makeF.pdf, page is
 rotated 90 degrees>] [7]
Overfull \hbox (1.05566pt too wide) in paragraph at lines 633--660
 [][] 
 []

<grepT.pdf, id=76, 845.1575pt x 597.23125pt>
File: grepT.pdf Graphic file (type pdf)
 <use grepT.pdf>
Package pdftex.def Info: grepT.pdf used on input line 718.
(pdftex.def)             Requested size: 258.0pt x 182.31474pt.

<gzipT.pdf, id=77, 845.1575pt x 597.23125pt>
File: gzipT.pdf Graphic file (type pdf)
 <use gzipT.pdf>
Package pdftex.def Info: gzipT.pdf used on input line 720.
(pdftex.def)             Requested size: 258.0pt x 182.31474pt.

<makeT.pdf, id=78, 845.1575pt x 597.23125pt>
File: makeT.pdf Graphic file (type pdf)
 <use makeT.pdf>
Package pdftex.def Info: makeT.pdf used on input line 722.
(pdftex.def)             Requested size: 258.0pt x 182.31474pt.

Overfull \hbox (6.0pt too wide) in paragraph at lines 718--724
 [][] 
 []


Overfull \hbox (6.0pt too wide) in paragraph at lines 718--724
 [] 
 []


Overfull \hbox (6.0pt too wide) in paragraph at lines 718--724
 [] 
 []

<grepT2.pdf, id=79, 845.1575pt x 597.23125pt>
File: grepT2.pdf Graphic file (type pdf)
 <use grepT2.pdf>
Package pdftex.def Info: grepT2.pdf used on input line 730.
(pdftex.def)             Requested size: 258.0pt x 182.31474pt.

<gzipT2.pdf, id=80, 845.1575pt x 597.23125pt>
File: gzipT2.pdf Graphic file (type pdf)
 <use gzipT2.pdf>
Package pdftex.def Info: gzipT2.pdf used on input line 732.
(pdftex.def)             Requested size: 258.0pt x 182.31474pt.

<makeT2.pdf, id=81, 845.1575pt x 597.23125pt>
File: makeT2.pdf Graphic file (type pdf)
 <use makeT2.pdf>
Package pdftex.def Info: makeT2.pdf used on input line 734.
(pdftex.def)             Requested size: 258.0pt x 182.31474pt.

Overfull \hbox (6.0pt too wide) in paragraph at lines 730--736
 [][] 
 []


Overfull \hbox (6.0pt too wide) in paragraph at lines 730--736
 [] 
 []


Overfull \hbox (6.0pt too wide) in paragraph at lines 730--736
 [] 
 []

[8 <D:/fileRepository/APT-paper/ËÆ∫Êñálatx‰ª£Á†Å/grepF2.pdf, page is rotated 90
 degrees> <D:/fileRepository/APT-paper/ËÆ∫Êñálatx‰ª£Á†Å/gzipF2.pdf, page is rot
ated 90 degrees> <D:/fileRepository/APT-paper/ËÆ∫Êñálatx‰ª£Á†Å/makeF2.pdf, page
 is rotated 90 degrees>] [9] [10 <D:/fileRepository/APT-paper/ËÆ∫Êñálatx‰ª£Á†Å/
grepT.pdf, page is rotated 90 degrees> <D:/fileRepository/APT-paper/ËÆ∫Êñálatx‰
ª£Á†Å/gzipT.pdf, page is rotated 90 degrees> <D:/fileRepository/APT-paper/ËÆ∫Êñ
álatx‰ª£Á†Å/makeT.pdf, page is rotated 90 degrees> <D:/fileRepository/APT-paper
/ËÆ∫Êñálatx‰ª£Á†Å/grepT2.pdf, page is rotated 90 degrees> <D:/fileRepository/AP
T-paper/ËÆ∫Êñálatx‰ª£Á†Å/gzipT2.pdf, page is rotated 90 degrees> <D:/fileReposi
tory/APT-paper/ËÆ∫Êñálatx‰ª£Á†Å/makeT2.pdf, page is rotated 90 degrees>]
[11] (D:\fileRepository\APT-paper\ËÆ∫Êñálatx‰ª£Á†Å\APT.bbl [12]) [13

]
(D:\fileRepository\APT-paper\ËÆ∫Êñálatx‰ª£Á†Å\APT.aux) ) 
Here is how much of TeX's memory you used:
 3332 strings out of 495354
 47403 string characters out of 3183075
 168438 words of memory out of 3000000
 6442 multiletter control sequences out of 15000+200000
 52055 words of font info for 102 fonts, out of 3000000 for 9000
 17 hyphenation exceptions out of 8191
 27i,23n,24p,1557b,484s stack positions out of 5000i,500n,10000p,200000b,50000s
{F:/Program Files/CTEX/
MiKTeX/fonts/enc/dvips/fontname/8r.enc}<F:/Program Files/CTEX/MiKTeX/fonts/type
1/public/amsfonts/cm/cmex10.pfb><F:/Program Files/CTEX/MiKTeX/fonts/type1/publi
c/amsfonts/cm/cmmi10.pfb><F:/Program Files/CTEX/MiKTeX/fonts/type1/public/amsfo
nts/cm/cmmi6.pfb><F:/Program Files/CTEX/MiKTeX/fonts/type1/public/amsfonts/cm/c
mmi7.pfb><F:/Program Files/CTEX/MiKTeX/fonts/type1/public/amsfonts/cm/cmmi8.pfb
><F:/Program Files/CTEX/MiKTeX/fonts/type1/public/amsfonts/cm/cmr10.pfb><F:/Pro
gram Files/CTEX/MiKTeX/fonts/type1/public/amsfonts/cm/cmr7.pfb><F:/Program File
s/CTEX/MiKTeX/fonts/type1/public/amsfonts/cm/cmr8.pfb><F:/Program Files/CTEX/Mi
KTeX/fonts/type1/public/amsfonts/cm/cmsy10.pfb><F:/Program Files/CTEX/MiKTeX/fo
nts/type1/public/amsfonts/cm/cmsy7.pfb><F:/Program Files/CTEX/MiKTeX/fonts/type
1/urw/courier/ucrr8a.pfb><F:/Program Files/CTEX/MiKTeX/fonts/type1/urw/times/ut
mb8a.pfb><F:/Program Files/CTEX/MiKTeX/fonts/type1/urw/times/utmb8a.pfb><F:/Pro
gram Files/CTEX/MiKTeX/fonts/type1/urw/times/utmbi8a.pfb><F:/Program Files/CTEX
/MiKTeX/fonts/type1/urw/times/utmr8a.pfb><F:/Program Files/CTEX/MiKTeX/fonts/ty
pe1/urw/times/utmri8a.pfb>
Output written on APT.pdf (13 pages, 496995 bytes).
PDF statistics:
 242 PDF objects out of 1000 (max. 8388607)
 0 named destinations out of 1000 (max. 500000)
 61 words of extra memory for PDF output out of 10000 (max. 10000000)

